<?xml version="1.0" encoding="UTF-8"?>
<!-- Generated by org.testng.reporters.JUnitXMLReporter -->
<testsuite ignored="0" hostname="LBNL03409" failures="5" tests="70" name="Default test" time="358.214" errors="0" timestamp="24 mei 2018 12:02:25 GMT">
  <testcase classname="testcases.TestLogin" name="correctLogin" time="3.217"/>
  <testcase classname="testcases.TestLogin" name="wrongLogin" time="3.639"/>
  <testcase classname="testcases.TestNavigation" name="createModifyTicket" time="0.045">
    <failure type="java.lang.StackOverflowError">
      <![CDATA[java.lang.StackOverflowError
at utilities.NavigationTree.clickButton(NavigationTree.java:87)
at utilities.NavigationTree.clickButton(NavigationTree.java:95)
at utilities.NavigationTree.clickButton(NavigationTree.java:95)
at utilities.NavigationTree.clickButton(NavigationTree.java:95)
at utilities.NavigationTree.clickButton(NavigationTree.java:95)
at utilities.NavigationTree.clickButton(NavigationTree.java:95)
at utilities.NavigationTree.clickButton(NavigationTree.java:95)
at utilities.NavigationTree.clickButton(NavigationTree.java:95)
at utilities.NavigationTree.clickButton(NavigationTree.java:95)
at utilities.NavigationTree.clickButton(NavigationTree.java:95)
at utilities.NavigationTree.clickButton(NavigationTree.java:95)
at utilities.NavigationTree.clickButton(NavigationTree.java:95)
at utilities.NavigationTree.clickButton(NavigationTree.java:95)
at utilities.NavigationTree.clickButton(NavigationTree.java:95)
at utilities.NavigationTree.clickButton(NavigationTree.java:95)
at utilities.NavigationTree.clickButton(NavigationTree.java:95)
at utilities.NavigationTree.clickButton(NavigationTree.java:95)
at utilities.NavigationTree.clickButton(NavigationTree.java:95)
at utilities.NavigationTree.clickButton(NavigationTree.java:95)
at utilities.NavigationTree.clickButton(NavigationTree.java:95)
at utilities.NavigationTree.clickButton(NavigationTree.java:95)
at utilities.NavigationTree.clickButton(NavigationTree.java:95)
at utilities.NavigationTree.clickButton(NavigationTree.java:95)
at utilities.NavigationTree.clickButton(NavigationTree.java:95)
at utilities.NavigationTree.clickButton(NavigationTree.java:95)
at utilities.NavigationTree.clickButton(NavigationTree.java:95)
at utilities.NavigationTree.clickButton(NavigationTree.java:95)
at utilities.NavigationTree.clickButton(NavigationTree.java:95)
at utilities.NavigationTree.clickButton(NavigationTree.java:95)
at utilities.NavigationTree.clickButton(NavigationTree.java:95)
at utilities.NavigationTree.clickButton(NavigationTree.java:95)
at utilities.NavigationTree.clickButton(NavigationTree.java:95)
at utilities.NavigationTree.clickButton(NavigationTree.java:95)
at utilities.NavigationTree.clickButton(NavigationTree.java:95)
at utilities.NavigationTree.clickButton(NavigationTree.java:95)
at utilities.NavigationTree.clickButton(NavigationTree.java:95)
at utilities.NavigationTree.clickButton(NavigationTree.java:95)
at utilities.NavigationTree.clickButton(NavigationTree.java:95)
at utilities.NavigationTree.clickButton(NavigationTree.java:95)
at utilities.NavigationTree.clickButton(NavigationTree.java:95)
at utilities.NavigationTree.clickButton(NavigationTree.java:95)
at utilities.NavigationTree.clickButton(NavigationTree.java:95)
at utilities.NavigationTree.clickButton(NavigationTree.java:95)
at utilities.NavigationTree.clickButton(NavigationTree.java:95)
at utilities.NavigationTree.clickButton(NavigationTree.java:95)
at utilities.NavigationTree.clickButton(NavigationTree.java:95)
at utilities.NavigationTree.clickButton(NavigationTree.java:95)
at utilities.NavigationTree.clickButton(NavigationTree.java:95)
at utilities.NavigationTree.clickButton(NavigationTree.java:95)
at utilities.NavigationTree.clickButton(NavigationTree.java:95)
at utilities.NavigationTree.clickButton(NavigationTree.java:95)
at utilities.NavigationTree.clickButton(NavigationTree.java:95)
at utilities.NavigationTree.clickButton(NavigationTree.java:95)
at utilities.NavigationTree.clickButton(NavigationTree.java:95)
at utilities.NavigationTree.clickButton(NavigationTree.java:95)
at utilities.NavigationTree.clickButton(NavigationTree.java:95)
at utilities.NavigationTree.clickButton(NavigationTree.java:95)
at utilities.NavigationTree.clickButton(NavigationTree.java:95)
at utilities.NavigationTree.clickButton(NavigationTree.java:95)
at utilities.NavigationTree.clickButton(NavigationTree.java:95)
at utilities.NavigationTree.clickButton(NavigationTree.java:95)
at utilities.NavigationTree.clickButton(NavigationTree.java:95)
at utilities.NavigationTree.clickButton(NavigationTree.java:95)
at utilities.NavigationTree.clickButton(NavigationTree.java:95)
at utilities.NavigationTree.clickButton(NavigationTree.java:95)
at utilities.NavigationTree.clickButton(NavigationTree.java:95)
at utilities.NavigationTree.clickButton(NavigationTree.java:95)
at utilities.NavigationTree.clickButton(NavigationTree.java:95)
at utilities.NavigationTree.clickButton(NavigationTree.java:95)
at utilities.NavigationTree.clickButton(NavigationTree.java:95)
at utilities.NavigationTree.clickButton(NavigationTree.java:95)
at utilities.NavigationTree.clickButton(NavigationTree.java:95)
at utilities.NavigationTree.clickButton(NavigationTree.java:95)
at utilities.NavigationTree.clickButton(NavigationTree.java:95)
at utilities.NavigationTree.clickButton(NavigationTree.java:95)
at utilities.NavigationTree.clickButton(NavigationTree.java:95)
at utilities.NavigationTree.clickButton(NavigationTree.java:95)
at utilities.NavigationTree.clickButton(NavigationTree.java:95)
at utilities.NavigationTree.clickButton(NavigationTree.java:95)
at utilities.NavigationTree.clickButton(NavigationTree.java:95)
at utilities.NavigationTree.clickButton(NavigationTree.java:95)
at utilities.NavigationTree.clickButton(NavigationTree.java:95)
at utilities.NavigationTree.clickButton(NavigationTree.java:95)
at utilities.NavigationTree.clickButton(NavigationTree.java:95)
at utilities.NavigationTree.clickButton(NavigationTree.java:95)
at utilities.NavigationTree.clickButton(NavigationTree.java:95)
at utilities.NavigationTree.clickButton(NavigationTree.java:95)
at utilities.NavigationTree.clickButton(NavigationTree.java:95)
at utilities.NavigationTree.clickButton(NavigationTree.java:95)
at utilities.NavigationTree.clickButton(NavigationTree.java:95)
at utilities.NavigationTree.clickButton(NavigationTree.java:95)
at utilities.NavigationTree.clickButton(NavigationTree.java:95)
at utilities.NavigationTree.clickButton(NavigationTree.java:95)
at utilities.NavigationTree.clickButton(NavigationTree.java:95)
at utilities.NavigationTree.clickButton(NavigationTree.java:95)
at utilities.NavigationTree.clickButton(NavigationTree.java:95)
at utilities.NavigationTree.clickButton(NavigationTree.java:95)
at utilities.NavigationTree.clickButton(NavigationTree.java:95)
at utilities.NavigationTree.clickButton(NavigationTree.java:95)
at utilities.NavigationTree.clickButton(NavigationTree.java:95)
at utilities.NavigationTree.clickButton(NavigationTree.java:95)
at utilities.NavigationTree.clickButton(NavigationTree.java:95)
at utilities.NavigationTree.clickButton(NavigationTree.java:95)
at utilities.NavigationTree.clickButton(NavigationTree.java:95)
at utilities.NavigationTree.clickButton(NavigationTree.java:95)
at utilities.NavigationTree.clickButton(NavigationTree.java:95)
at utilities.NavigationTree.clickButton(NavigationTree.java:95)
at utilities.NavigationTree.clickButton(NavigationTree.java:95)
at utilities.NavigationTree.clickButton(NavigationTree.java:95)
at utilities.NavigationTree.clickButton(NavigationTree.java:95)
at utilities.NavigationTree.clickButton(NavigationTree.java:95)
at utilities.NavigationTree.clickButton(NavigationTree.java:95)
at utilities.NavigationTree.clickButton(NavigationTree.java:95)
at utilities.NavigationTree.clickButton(NavigationTree.java:95)
at utilities.NavigationTree.clickButton(NavigationTree.java:95)
at utilities.NavigationTree.clickButton(NavigationTree.java:95)
at utilities.NavigationTree.clickButton(NavigationTree.java:95)
at utilities.NavigationTree.clickButton(NavigationTree.java:95)
at utilities.NavigationTree.clickButton(NavigationTree.java:95)
at utilities.NavigationTree.clickButton(NavigationTree.java:95)
at utilities.NavigationTree.clickButton(NavigationTree.java:95)
at utilities.NavigationTree.clickButton(NavigationTree.java:95)
at utilities.NavigationTree.clickButton(NavigationTree.java:95)
at utilities.NavigationTree.clickButton(NavigationTree.java:95)
at utilities.NavigationTree.clickButton(NavigationTree.java:95)
at utilities.NavigationTree.clickButton(NavigationTree.java:95)
at utilities.NavigationTree.clickButton(NavigationTree.java:95)
at utilities.NavigationTree.clickButton(NavigationTree.java:95)
at utilities.NavigationTree.clickButton(NavigationTree.java:95)
at utilities.NavigationTree.clickButton(NavigationTree.java:95)
at utilities.NavigationTree.clickButton(NavigationTree.java:95)
at utilities.NavigationTree.clickButton(NavigationTree.java:95)
at utilities.NavigationTree.clickButton(NavigationTree.java:95)
at utilities.NavigationTree.clickButton(NavigationTree.java:95)
at utilities.NavigationTree.clickButton(NavigationTree.java:95)
at utilities.NavigationTree.clickButton(NavigationTree.java:95)
at utilities.NavigationTree.clickButton(NavigationTree.java:95)
at utilities.NavigationTree.clickButton(NavigationTree.java:95)
at utilities.NavigationTree.clickButton(NavigationTree.java:95)
at utilities.NavigationTree.clickButton(NavigationTree.java:95)
at utilities.NavigationTree.clickButton(NavigationTree.java:95)
at utilities.NavigationTree.clickButton(NavigationTree.java:95)
at utilities.NavigationTree.clickButton(NavigationTree.java:95)
at utilities.NavigationTree.clickButton(NavigationTree.java:95)
at utilities.NavigationTree.clickButton(NavigationTree.java:95)
at utilities.NavigationTree.clickButton(NavigationTree.java:95)
at utilities.NavigationTree.clickButton(NavigationTree.java:95)
at utilities.NavigationTree.clickButton(NavigationTree.java:95)
at utilities.NavigationTree.clickButton(NavigationTree.java:95)
at utilities.NavigationTree.clickButton(NavigationTree.java:95)
at utilities.NavigationTree.clickButton(NavigationTree.java:95)
at utilities.NavigationTree.clickButton(NavigationTree.java:95)
at utilities.NavigationTree.clickButton(NavigationTree.java:95)
at utilities.NavigationTree.clickButton(NavigationTree.java:95)
at utilities.NavigationTree.clickButton(NavigationTree.java:95)
at utilities.NavigationTree.clickButton(NavigationTree.java:95)
at utilities.NavigationTree.clickButton(NavigationTree.java:95)
at utilities.NavigationTree.clickButton(NavigationTree.java:95)
at utilities.NavigationTree.clickButton(NavigationTree.java:95)
at utilities.NavigationTree.clickButton(NavigationTree.java:95)
at utilities.NavigationTree.clickButton(NavigationTree.java:95)
at utilities.NavigationTree.clickButton(NavigationTree.java:95)
at utilities.NavigationTree.clickButton(NavigationTree.java:95)
at utilities.NavigationTree.clickButton(NavigationTree.java:95)
at utilities.NavigationTree.clickButton(NavigationTree.java:95)
at utilities.NavigationTree.clickButton(NavigationTree.java:95)
at utilities.NavigationTree.clickButton(NavigationTree.java:95)
at utilities.NavigationTree.clickButton(NavigationTree.java:95)
at utilities.NavigationTree.clickButton(NavigationTree.java:95)
at utilities.NavigationTree.clickButton(NavigationTree.java:95)
at utilities.NavigationTree.clickButton(NavigationTree.java:95)
at utilities.NavigationTree.clickButton(NavigationTree.java:95)
at utilities.NavigationTree.clickButton(NavigationTree.java:95)
at utilities.NavigationTree.clickButton(NavigationTree.java:95)
at utilities.NavigationTree.clickButton(NavigationTree.java:95)
at utilities.NavigationTree.clickButton(NavigationTree.java:95)
at utilities.NavigationTree.clickButton(NavigationTree.java:95)
at utilities.NavigationTree.clickButton(NavigationTree.java:95)
at utilities.NavigationTree.clickButton(NavigationTree.java:95)
at utilities.NavigationTree.clickButton(NavigationTree.java:95)
at utilities.NavigationTree.clickButton(NavigationTree.java:95)
at utilities.NavigationTree.clickButton(NavigationTree.java:95)
at utilities.NavigationTree.clickButton(NavigationTree.java:95)
at utilities.NavigationTree.clickButton(NavigationTree.java:95)
at utilities.NavigationTree.clickButton(NavigationTree.java:95)
at utilities.NavigationTree.clickButton(NavigationTree.java:95)
at utilities.NavigationTree.clickButton(NavigationTree.java:95)
at utilities.NavigationTree.clickButton(NavigationTree.java:95)
at utilities.NavigationTree.clickButton(NavigationTree.java:95)
at utilities.NavigationTree.clickButton(NavigationTree.java:95)
at utilities.NavigationTree.clickButton(NavigationTree.java:95)
at utilities.NavigationTree.clickButton(NavigationTree.java:95)
at utilities.NavigationTree.clickButton(NavigationTree.java:95)
at utilities.NavigationTree.clickButton(NavigationTree.java:95)
at utilities.NavigationTree.clickButton(NavigationTree.java:95)
at utilities.NavigationTree.clickButton(NavigationTree.java:95)
at utilities.NavigationTree.clickButton(NavigationTree.java:95)
at utilities.NavigationTree.clickButton(NavigationTree.java:95)
at utilities.NavigationTree.clickButton(NavigationTree.java:95)
at utilities.NavigationTree.clickButton(NavigationTree.java:95)
at utilities.NavigationTree.clickButton(NavigationTree.java:95)
at utilities.NavigationTree.clickButton(NavigationTree.java:95)
at utilities.NavigationTree.clickButton(NavigationTree.java:95)
at utilities.NavigationTree.clickButton(NavigationTree.java:95)
at utilities.NavigationTree.clickButton(NavigationTree.java:95)
at utilities.NavigationTree.clickButton(NavigationTree.java:95)
at utilities.NavigationTree.clickButton(NavigationTree.java:95)
at utilities.NavigationTree.clickButton(NavigationTree.java:95)
at utilities.NavigationTree.clickButton(NavigationTree.java:95)
at utilities.NavigationTree.clickButton(NavigationTree.java:95)
at utilities.NavigationTree.clickButton(NavigationTree.java:95)
at utilities.NavigationTree.clickButton(NavigationTree.java:95)
at utilities.NavigationTree.clickButton(NavigationTree.java:95)
at utilities.NavigationTree.clickButton(NavigationTree.java:95)
at utilities.NavigationTree.clickButton(NavigationTree.java:95)
at utilities.NavigationTree.clickButton(NavigationTree.java:95)
at utilities.NavigationTree.clickButton(NavigationTree.java:95)
at utilities.NavigationTree.clickButton(NavigationTree.java:95)
at utilities.NavigationTree.clickButton(NavigationTree.java:95)
at utilities.NavigationTree.clickButton(NavigationTree.java:95)
at utilities.NavigationTree.clickButton(NavigationTree.java:95)
at utilities.NavigationTree.clickButton(NavigationTree.java:95)
at utilities.NavigationTree.clickButton(NavigationTree.java:95)
at utilities.NavigationTree.clickButton(NavigationTree.java:95)
at utilities.NavigationTree.clickButton(NavigationTree.java:95)
at utilities.NavigationTree.clickButton(NavigationTree.java:95)
at utilities.NavigationTree.clickButton(NavigationTree.java:95)
at utilities.NavigationTree.clickButton(NavigationTree.java:95)
at utilities.NavigationTree.clickButton(NavigationTree.java:95)
at utilities.NavigationTree.clickButton(NavigationTree.java:95)
at utilities.NavigationTree.clickButton(NavigationTree.java:95)
at utilities.NavigationTree.clickButton(NavigationTree.java:95)
at utilities.NavigationTree.clickButton(NavigationTree.java:95)
at utilities.NavigationTree.clickButton(NavigationTree.java:95)
at utilities.NavigationTree.clickButton(NavigationTree.java:95)
at utilities.NavigationTree.clickButton(NavigationTree.java:95)
at utilities.NavigationTree.clickButton(NavigationTree.java:95)
at utilities.NavigationTree.clickButton(NavigationTree.java:95)
at utilities.NavigationTree.clickButton(NavigationTree.java:95)
at utilities.NavigationTree.clickButton(NavigationTree.java:95)
at utilities.NavigationTree.clickButton(NavigationTree.java:95)
at utilities.NavigationTree.clickButton(NavigationTree.java:95)
at utilities.NavigationTree.clickButton(NavigationTree.java:95)
at utilities.NavigationTree.clickButton(NavigationTree.java:95)
at utilities.NavigationTree.clickButton(NavigationTree.java:95)
at utilities.NavigationTree.clickButton(NavigationTree.java:95)
at utilities.NavigationTree.clickButton(NavigationTree.java:95)
at utilities.NavigationTree.clickButton(NavigationTree.java:95)
at utilities.NavigationTree.clickButton(NavigationTree.java:95)
at utilities.NavigationTree.clickButton(NavigationTree.java:95)
at utilities.NavigationTree.clickButton(NavigationTree.java:95)
at utilities.NavigationTree.clickButton(NavigationTree.java:95)
at utilities.NavigationTree.clickButton(NavigationTree.java:95)
at utilities.NavigationTree.clickButton(NavigationTree.java:95)
at utilities.NavigationTree.clickButton(NavigationTree.java:95)
at utilities.NavigationTree.clickButton(NavigationTree.java:95)
at utilities.NavigationTree.clickButton(NavigationTree.java:95)
at utilities.NavigationTree.clickButton(NavigationTree.java:95)
at utilities.NavigationTree.clickButton(NavigationTree.java:95)
at utilities.NavigationTree.clickButton(NavigationTree.java:95)
at utilities.NavigationTree.clickButton(NavigationTree.java:95)
at utilities.NavigationTree.clickButton(NavigationTree.java:95)
at utilities.NavigationTree.clickButton(NavigationTree.java:95)
at utilities.NavigationTree.clickButton(NavigationTree.java:95)
at utilities.NavigationTree.clickButton(NavigationTree.java:95)
at utilities.NavigationTree.clickButton(NavigationTree.java:95)
at utilities.NavigationTree.clickButton(NavigationTree.java:95)
at utilities.NavigationTree.clickButton(NavigationTree.java:95)
at utilities.NavigationTree.clickButton(NavigationTree.java:95)
at utilities.NavigationTree.clickButton(NavigationTree.java:95)
at utilities.NavigationTree.clickButton(NavigationTree.java:95)
at utilities.NavigationTree.clickButton(NavigationTree.java:95)
at utilities.NavigationTree.clickButton(NavigationTree.java:95)
at utilities.NavigationTree.clickButton(NavigationTree.java:95)
at utilities.NavigationTree.clickButton(NavigationTree.java:95)
at utilities.NavigationTree.clickButton(NavigationTree.java:95)
at utilities.NavigationTree.clickButton(NavigationTree.java:95)
at utilities.NavigationTree.clickButton(NavigationTree.java:95)
at utilities.NavigationTree.clickButton(NavigationTree.java:95)
at utilities.NavigationTree.clickButton(NavigationTree.java:95)
at utilities.NavigationTree.clickButton(NavigationTree.java:95)
at utilities.NavigationTree.clickButton(NavigationTree.java:95)
at utilities.NavigationTree.clickButton(NavigationTree.java:95)
at utilities.NavigationTree.clickButton(NavigationTree.java:95)
at utilities.NavigationTree.clickButton(NavigationTree.java:95)
at utilities.NavigationTree.clickButton(NavigationTree.java:95)
at utilities.NavigationTree.clickButton(NavigationTree.java:95)
at utilities.NavigationTree.clickButton(NavigationTree.java:95)
at utilities.NavigationTree.clickButton(NavigationTree.java:95)
at utilities.NavigationTree.clickButton(NavigationTree.java:95)
at utilities.NavigationTree.clickButton(NavigationTree.java:95)
at utilities.NavigationTree.clickButton(NavigationTree.java:95)
at utilities.NavigationTree.clickButton(NavigationTree.java:95)
at utilities.NavigationTree.clickButton(NavigationTree.java:95)
at utilities.NavigationTree.clickButton(NavigationTree.java:95)
at utilities.NavigationTree.clickButton(NavigationTree.java:95)
at utilities.NavigationTree.clickButton(NavigationTree.java:95)
at utilities.NavigationTree.clickButton(NavigationTree.java:95)
at utilities.NavigationTree.clickButton(NavigationTree.java:95)
at utilities.NavigationTree.clickButton(NavigationTree.java:95)
at utilities.NavigationTree.clickButton(NavigationTree.java:95)
at utilities.NavigationTree.clickButton(NavigationTree.java:95)
at utilities.NavigationTree.clickButton(NavigationTree.java:95)
at utilities.NavigationTree.clickButton(NavigationTree.java:95)
at utilities.NavigationTree.clickButton(NavigationTree.java:95)
at utilities.NavigationTree.clickButton(NavigationTree.java:95)
at utilities.NavigationTree.clickButton(NavigationTree.java:95)
at utilities.NavigationTree.clickButton(NavigationTree.java:95)
at utilities.NavigationTree.clickButton(NavigationTree.java:95)
at utilities.NavigationTree.clickButton(NavigationTree.java:95)
at utilities.NavigationTree.clickButton(NavigationTree.java:95)
at utilities.NavigationTree.clickButton(NavigationTree.java:95)
at utilities.NavigationTree.clickButton(NavigationTree.java:95)
at utilities.NavigationTree.clickButton(NavigationTree.java:95)
at utilities.NavigationTree.clickButton(NavigationTree.java:95)
at utilities.NavigationTree.clickButton(NavigationTree.java:95)
at utilities.NavigationTree.clickButton(NavigationTree.java:95)
at utilities.NavigationTree.clickButton(NavigationTree.java:95)
at utilities.NavigationTree.clickButton(NavigationTree.java:95)
at utilities.NavigationTree.clickButton(NavigationTree.java:95)
at utilities.NavigationTree.clickButton(NavigationTree.java:95)
at utilities.NavigationTree.clickButton(NavigationTree.java:95)
at utilities.NavigationTree.clickButton(NavigationTree.java:95)
at utilities.NavigationTree.clickButton(NavigationTree.java:95)
at utilities.NavigationTree.clickButton(NavigationTree.java:95)
at utilities.NavigationTree.clickButton(NavigationTree.java:95)
at utilities.NavigationTree.clickButton(NavigationTree.java:95)
at utilities.NavigationTree.clickButton(NavigationTree.java:95)
at utilities.NavigationTree.clickButton(NavigationTree.java:95)
at utilities.NavigationTree.clickButton(NavigationTree.java:95)
at utilities.NavigationTree.clickButton(NavigationTree.java:95)
at utilities.NavigationTree.clickButton(NavigationTree.java:95)
at utilities.NavigationTree.clickButton(NavigationTree.java:95)
at utilities.NavigationTree.clickButton(NavigationTree.java:95)
at utilities.NavigationTree.clickButton(NavigationTree.java:95)
at utilities.NavigationTree.clickButton(NavigationTree.java:95)
at utilities.NavigationTree.clickButton(NavigationTree.java:95)
at utilities.NavigationTree.clickButton(NavigationTree.java:95)
at utilities.NavigationTree.clickButton(NavigationTree.java:95)
at utilities.NavigationTree.clickButton(NavigationTree.java:95)
at utilities.NavigationTree.clickButton(NavigationTree.java:95)
at utilities.NavigationTree.clickButton(NavigationTree.java:95)
at utilities.NavigationTree.clickButton(NavigationTree.java:95)
at utilities.NavigationTree.clickButton(NavigationTree.java:95)
at utilities.NavigationTree.clickButton(NavigationTree.java:95)
at utilities.NavigationTree.clickButton(NavigationTree.java:95)
at utilities.NavigationTree.clickButton(NavigationTree.java:95)
at utilities.NavigationTree.clickButton(NavigationTree.java:95)
at utilities.NavigationTree.clickButton(NavigationTree.java:95)
at utilities.NavigationTree.clickButton(NavigationTree.java:95)
at utilities.NavigationTree.clickButton(NavigationTree.java:95)
at utilities.NavigationTree.clickButton(NavigationTree.java:95)
at utilities.NavigationTree.clickButton(NavigationTree.java:95)
at utilities.NavigationTree.clickButton(NavigationTree.java:95)
at utilities.NavigationTree.clickButton(NavigationTree.java:95)
at utilities.NavigationTree.clickButton(NavigationTree.java:95)
at utilities.NavigationTree.clickButton(NavigationTree.java:95)
at utilities.NavigationTree.clickButton(NavigationTree.java:95)
at utilities.NavigationTree.clickButton(NavigationTree.java:95)
at utilities.NavigationTree.clickButton(NavigationTree.java:95)
at utilities.NavigationTree.clickButton(NavigationTree.java:95)
at utilities.NavigationTree.clickButton(NavigationTree.java:95)
at utilities.NavigationTree.clickButton(NavigationTree.java:95)
at utilities.NavigationTree.clickButton(NavigationTree.java:95)
at utilities.NavigationTree.clickButton(NavigationTree.java:95)
at utilities.NavigationTree.clickButton(NavigationTree.java:95)
at utilities.NavigationTree.clickButton(NavigationTree.java:95)
at utilities.NavigationTree.clickButton(NavigationTree.java:95)
at utilities.NavigationTree.clickButton(NavigationTree.java:95)
at utilities.NavigationTree.clickButton(NavigationTree.java:95)
at utilities.NavigationTree.clickButton(NavigationTree.java:95)
at utilities.NavigationTree.clickButton(NavigationTree.java:95)
at utilities.NavigationTree.clickButton(NavigationTree.java:95)
at utilities.NavigationTree.clickButton(NavigationTree.java:95)
at utilities.NavigationTree.clickButton(NavigationTree.java:95)
at utilities.NavigationTree.clickButton(NavigationTree.java:95)
at utilities.NavigationTree.clickButton(NavigationTree.java:95)
at utilities.NavigationTree.clickButton(NavigationTree.java:95)
at utilities.NavigationTree.clickButton(NavigationTree.java:95)
at utilities.NavigationTree.clickButton(NavigationTree.java:95)
at utilities.NavigationTree.clickButton(NavigationTree.java:95)
at utilities.NavigationTree.clickButton(NavigationTree.java:95)
at utilities.NavigationTree.clickButton(NavigationTree.java:95)
at utilities.NavigationTree.clickButton(NavigationTree.java:95)
at utilities.NavigationTree.clickButton(NavigationTree.java:95)
at utilities.NavigationTree.clickButton(NavigationTree.java:95)
at utilities.NavigationTree.clickButton(NavigationTree.java:95)
at utilities.NavigationTree.clickButton(NavigationTree.java:95)
at utilities.NavigationTree.clickButton(NavigationTree.java:95)
at utilities.NavigationTree.clickButton(NavigationTree.java:95)
at utilities.NavigationTree.clickButton(NavigationTree.java:95)
at utilities.NavigationTree.clickButton(NavigationTree.java:95)
at utilities.NavigationTree.clickButton(NavigationTree.java:95)
at utilities.NavigationTree.clickButton(NavigationTree.java:95)
at utilities.NavigationTree.clickButton(NavigationTree.java:95)
at utilities.NavigationTree.clickButton(NavigationTree.java:95)
at utilities.NavigationTree.clickButton(NavigationTree.java:95)
at utilities.NavigationTree.clickButton(NavigationTree.java:95)
at utilities.NavigationTree.clickButton(NavigationTree.java:95)
at utilities.NavigationTree.clickButton(NavigationTree.java:95)
at utilities.NavigationTree.clickButton(NavigationTree.java:95)
at utilities.NavigationTree.clickButton(NavigationTree.java:95)
at utilities.NavigationTree.clickButton(NavigationTree.java:95)
at utilities.NavigationTree.clickButton(NavigationTree.java:95)
at utilities.NavigationTree.clickButton(NavigationTree.java:95)
at utilities.NavigationTree.clickButton(NavigationTree.java:95)
at utilities.NavigationTree.clickButton(NavigationTree.java:95)
at utilities.NavigationTree.clickButton(NavigationTree.java:95)
at utilities.NavigationTree.clickButton(NavigationTree.java:95)
at utilities.NavigationTree.clickButton(NavigationTree.java:95)
at utilities.NavigationTree.clickButton(NavigationTree.java:95)
at utilities.NavigationTree.clickButton(NavigationTree.java:95)
at utilities.NavigationTree.clickButton(NavigationTree.java:95)
at utilities.NavigationTree.clickButton(NavigationTree.java:95)
at utilities.NavigationTree.clickButton(NavigationTree.java:95)
at utilities.NavigationTree.clickButton(NavigationTree.java:95)
at utilities.NavigationTree.clickButton(NavigationTree.java:95)
at utilities.NavigationTree.clickButton(NavigationTree.java:95)
at utilities.NavigationTree.clickButton(NavigationTree.java:95)
at utilities.NavigationTree.clickButton(NavigationTree.java:95)
at utilities.NavigationTree.clickButton(NavigationTree.java:95)
at utilities.NavigationTree.clickButton(NavigationTree.java:95)
at utilities.NavigationTree.clickButton(NavigationTree.java:95)
at utilities.NavigationTree.clickButton(NavigationTree.java:95)
at utilities.NavigationTree.clickButton(NavigationTree.java:95)
at utilities.NavigationTree.clickButton(NavigationTree.java:95)
at utilities.NavigationTree.clickButton(NavigationTree.java:95)
at utilities.NavigationTree.clickButton(NavigationTree.java:95)
at utilities.NavigationTree.clickButton(NavigationTree.java:95)
at utilities.NavigationTree.clickButton(NavigationTree.java:95)
at utilities.NavigationTree.clickButton(NavigationTree.java:95)
at utilities.NavigationTree.clickButton(NavigationTree.java:95)
at utilities.NavigationTree.clickButton(NavigationTree.java:95)
at utilities.NavigationTree.clickButton(NavigationTree.java:95)
at utilities.NavigationTree.clickButton(NavigationTree.java:95)
at utilities.NavigationTree.clickButton(NavigationTree.java:95)
at utilities.NavigationTree.clickButton(NavigationTree.java:95)
at utilities.NavigationTree.clickButton(NavigationTree.java:95)
at utilities.NavigationTree.clickButton(NavigationTree.java:95)
at utilities.NavigationTree.clickButton(NavigationTree.java:95)
at utilities.NavigationTree.clickButton(NavigationTree.java:95)
at utilities.NavigationTree.clickButton(NavigationTree.java:95)
at utilities.NavigationTree.clickButton(NavigationTree.java:95)
at utilities.NavigationTree.clickButton(NavigationTree.java:95)
at utilities.NavigationTree.clickButton(NavigationTree.java:95)
at utilities.NavigationTree.clickButton(NavigationTree.java:95)
at utilities.NavigationTree.clickButton(NavigationTree.java:95)
at utilities.NavigationTree.clickButton(NavigationTree.java:95)
at utilities.NavigationTree.clickButton(NavigationTree.java:95)
at utilities.NavigationTree.clickButton(NavigationTree.java:95)
at utilities.NavigationTree.clickButton(NavigationTree.java:95)
at utilities.NavigationTree.clickButton(NavigationTree.java:95)
at utilities.NavigationTree.clickButton(NavigationTree.java:95)
at utilities.NavigationTree.clickButton(NavigationTree.java:95)
at utilities.NavigationTree.clickButton(NavigationTree.java:95)
at utilities.NavigationTree.clickButton(NavigationTree.java:95)
at utilities.NavigationTree.clickButton(NavigationTree.java:95)
at utilities.NavigationTree.clickButton(NavigationTree.java:95)
at utilities.NavigationTree.clickButton(NavigationTree.java:95)
at utilities.NavigationTree.clickButton(NavigationTree.java:95)
at utilities.NavigationTree.clickButton(NavigationTree.java:95)
at utilities.NavigationTree.clickButton(NavigationTree.java:95)
at utilities.NavigationTree.clickButton(NavigationTree.java:95)
at utilities.NavigationTree.clickButton(NavigationTree.java:95)
at utilities.NavigationTree.clickButton(NavigationTree.java:95)
at utilities.NavigationTree.clickButton(NavigationTree.java:95)
at utilities.NavigationTree.clickButton(NavigationTree.java:95)
at utilities.NavigationTree.clickButton(NavigationTree.java:95)
at utilities.NavigationTree.clickButton(NavigationTree.java:95)
at utilities.NavigationTree.clickButton(NavigationTree.java:95)
at utilities.NavigationTree.clickButton(NavigationTree.java:95)
at utilities.NavigationTree.clickButton(NavigationTree.java:95)
at utilities.NavigationTree.clickButton(NavigationTree.java:95)
at utilities.NavigationTree.clickButton(NavigationTree.java:95)
at utilities.NavigationTree.clickButton(NavigationTree.java:95)
at utilities.NavigationTree.clickButton(NavigationTree.java:95)
at utilities.NavigationTree.clickButton(NavigationTree.java:95)
at utilities.NavigationTree.clickButton(NavigationTree.java:95)
at utilities.NavigationTree.clickButton(NavigationTree.java:95)
at utilities.NavigationTree.clickButton(NavigationTree.java:95)
at utilities.NavigationTree.clickButton(NavigationTree.java:95)
at utilities.NavigationTree.clickButton(NavigationTree.java:95)
at utilities.NavigationTree.clickButton(NavigationTree.java:95)
at utilities.NavigationTree.clickButton(NavigationTree.java:95)
at utilities.NavigationTree.clickButton(NavigationTree.java:95)
at utilities.NavigationTree.clickButton(NavigationTree.java:95)
at utilities.NavigationTree.clickButton(NavigationTree.java:95)
at utilities.NavigationTree.clickButton(NavigationTree.java:95)
at utilities.NavigationTree.clickButton(NavigationTree.java:95)
at utilities.NavigationTree.clickButton(NavigationTree.java:95)
at utilities.NavigationTree.clickButton(NavigationTree.java:95)
at utilities.NavigationTree.clickButton(NavigationTree.java:95)
at utilities.NavigationTree.clickButton(NavigationTree.java:95)
at utilities.NavigationTree.clickButton(NavigationTree.java:95)
at utilities.NavigationTree.clickButton(NavigationTree.java:95)
at utilities.NavigationTree.clickButton(NavigationTree.java:95)
at utilities.NavigationTree.clickButton(NavigationTree.java:95)
at utilities.NavigationTree.clickButton(NavigationTree.java:95)
at utilities.NavigationTree.clickButton(NavigationTree.java:95)
at utilities.NavigationTree.clickButton(NavigationTree.java:95)
at utilities.NavigationTree.clickButton(NavigationTree.java:95)
at utilities.NavigationTree.clickButton(NavigationTree.java:95)
at utilities.NavigationTree.clickButton(NavigationTree.java:95)
at utilities.NavigationTree.clickButton(NavigationTree.java:95)
at utilities.NavigationTree.clickButton(NavigationTree.java:95)
at utilities.NavigationTree.clickButton(NavigationTree.java:95)
at utilities.NavigationTree.clickButton(NavigationTree.java:95)
at utilities.NavigationTree.clickButton(NavigationTree.java:95)
at utilities.NavigationTree.clickButton(NavigationTree.java:95)
at utilities.NavigationTree.clickButton(NavigationTree.java:95)
at utilities.NavigationTree.clickButton(NavigationTree.java:95)
at utilities.NavigationTree.clickButton(NavigationTree.java:95)
at utilities.NavigationTree.clickButton(NavigationTree.java:95)
at utilities.NavigationTree.clickButton(NavigationTree.java:95)
at utilities.NavigationTree.clickButton(NavigationTree.java:95)
at utilities.NavigationTree.clickButton(NavigationTree.java:95)
at utilities.NavigationTree.clickButton(NavigationTree.java:95)
at utilities.NavigationTree.clickButton(NavigationTree.java:95)
at utilities.NavigationTree.clickButton(NavigationTree.java:95)
at utilities.NavigationTree.clickButton(NavigationTree.java:95)
at utilities.NavigationTree.clickButton(NavigationTree.java:95)
at utilities.NavigationTree.clickButton(NavigationTree.java:95)
at utilities.NavigationTree.clickButton(NavigationTree.java:95)
at utilities.NavigationTree.clickButton(NavigationTree.java:95)
at utilities.NavigationTree.clickButton(NavigationTree.java:95)
at utilities.NavigationTree.clickButton(NavigationTree.java:95)
at utilities.NavigationTree.clickButton(NavigationTree.java:95)
at utilities.NavigationTree.clickButton(NavigationTree.java:95)
at utilities.NavigationTree.clickButton(NavigationTree.java:95)
at utilities.NavigationTree.clickButton(NavigationTree.java:95)
at utilities.NavigationTree.clickButton(NavigationTree.java:95)
at utilities.NavigationTree.clickButton(NavigationTree.java:95)
at utilities.NavigationTree.clickButton(NavigationTree.java:95)
at utilities.NavigationTree.clickButton(NavigationTree.java:95)
at utilities.NavigationTree.clickButton(NavigationTree.java:95)
at utilities.NavigationTree.clickButton(NavigationTree.java:95)
at utilities.NavigationTree.clickButton(NavigationTree.java:95)
at utilities.NavigationTree.clickButton(NavigationTree.java:95)
at utilities.NavigationTree.clickButton(NavigationTree.java:95)
at utilities.NavigationTree.clickButton(NavigationTree.java:95)
at utilities.NavigationTree.clickButton(NavigationTree.java:95)
at utilities.NavigationTree.clickButton(NavigationTree.java:95)
at utilities.NavigationTree.clickButton(NavigationTree.java:95)
at utilities.NavigationTree.clickButton(NavigationTree.java:95)
at utilities.NavigationTree.clickButton(NavigationTree.java:95)
at utilities.NavigationTree.clickButton(NavigationTree.java:95)
at utilities.NavigationTree.clickButton(NavigationTree.java:95)
at utilities.NavigationTree.clickButton(NavigationTree.java:95)
at utilities.NavigationTree.clickButton(NavigationTree.java:95)
at utilities.NavigationTree.clickButton(NavigationTree.java:95)
at utilities.NavigationTree.clickButton(NavigationTree.java:95)
at utilities.NavigationTree.clickButton(NavigationTree.java:95)
at utilities.NavigationTree.clickButton(NavigationTree.java:95)
at utilities.NavigationTree.clickButton(NavigationTree.java:95)
at utilities.NavigationTree.clickButton(NavigationTree.java:95)
at utilities.NavigationTree.clickButton(NavigationTree.java:95)
at utilities.NavigationTree.clickButton(NavigationTree.java:95)
at utilities.NavigationTree.clickButton(NavigationTree.java:95)
at utilities.NavigationTree.clickButton(NavigationTree.java:95)
at utilities.NavigationTree.clickButton(NavigationTree.java:95)
at utilities.NavigationTree.clickButton(NavigationTree.java:95)
at utilities.NavigationTree.clickButton(NavigationTree.java:95)
at utilities.NavigationTree.clickButton(NavigationTree.java:95)
at utilities.NavigationTree.clickButton(NavigationTree.java:95)
at utilities.NavigationTree.clickButton(NavigationTree.java:95)
at utilities.NavigationTree.clickButton(NavigationTree.java:95)
at utilities.NavigationTree.clickButton(NavigationTree.java:95)
at utilities.NavigationTree.clickButton(NavigationTree.java:95)
at utilities.NavigationTree.clickButton(NavigationTree.java:95)
at utilities.NavigationTree.clickButton(NavigationTree.java:95)
at utilities.NavigationTree.clickButton(NavigationTree.java:95)
at utilities.NavigationTree.clickButton(NavigationTree.java:95)
at utilities.NavigationTree.clickButton(NavigationTree.java:95)
at utilities.NavigationTree.clickButton(NavigationTree.java:95)
at utilities.NavigationTree.clickButton(NavigationTree.java:95)
at utilities.NavigationTree.clickButton(NavigationTree.java:95)
at utilities.NavigationTree.clickButton(NavigationTree.java:95)
at utilities.NavigationTree.clickButton(NavigationTree.java:95)
at utilities.NavigationTree.clickButton(NavigationTree.java:95)
at utilities.NavigationTree.clickButton(NavigationTree.java:95)
at utilities.NavigationTree.clickButton(NavigationTree.java:95)
at utilities.NavigationTree.clickButton(NavigationTree.java:95)
at utilities.NavigationTree.clickButton(NavigationTree.java:95)
at utilities.NavigationTree.clickButton(NavigationTree.java:95)
at utilities.NavigationTree.clickButton(NavigationTree.java:95)
at utilities.NavigationTree.clickButton(NavigationTree.java:95)
at utilities.NavigationTree.clickButton(NavigationTree.java:95)
at utilities.NavigationTree.clickButton(NavigationTree.java:95)
at utilities.NavigationTree.clickButton(NavigationTree.java:95)
at utilities.NavigationTree.clickButton(NavigationTree.java:95)
at utilities.NavigationTree.clickButton(NavigationTree.java:95)
at utilities.NavigationTree.clickButton(NavigationTree.java:95)
at utilities.NavigationTree.clickButton(NavigationTree.java:95)
at utilities.NavigationTree.clickButton(NavigationTree.java:95)
at utilities.NavigationTree.clickButton(NavigationTree.java:95)
at utilities.NavigationTree.clickButton(NavigationTree.java:95)
at utilities.NavigationTree.clickButton(NavigationTree.java:95)
at utilities.NavigationTree.clickButton(NavigationTree.java:95)
at utilities.NavigationTree.clickButton(NavigationTree.java:95)
at utilities.NavigationTree.clickButton(NavigationTree.java:95)
at utilities.NavigationTree.clickButton(NavigationTree.java:95)
at utilities.NavigationTree.clickButton(NavigationTree.java:95)
at utilities.NavigationTree.clickButton(NavigationTree.java:95)
at utilities.NavigationTree.clickButton(NavigationTree.java:95)
at utilities.NavigationTree.clickButton(NavigationTree.java:95)
at utilities.NavigationTree.clickButton(NavigationTree.java:95)
at utilities.NavigationTree.clickButton(NavigationTree.java:95)
at utilities.NavigationTree.clickButton(NavigationTree.java:95)
at utilities.NavigationTree.clickButton(NavigationTree.java:95)
at utilities.NavigationTree.clickButton(NavigationTree.java:95)
at utilities.NavigationTree.clickButton(NavigationTree.java:95)
at utilities.NavigationTree.clickButton(NavigationTree.java:95)
at utilities.NavigationTree.clickButton(NavigationTree.java:95)
at utilities.NavigationTree.clickButton(NavigationTree.java:95)
at utilities.NavigationTree.clickButton(NavigationTree.java:95)
at utilities.NavigationTree.clickButton(NavigationTree.java:95)
at utilities.NavigationTree.clickButton(NavigationTree.java:95)
at utilities.NavigationTree.clickButton(NavigationTree.java:95)
at utilities.NavigationTree.clickButton(NavigationTree.java:95)
at utilities.NavigationTree.clickButton(NavigationTree.java:95)
at utilities.NavigationTree.clickButton(NavigationTree.java:95)
at utilities.NavigationTree.clickButton(NavigationTree.java:95)
at utilities.NavigationTree.clickButton(NavigationTree.java:95)
at utilities.NavigationTree.clickButton(NavigationTree.java:95)
at utilities.NavigationTree.clickButton(NavigationTree.java:95)
at utilities.NavigationTree.clickButton(NavigationTree.java:95)
at utilities.NavigationTree.clickButton(NavigationTree.java:95)
at utilities.NavigationTree.clickButton(NavigationTree.java:95)
at utilities.NavigationTree.clickButton(NavigationTree.java:95)
at utilities.NavigationTree.clickButton(NavigationTree.java:95)
at utilities.NavigationTree.clickButton(NavigationTree.java:95)
at utilities.NavigationTree.clickButton(NavigationTree.java:95)
at utilities.NavigationTree.clickButton(NavigationTree.java:95)
at utilities.NavigationTree.clickButton(NavigationTree.java:95)
at utilities.NavigationTree.clickButton(NavigationTree.java:95)
at utilities.NavigationTree.clickButton(NavigationTree.java:95)
at utilities.NavigationTree.clickButton(NavigationTree.java:95)
at utilities.NavigationTree.clickButton(NavigationTree.java:95)
at utilities.NavigationTree.clickButton(NavigationTree.java:95)
at utilities.NavigationTree.clickButton(NavigationTree.java:95)
at utilities.NavigationTree.clickButton(NavigationTree.java:95)
at utilities.NavigationTree.clickButton(NavigationTree.java:95)
at utilities.NavigationTree.clickButton(NavigationTree.java:95)
at utilities.NavigationTree.clickButton(NavigationTree.java:95)
at utilities.NavigationTree.clickButton(NavigationTree.java:95)
at utilities.NavigationTree.clickButton(NavigationTree.java:95)
at utilities.NavigationTree.clickButton(NavigationTree.java:95)
at utilities.NavigationTree.clickButton(NavigationTree.java:95)
at utilities.NavigationTree.clickButton(NavigationTree.java:95)
at utilities.NavigationTree.clickButton(NavigationTree.java:95)
at utilities.NavigationTree.clickButton(NavigationTree.java:95)
at utilities.NavigationTree.clickButton(NavigationTree.java:95)
at utilities.NavigationTree.clickButton(NavigationTree.java:95)
at utilities.NavigationTree.clickButton(NavigationTree.java:95)
at utilities.NavigationTree.clickButton(NavigationTree.java:95)
at utilities.NavigationTree.clickButton(NavigationTree.java:95)
at utilities.NavigationTree.clickButton(NavigationTree.java:95)
at utilities.NavigationTree.clickButton(NavigationTree.java:95)
at utilities.NavigationTree.clickButton(NavigationTree.java:95)
at utilities.NavigationTree.clickButton(NavigationTree.java:95)
at utilities.NavigationTree.clickButton(NavigationTree.java:95)
at utilities.NavigationTree.clickButton(NavigationTree.java:95)
at utilities.NavigationTree.clickButton(NavigationTree.java:95)
at utilities.NavigationTree.clickButton(NavigationTree.java:95)
at utilities.NavigationTree.clickButton(NavigationTree.java:95)
at utilities.NavigationTree.clickButton(NavigationTree.java:95)
at utilities.NavigationTree.clickButton(NavigationTree.java:95)
at utilities.NavigationTree.clickButton(NavigationTree.java:95)
at utilities.NavigationTree.clickButton(NavigationTree.java:95)
at utilities.NavigationTree.clickButton(NavigationTree.java:95)
at utilities.NavigationTree.clickButton(NavigationTree.java:95)
at utilities.NavigationTree.clickButton(NavigationTree.java:95)
at utilities.NavigationTree.clickButton(NavigationTree.java:95)
at utilities.NavigationTree.clickButton(NavigationTree.java:95)
at utilities.NavigationTree.clickButton(NavigationTree.java:95)
at utilities.NavigationTree.clickButton(NavigationTree.java:95)
at utilities.NavigationTree.clickButton(NavigationTree.java:95)
at utilities.NavigationTree.clickButton(NavigationTree.java:95)
at utilities.NavigationTree.clickButton(NavigationTree.java:95)
at utilities.NavigationTree.clickButton(NavigationTree.java:95)
at utilities.NavigationTree.clickButton(NavigationTree.java:95)
at utilities.NavigationTree.clickButton(NavigationTree.java:95)
at utilities.NavigationTree.clickButton(NavigationTree.java:95)
at utilities.NavigationTree.clickButton(NavigationTree.java:95)
at utilities.NavigationTree.clickButton(NavigationTree.java:95)
at utilities.NavigationTree.clickButton(NavigationTree.java:95)
at utilities.NavigationTree.clickButton(NavigationTree.java:95)
at utilities.NavigationTree.clickButton(NavigationTree.java:95)
at utilities.NavigationTree.clickButton(NavigationTree.java:95)
at utilities.NavigationTree.clickButton(NavigationTree.java:95)
at utilities.NavigationTree.clickButton(NavigationTree.java:95)
at utilities.NavigationTree.clickButton(NavigationTree.java:95)
at utilities.NavigationTree.clickButton(NavigationTree.java:95)
at utilities.NavigationTree.clickButton(NavigationTree.java:95)
at utilities.NavigationTree.clickButton(NavigationTree.java:95)
at utilities.NavigationTree.clickButton(NavigationTree.java:95)
at utilities.NavigationTree.clickButton(NavigationTree.java:95)
at utilities.NavigationTree.clickButton(NavigationTree.java:95)
at utilities.NavigationTree.clickButton(NavigationTree.java:95)
at utilities.NavigationTree.clickButton(NavigationTree.java:95)
at utilities.NavigationTree.clickButton(NavigationTree.java:95)
at utilities.NavigationTree.clickButton(NavigationTree.java:95)
at utilities.NavigationTree.clickButton(NavigationTree.java:95)
at utilities.NavigationTree.clickButton(NavigationTree.java:95)
at utilities.NavigationTree.clickButton(NavigationTree.java:95)
at utilities.NavigationTree.clickButton(NavigationTree.java:95)
at utilities.NavigationTree.clickButton(NavigationTree.java:95)
at utilities.NavigationTree.clickButton(NavigationTree.java:95)
at utilities.NavigationTree.clickButton(NavigationTree.java:95)
at utilities.NavigationTree.clickButton(NavigationTree.java:95)
at utilities.NavigationTree.clickButton(NavigationTree.java:95)
at utilities.NavigationTree.clickButton(NavigationTree.java:95)
at utilities.NavigationTree.clickButton(NavigationTree.java:95)
at utilities.NavigationTree.clickButton(NavigationTree.java:95)
at utilities.NavigationTree.clickButton(NavigationTree.java:95)
at utilities.NavigationTree.clickButton(NavigationTree.java:95)
at utilities.NavigationTree.clickButton(NavigationTree.java:95)
at utilities.NavigationTree.clickButton(NavigationTree.java:95)
at utilities.NavigationTree.clickButton(NavigationTree.java:95)
at utilities.NavigationTree.clickButton(NavigationTree.java:95)
at utilities.NavigationTree.clickButton(NavigationTree.java:95)
at utilities.NavigationTree.clickButton(NavigationTree.java:95)
at utilities.NavigationTree.clickButton(NavigationTree.java:95)
at utilities.NavigationTree.clickButton(NavigationTree.java:95)
at utilities.NavigationTree.clickButton(NavigationTree.java:95)
at utilities.NavigationTree.clickButton(NavigationTree.java:95)
at utilities.NavigationTree.clickButton(NavigationTree.java:95)
at utilities.NavigationTree.clickButton(NavigationTree.java:95)
at utilities.NavigationTree.clickButton(NavigationTree.java:95)
at utilities.NavigationTree.clickButton(NavigationTree.java:95)
at utilities.NavigationTree.clickButton(NavigationTree.java:95)
at utilities.NavigationTree.clickButton(NavigationTree.java:95)
at utilities.NavigationTree.clickButton(NavigationTree.java:95)
at utilities.NavigationTree.clickButton(NavigationTree.java:95)
at utilities.NavigationTree.clickButton(NavigationTree.java:95)
at utilities.NavigationTree.clickButton(NavigationTree.java:95)
at utilities.NavigationTree.clickButton(NavigationTree.java:95)
at utilities.NavigationTree.clickButton(NavigationTree.java:95)
at utilities.NavigationTree.clickButton(NavigationTree.java:95)
at utilities.NavigationTree.clickButton(NavigationTree.java:95)
at utilities.NavigationTree.clickButton(NavigationTree.java:95)
at utilities.NavigationTree.clickButton(NavigationTree.java:95)
at utilities.NavigationTree.clickButton(NavigationTree.java:95)
at utilities.NavigationTree.clickButton(NavigationTree.java:95)
at utilities.NavigationTree.clickButton(NavigationTree.java:95)
at utilities.NavigationTree.clickButton(NavigationTree.java:95)
at utilities.NavigationTree.clickButton(NavigationTree.java:95)
at utilities.NavigationTree.clickButton(NavigationTree.java:95)
at utilities.NavigationTree.clickButton(NavigationTree.java:95)
at utilities.NavigationTree.clickButton(NavigationTree.java:95)
at utilities.NavigationTree.clickButton(NavigationTree.java:95)
at utilities.NavigationTree.clickButton(NavigationTree.java:95)
at utilities.NavigationTree.clickButton(NavigationTree.java:95)
at utilities.NavigationTree.clickButton(NavigationTree.java:95)
at utilities.NavigationTree.clickButton(NavigationTree.java:95)
at utilities.NavigationTree.clickButton(NavigationTree.java:95)
at utilities.NavigationTree.clickButton(NavigationTree.java:95)
at utilities.NavigationTree.clickButton(NavigationTree.java:95)
at utilities.NavigationTree.clickButton(NavigationTree.java:95)
at utilities.NavigationTree.clickButton(NavigationTree.java:95)
at utilities.NavigationTree.clickButton(NavigationTree.java:95)
at utilities.NavigationTree.clickButton(NavigationTree.java:95)
at utilities.NavigationTree.clickButton(NavigationTree.java:95)
at utilities.NavigationTree.clickButton(NavigationTree.java:95)
at utilities.NavigationTree.clickButton(NavigationTree.java:95)
at utilities.NavigationTree.clickButton(NavigationTree.java:95)
at utilities.NavigationTree.clickButton(NavigationTree.java:95)
at utilities.NavigationTree.clickButton(NavigationTree.java:95)
at utilities.NavigationTree.clickButton(NavigationTree.java:95)
at utilities.NavigationTree.clickButton(NavigationTree.java:95)
at utilities.NavigationTree.clickButton(NavigationTree.java:95)
at utilities.NavigationTree.clickButton(NavigationTree.java:95)
at utilities.NavigationTree.clickButton(NavigationTree.java:95)
at utilities.NavigationTree.clickButton(NavigationTree.java:95)
at utilities.NavigationTree.clickButton(NavigationTree.java:95)
at utilities.NavigationTree.clickButton(NavigationTree.java:95)
at utilities.NavigationTree.clickButton(NavigationTree.java:95)
at utilities.NavigationTree.clickButton(NavigationTree.java:95)
at utilities.NavigationTree.clickButton(NavigationTree.java:95)
at utilities.NavigationTree.clickButton(NavigationTree.java:95)
at utilities.NavigationTree.clickButton(NavigationTree.java:95)
at utilities.NavigationTree.clickButton(NavigationTree.java:95)
at utilities.NavigationTree.clickButton(NavigationTree.java:95)
at utilities.NavigationTree.clickButton(NavigationTree.java:95)
at utilities.NavigationTree.clickButton(NavigationTree.java:95)
at utilities.NavigationTree.clickButton(NavigationTree.java:95)
at utilities.NavigationTree.clickButton(NavigationTree.java:95)
at utilities.NavigationTree.clickButton(NavigationTree.java:95)
at utilities.NavigationTree.clickButton(NavigationTree.java:95)
at utilities.NavigationTree.clickButton(NavigationTree.java:95)
at utilities.NavigationTree.clickButton(NavigationTree.java:95)
at utilities.NavigationTree.clickButton(NavigationTree.java:95)
at utilities.NavigationTree.clickButton(NavigationTree.java:95)
at utilities.NavigationTree.clickButton(NavigationTree.java:95)
at utilities.NavigationTree.clickButton(NavigationTree.java:95)
at utilities.NavigationTree.clickButton(NavigationTree.java:95)
at utilities.NavigationTree.clickButton(NavigationTree.java:95)
at utilities.NavigationTree.clickButton(NavigationTree.java:95)
at utilities.NavigationTree.clickButton(NavigationTree.java:95)
at utilities.NavigationTree.clickButton(NavigationTree.java:95)
at utilities.NavigationTree.clickButton(NavigationTree.java:95)
at utilities.NavigationTree.clickButton(NavigationTree.java:95)
at utilities.NavigationTree.clickButton(NavigationTree.java:95)
at utilities.NavigationTree.clickButton(NavigationTree.java:95)
at utilities.NavigationTree.clickButton(NavigationTree.java:95)
at utilities.NavigationTree.clickButton(NavigationTree.java:95)
at utilities.NavigationTree.clickButton(NavigationTree.java:95)
at utilities.NavigationTree.clickButton(NavigationTree.java:95)
at utilities.NavigationTree.clickButton(NavigationTree.java:95)
at utilities.NavigationTree.clickButton(NavigationTree.java:95)
at utilities.NavigationTree.clickButton(NavigationTree.java:95)
at utilities.NavigationTree.clickButton(NavigationTree.java:95)
at utilities.NavigationTree.clickButton(NavigationTree.java:95)
at utilities.NavigationTree.clickButton(NavigationTree.java:95)
at utilities.NavigationTree.clickButton(NavigationTree.java:95)
at utilities.NavigationTree.clickButton(NavigationTree.java:95)
at utilities.NavigationTree.clickButton(NavigationTree.java:95)
at utilities.NavigationTree.clickButton(NavigationTree.java:95)
at utilities.NavigationTree.clickButton(NavigationTree.java:95)
at utilities.NavigationTree.clickButton(NavigationTree.java:95)
at utilities.NavigationTree.clickButton(NavigationTree.java:95)
at utilities.NavigationTree.clickButton(NavigationTree.java:95)
at utilities.NavigationTree.clickButton(NavigationTree.java:95)
at utilities.NavigationTree.clickButton(NavigationTree.java:95)
at utilities.NavigationTree.clickButton(NavigationTree.java:95)
at utilities.NavigationTree.clickButton(NavigationTree.java:95)
at utilities.NavigationTree.clickButton(NavigationTree.java:95)
at utilities.NavigationTree.clickButton(NavigationTree.java:95)
at utilities.NavigationTree.clickButton(NavigationTree.java:95)
at utilities.NavigationTree.clickButton(NavigationTree.java:95)
at utilities.NavigationTree.clickButton(NavigationTree.java:95)
at utilities.NavigationTree.clickButton(NavigationTree.java:95)
at utilities.NavigationTree.clickButton(NavigationTree.java:95)
at utilities.NavigationTree.clickButton(NavigationTree.java:95)
at utilities.NavigationTree.clickButton(NavigationTree.java:95)
at utilities.NavigationTree.clickButton(NavigationTree.java:95)
at utilities.NavigationTree.clickButton(NavigationTree.java:95)
at utilities.NavigationTree.clickButton(NavigationTree.java:95)
at utilities.NavigationTree.clickButton(NavigationTree.java:95)
at utilities.NavigationTree.clickButton(NavigationTree.java:95)
at utilities.NavigationTree.clickButton(NavigationTree.java:95)
at utilities.NavigationTree.clickButton(NavigationTree.java:95)
at utilities.NavigationTree.clickButton(NavigationTree.java:95)
at utilities.NavigationTree.clickButton(NavigationTree.java:95)
at utilities.NavigationTree.clickButton(NavigationTree.java:95)
at utilities.NavigationTree.clickButton(NavigationTree.java:95)
at utilities.NavigationTree.clickButton(NavigationTree.java:95)
at utilities.NavigationTree.clickButton(NavigationTree.java:95)
at utilities.NavigationTree.clickButton(NavigationTree.java:95)
at utilities.NavigationTree.clickButton(NavigationTree.java:95)
at utilities.NavigationTree.clickButton(NavigationTree.java:95)
at utilities.NavigationTree.clickButton(NavigationTree.java:95)
at utilities.NavigationTree.clickButton(NavigationTree.java:95)
at utilities.NavigationTree.clickButton(NavigationTree.java:95)
at utilities.NavigationTree.clickButton(NavigationTree.java:95)
at utilities.NavigationTree.clickButton(NavigationTree.java:95)
at utilities.NavigationTree.clickButton(NavigationTree.java:95)
at utilities.NavigationTree.clickButton(NavigationTree.java:95)
at utilities.NavigationTree.clickButton(NavigationTree.java:95)
at utilities.NavigationTree.clickButton(NavigationTree.java:95)
at utilities.NavigationTree.clickButton(NavigationTree.java:95)
at utilities.NavigationTree.clickButton(NavigationTree.java:95)
at utilities.NavigationTree.clickButton(NavigationTree.java:95)
at utilities.NavigationTree.clickButton(NavigationTree.java:95)
at utilities.NavigationTree.clickButton(NavigationTree.java:95)
at utilities.NavigationTree.clickButton(NavigationTree.java:95)
at utilities.NavigationTree.clickButton(NavigationTree.java:95)
at utilities.NavigationTree.clickButton(NavigationTree.java:95)
at utilities.NavigationTree.clickButton(NavigationTree.java:95)
at utilities.NavigationTree.clickButton(NavigationTree.java:95)
at utilities.NavigationTree.clickButton(NavigationTree.java:95)
at utilities.NavigationTree.clickButton(NavigationTree.java:95)
at utilities.NavigationTree.clickButton(NavigationTree.java:95)
at utilities.NavigationTree.clickButton(NavigationTree.java:95)
at utilities.NavigationTree.clickButton(NavigationTree.java:95)
at utilities.NavigationTree.clickButton(NavigationTree.java:95)
at utilities.NavigationTree.clickButton(NavigationTree.java:95)
at utilities.NavigationTree.clickButton(NavigationTree.java:95)
at utilities.NavigationTree.clickButton(NavigationTree.java:95)
at utilities.NavigationTree.clickButton(NavigationTree.java:95)
at utilities.NavigationTree.clickButton(NavigationTree.java:95)
at utilities.NavigationTree.clickButton(NavigationTree.java:95)
at utilities.NavigationTree.clickButton(NavigationTree.java:95)
at utilities.NavigationTree.clickButton(NavigationTree.java:95)
at utilities.NavigationTree.clickButton(NavigationTree.java:95)
at utilities.NavigationTree.clickButton(NavigationTree.java:95)
at utilities.NavigationTree.clickButton(NavigationTree.java:95)
at utilities.NavigationTree.clickButton(NavigationTree.java:95)
at utilities.NavigationTree.clickButton(NavigationTree.java:95)
at utilities.NavigationTree.clickButton(NavigationTree.java:95)
at utilities.NavigationTree.clickButton(NavigationTree.java:95)
at utilities.NavigationTree.clickButton(NavigationTree.java:95)
at utilities.NavigationTree.clickButton(NavigationTree.java:95)
at utilities.NavigationTree.clickButton(NavigationTree.java:95)
at utilities.NavigationTree.clickButton(NavigationTree.java:95)
at utilities.NavigationTree.clickButton(NavigationTree.java:95)
at utilities.NavigationTree.clickButton(NavigationTree.java:95)
at utilities.NavigationTree.clickButton(NavigationTree.java:95)
at utilities.NavigationTree.clickButton(NavigationTree.java:95)
at utilities.NavigationTree.clickButton(NavigationTree.java:95)
at utilities.NavigationTree.clickButton(NavigationTree.java:95)
at utilities.NavigationTree.clickButton(NavigationTree.java:95)
at utilities.NavigationTree.clickButton(NavigationTree.java:95)
at utilities.NavigationTree.clickButton(NavigationTree.java:95)
at utilities.NavigationTree.clickButton(NavigationTree.java:95)
at utilities.NavigationTree.clickButton(NavigationTree.java:95)
at utilities.NavigationTree.clickButton(NavigationTree.java:95)
at utilities.NavigationTree.clickButton(NavigationTree.java:95)
at utilities.NavigationTree.clickButton(NavigationTree.java:95)
at utilities.NavigationTree.clickButton(NavigationTree.java:95)
at utilities.NavigationTree.clickButton(NavigationTree.java:95)
at utilities.NavigationTree.clickButton(NavigationTree.java:95)
at utilities.NavigationTree.clickButton(NavigationTree.java:95)
at utilities.NavigationTree.clickButton(NavigationTree.java:95)
at utilities.NavigationTree.clickButton(NavigationTree.java:95)
at utilities.NavigationTree.clickButton(NavigationTree.java:95)
at utilities.NavigationTree.clickButton(NavigationTree.java:95)
at utilities.NavigationTree.clickButton(NavigationTree.java:95)
at utilities.NavigationTree.clickButton(NavigationTree.java:95)
at utilities.NavigationTree.clickButton(NavigationTree.java:95)
at utilities.NavigationTree.clickButton(NavigationTree.java:95)
at utilities.NavigationTree.clickButton(NavigationTree.java:95)
at utilities.NavigationTree.clickButton(NavigationTree.java:95)
at utilities.NavigationTree.clickButton(NavigationTree.java:95)
at utilities.NavigationTree.clickButton(NavigationTree.java:95)
at utilities.NavigationTree.clickButton(NavigationTree.java:95)
at utilities.NavigationTree.clickButton(NavigationTree.java:95)
at utilities.NavigationTree.clickButton(NavigationTree.java:95)
at utilities.NavigationTree.clickButton(NavigationTree.java:95)
at utilities.NavigationTree.clickButton(NavigationTree.java:95)
at utilities.NavigationTree.clickButton(NavigationTree.java:95)
at utilities.NavigationTree.clickButton(NavigationTree.java:95)
at utilities.NavigationTree.clickButton(NavigationTree.java:95)
at utilities.NavigationTree.clickButton(NavigationTree.java:95)
at utilities.NavigationTree.clickButton(NavigationTree.java:95)
at utilities.NavigationTree.clickButton(NavigationTree.java:95)
at utilities.NavigationTree.clickButton(NavigationTree.java:95)
at utilities.NavigationTree.clickButton(NavigationTree.java:95)
at utilities.NavigationTree.clickButton(NavigationTree.java:95)
at utilities.NavigationTree.clickButton(NavigationTree.java:95)
at utilities.NavigationTree.clickButton(NavigationTree.java:95)
at utilities.NavigationTree.clickButton(NavigationTree.java:95)
at utilities.NavigationTree.clickButton(NavigationTree.java:95)
at utilities.NavigationTree.clickButton(NavigationTree.java:95)
at utilities.NavigationTree.clickButton(NavigationTree.java:95)
at utilities.NavigationTree.clickButton(NavigationTree.java:95)
at utilities.NavigationTree.clickButton(NavigationTree.java:95)
at utilities.NavigationTree.clickButton(NavigationTree.java:95)
at utilities.NavigationTree.clickButton(NavigationTree.java:95)
at utilities.NavigationTree.clickButton(NavigationTree.java:95)
at utilities.NavigationTree.clickButton(NavigationTree.java:95)
at utilities.NavigationTree.clickButton(NavigationTree.java:95)
at utilities.NavigationTree.clickButton(NavigationTree.java:95)
at utilities.NavigationTree.clickButton(NavigationTree.java:95)
at utilities.NavigationTree.clickButton(NavigationTree.java:95)
at utilities.NavigationTree.clickButton(NavigationTree.java:95)
at utilities.NavigationTree.clickButton(NavigationTree.java:95)
at utilities.NavigationTree.clickButton(NavigationTree.java:95)
at utilities.NavigationTree.clickButton(NavigationTree.java:95)
at utilities.NavigationTree.clickButton(NavigationTree.java:95)
at utilities.NavigationTree.clickButton(NavigationTree.java:95)
at utilities.NavigationTree.clickButton(NavigationTree.java:95)
at utilities.NavigationTree.clickButton(NavigationTree.java:95)
at utilities.NavigationTree.clickButton(NavigationTree.java:95)
at utilities.NavigationTree.clickButton(NavigationTree.java:95)
at utilities.NavigationTree.clickButton(NavigationTree.java:95)
at utilities.NavigationTree.clickButton(NavigationTree.java:95)
at utilities.NavigationTree.clickButton(NavigationTree.java:95)
at utilities.NavigationTree.clickButton(NavigationTree.java:95)
at utilities.NavigationTree.clickButton(NavigationTree.java:95)
at utilities.NavigationTree.clickButton(NavigationTree.java:95)
at utilities.NavigationTree.clickButton(NavigationTree.java:95)
at utilities.NavigationTree.clickButton(NavigationTree.java:95)
at utilities.NavigationTree.clickButton(NavigationTree.java:95)
at utilities.NavigationTree.clickButton(NavigationTree.java:95)
at utilities.NavigationTree.clickButton(NavigationTree.java:95)
at utilities.NavigationTree.clickButton(NavigationTree.java:95)
at utilities.NavigationTree.clickButton(NavigationTree.java:95)
at utilities.NavigationTree.clickButton(NavigationTree.java:95)
at utilities.NavigationTree.clickButton(NavigationTree.java:95)
at utilities.NavigationTree.clickButton(NavigationTree.java:95)
at utilities.NavigationTree.clickButton(NavigationTree.java:95)
at utilities.NavigationTree.clickButton(NavigationTree.java:95)
at utilities.NavigationTree.clickButton(NavigationTree.java:95)
at utilities.NavigationTree.clickButton(NavigationTree.java:95)
at utilities.NavigationTree.clickButton(NavigationTree.java:95)
at utilities.NavigationTree.clickButton(NavigationTree.java:95)
at utilities.NavigationTree.clickButton(NavigationTree.java:95)
at utilities.NavigationTree.clickButton(NavigationTree.java:95)
at utilities.NavigationTree.clickButton(NavigationTree.java:95)
at utilities.NavigationTree.clickButton(NavigationTree.java:95)
at utilities.NavigationTree.clickButton(NavigationTree.java:95)
at utilities.NavigationTree.clickButton(NavigationTree.java:95)
at utilities.NavigationTree.clickButton(NavigationTree.java:95)
at utilities.NavigationTree.clickButton(NavigationTree.java:95)
at utilities.NavigationTree.clickButton(NavigationTree.java:95)
at utilities.NavigationTree.clickButton(NavigationTree.java:95)
at utilities.NavigationTree.clickButton(NavigationTree.java:95)
at utilities.NavigationTree.clickButton(NavigationTree.java:95)
at utilities.NavigationTree.clickButton(NavigationTree.java:95)
at utilities.NavigationTree.clickButton(NavigationTree.java:95)
at utilities.NavigationTree.clickButton(NavigationTree.java:95)
at utilities.NavigationTree.clickButton(NavigationTree.java:95)
at utilities.NavigationTree.clickButton(NavigationTree.java:95)
at utilities.NavigationTree.clickButton(NavigationTree.java:95)
at utilities.NavigationTree.clickButton(NavigationTree.java:95)
at utilities.NavigationTree.clickButton(NavigationTree.java:95)
at utilities.NavigationTree.clickButton(NavigationTree.java:95)
at utilities.NavigationTree.clickButton(NavigationTree.java:95)
at utilities.NavigationTree.clickButton(NavigationTree.java:95)
at utilities.NavigationTree.clickButton(NavigationTree.java:95)
at utilities.NavigationTree.clickButton(NavigationTree.java:95)
at utilities.NavigationTree.clickButton(NavigationTree.java:95)
at utilities.NavigationTree.clickButton(NavigationTree.java:95)
at utilities.NavigationTree.clickButton(NavigationTree.java:95)
at utilities.NavigationTree.clickButton(NavigationTree.java:95)
at utilities.NavigationTree.clickButton(NavigationTree.java:95)
at utilities.NavigationTree.clickButton(NavigationTree.java:95)
at utilities.NavigationTree.clickButton(NavigationTree.java:95)
at utilities.NavigationTree.clickButton(NavigationTree.java:95)
at utilities.NavigationTree.clickButton(NavigationTree.java:95)
at utilities.NavigationTree.clickButton(NavigationTree.java:95)
at utilities.NavigationTree.clickButton(NavigationTree.java:95)
at utilities.NavigationTree.clickButton(NavigationTree.java:95)
]]>
    </failure>
  </testcase> <!-- createModifyTicket -->
  <testcase classname="testcases.TestNavigation" name="reportAnIncident" time="2.868"/>
  <testcase classname="testcases.TestNavigation" name="submitARequest" time="2.006"/>
  <testcase classname="testcases.TestNavigation" name="createTicket" time="0.0">
    <skipped/>
  </testcase> <!-- createTicket -->
  <testcase classname="testcases.TestNavigation" name="modifyTicket" time="0.0">
    <skipped/>
  </testcase> <!-- modifyTicket -->
  <testcase classname="testcases.TestNavigation" name="incidentHardware" time="3.483"/>
  <testcase classname="testcases.TestNavigation" name="incidentNetwork" time="3.235"/>
  <testcase classname="testcases.TestNavigation" name="incidentSecurity" time="2.83"/>
  <testcase classname="testcases.TestNavigation" name="incidentSoftware" time="2.872"/>
  <testcase classname="testcases.TestNavigation" name="communication" time="3.226"/>
  <testcase classname="testcases.TestNavigation" name="dataManagement" time="3.916"/>
  <testcase classname="testcases.TestNavigation" name="hardwareRequest" time="3.579"/>
  <testcase classname="testcases.TestNavigation" name="infrastructure" time="2.952"/>
  <testcase classname="testcases.TestNavigation" name="managedBusinessApplication" time="3.103"/>
  <testcase classname="testcases.TestNavigation" name="modifyIncident" time="0.0">
    <skipped/>
  </testcase> <!-- modifyIncident -->
  <testcase classname="testcases.TestNavigation" name="modifyRequest" time="0.0">
    <skipped/>
  </testcase> <!-- modifyRequest -->
  <testcase classname="testcases.TestNavigation" name="activeDirectory" time="5.484"/>
  <testcase classname="testcases.TestNavigation" name="antivirus" time="11.682"/>
  <testcase classname="testcases.TestNavigation" name="exchange" time="11.29">
    <failure type="java.lang.AssertionError" message="expected [true] but found [false]">
      <![CDATA[java.lang.AssertionError: expected [true] but found [false]
at org.testng.Assert.fail(Assert.java:96)
at org.testng.Assert.failNotEquals(Assert.java:776)
at org.testng.Assert.assertEqualsImpl(Assert.java:137)
at org.testng.Assert.assertEquals(Assert.java:118)
at org.testng.Assert.assertEquals(Assert.java:568)
at org.testng.Assert.assertEquals(Assert.java:578)
at testcases.TestNavigation.exchange(TestNavigation.java:791)
at java.base/jdk.internal.reflect.NativeMethodAccessorImpl.invoke0(Native Method)
at java.base/jdk.internal.reflect.NativeMethodAccessorImpl.invoke(Unknown Source)
at java.base/jdk.internal.reflect.DelegatingMethodAccessorImpl.invoke(Unknown Source)
at java.base/java.lang.reflect.Method.invoke(Unknown Source)
at org.testng.internal.MethodInvocationHelper.invokeMethod(MethodInvocationHelper.java:124)
at org.testng.internal.Invoker.invokeMethod(Invoker.java:580)
at org.testng.internal.Invoker.invokeTestMethod(Invoker.java:716)
at org.testng.internal.Invoker.invokeTestMethods(Invoker.java:988)
at org.testng.internal.TestMethodWorker.invokeTestMethods(TestMethodWorker.java:125)
at org.testng.internal.TestMethodWorker.run(TestMethodWorker.java:109)
at org.testng.TestRunner.privateRun(TestRunner.java:648)
at org.testng.TestRunner.run(TestRunner.java:505)
at org.testng.SuiteRunner.runTest(SuiteRunner.java:455)
at org.testng.SuiteRunner.runSequentially(SuiteRunner.java:450)
at org.testng.SuiteRunner.privateRun(SuiteRunner.java:415)
at org.testng.SuiteRunner.run(SuiteRunner.java:364)
at org.testng.SuiteRunnerWorker.runSuite(SuiteRunnerWorker.java:52)
at org.testng.SuiteRunnerWorker.run(SuiteRunnerWorker.java:84)
at org.testng.TestNG.runSuitesSequentially(TestNG.java:1208)
at org.testng.TestNG.runSuitesLocally(TestNG.java:1137)
at org.testng.TestNG.runSuites(TestNG.java:1049)
at org.testng.TestNG.run(TestNG.java:1017)
at org.testng.remote.AbstractRemoteTestNG.run(AbstractRemoteTestNG.java:114)
at org.testng.remote.RemoteTestNG.initAndRun(RemoteTestNG.java:251)
at org.testng.remote.RemoteTestNG.main(RemoteTestNG.java:77)
]]>
    </failure>
  </testcase> <!-- exchange -->
  <testcase classname="testcases.TestNavigation" name="businessApp" time="5.129"/>
  <testcase classname="testcases.TestNavigation" name="citrix" time="5.105"/>
  <testcase classname="testcases.TestNavigation" name="communicationApp" time="3.691"/>
  <testcase classname="testcases.TestNavigation" name="officeApp" time="7.351"/>
  <testcase classname="testcases.TestNavigation" name="otherSoftware" time="4.266"/>
  <testcase classname="testcases.TestNavigation" name="emailMailbox" time="3.543"/>
  <testcase classname="testcases.TestNavigation" name="ipTelephonyServices" time="3.676"/>
  <testcase classname="testcases.TestNavigation" name="bPC" time="4.062"/>
  <testcase classname="testcases.TestNavigation" name="clickview" time="5.318"/>
  <testcase classname="testcases.TestNavigation" name="clockworks" time="3.588"/>
  <testcase classname="testcases.TestNavigation" name="general" time="3.344"/>
  <testcase classname="testcases.TestNavigation" name="imis" time="3.188"/>
  <testcase classname="testcases.TestNavigation" name="lyris" time="3.475"/>
  <testcase classname="testcases.TestNavigation" name="mailchimp" time="3.718"/>
  <testcase classname="testcases.TestNavigation" name="mobatime" time="3.649"/>
  <testcase classname="testcases.TestNavigation" name="proconcept" time="3.699"/>
  <testcase classname="testcases.TestNavigation" name="scorecards" time="3.751"/>
  <testcase classname="testcases.TestNavigation" name="vPN" time="3.914"/>
  <testcase classname="testcases.TestNavigation" name="addEmail" time="4.041"/>
  <testcase classname="testcases.TestNavigation" name="changeLastName" time="3.759"/>
  <testcase classname="testcases.TestNavigation" name="changeNameManager" time="3.99"/>
  <testcase classname="testcases.TestNavigation" name="changeOfficeAddress" time="5.876"/>
  <testcase classname="testcases.TestNavigation" name="accessMailboxExhange" time="0.0">
    <skipped/>
  </testcase> <!-- accessMailboxExhange -->
  <testcase classname="testcases.TestNavigation" name="accessSharedCalendar" time="0.001">
    <skipped/>
  </testcase> <!-- accessSharedCalendar -->
  <testcase classname="testcases.TestNavigation" name="calendarAccess" time="0.0">
    <skipped/>
  </testcase> <!-- calendarAccess -->
  <testcase classname="testcases.TestNavigation" name="grantAccessFolder" time="4.305"/>
  <testcase classname="testcases.TestNavigation" name="issueEmails" time="0.0">
    <skipped/>
  </testcase> <!-- issueEmails -->
  <testcase classname="testcases.TestNavigation" name="notSpam" time="0.0">
    <skipped/>
  </testcase> <!-- notSpam -->
  <testcase classname="testcases.TestNavigation" name="otherExchange" time="0.0">
    <skipped/>
  </testcase> <!-- otherExchange -->
  <testcase classname="testcases.TestNavigation" name="problemAV" time="9.441">
    <failure type="java.lang.AssertionError" message="expected [true] but found [false]">
      <![CDATA[java.lang.AssertionError: expected [true] but found [false]
at org.testng.Assert.fail(Assert.java:96)
at org.testng.Assert.failNotEquals(Assert.java:776)
at org.testng.Assert.assertEqualsImpl(Assert.java:137)
at org.testng.Assert.assertEquals(Assert.java:118)
at org.testng.Assert.assertEquals(Assert.java:568)
at org.testng.Assert.assertEquals(Assert.java:578)
at testcases.TestNavigation.problemAV(TestNavigation.java:853)
at java.base/jdk.internal.reflect.NativeMethodAccessorImpl.invoke0(Native Method)
at java.base/jdk.internal.reflect.NativeMethodAccessorImpl.invoke(Unknown Source)
at java.base/jdk.internal.reflect.DelegatingMethodAccessorImpl.invoke(Unknown Source)
at java.base/java.lang.reflect.Method.invoke(Unknown Source)
at org.testng.internal.MethodInvocationHelper.invokeMethod(MethodInvocationHelper.java:124)
at org.testng.internal.Invoker.invokeMethod(Invoker.java:580)
at org.testng.internal.Invoker.invokeTestMethod(Invoker.java:716)
at org.testng.internal.Invoker.invokeTestMethods(Invoker.java:988)
at org.testng.internal.TestMethodWorker.invokeTestMethods(TestMethodWorker.java:125)
at org.testng.internal.TestMethodWorker.run(TestMethodWorker.java:109)
at org.testng.TestRunner.privateRun(TestRunner.java:648)
at org.testng.TestRunner.run(TestRunner.java:505)
at org.testng.SuiteRunner.runTest(SuiteRunner.java:455)
at org.testng.SuiteRunner.runSequentially(SuiteRunner.java:450)
at org.testng.SuiteRunner.privateRun(SuiteRunner.java:415)
at org.testng.SuiteRunner.run(SuiteRunner.java:364)
at org.testng.SuiteRunnerWorker.runSuite(SuiteRunnerWorker.java:52)
at org.testng.SuiteRunnerWorker.run(SuiteRunnerWorker.java:84)
at org.testng.TestNG.runSuitesSequentially(TestNG.java:1208)
at org.testng.TestNG.runSuitesLocally(TestNG.java:1137)
at org.testng.TestNG.runSuites(TestNG.java:1049)
at org.testng.TestNG.run(TestNG.java:1017)
at org.testng.remote.AbstractRemoteTestNG.run(AbstractRemoteTestNG.java:114)
at org.testng.remote.RemoteTestNG.initAndRun(RemoteTestNG.java:251)
at org.testng.remote.RemoteTestNG.main(RemoteTestNG.java:77)
]]>
    </failure>
  </testcase> <!-- problemAV -->
  <testcase classname="testcases.TestNavigation" name="resetPassword" time="4.588"/>
  <testcase classname="testcases.TestNavigation" name="sendAsPermissions" time="0.0">
    <skipped/>
  </testcase> <!-- sendAsPermissions -->
  <testcase classname="testcases.TestNavigation" name="spam" time="0.001">
    <skipped/>
  </testcase> <!-- spam -->
  <testcase classname="testcases.TestNavigation" name="createDistributionList" time="6.288"/>
  <testcase classname="testcases.TestNavigation" name="createEmailIntoFolder" time="5.212"/>
  <testcase classname="testcases.TestNavigation" name="createSharedMailbox" time="4.953"/>
  <testcase classname="testcases.TestNavigation" name="deleteSharedMailbox" time="5.467"/>
  <testcase classname="testcases.TestNavigation" name="disableSharedMailbox" time="5.295"/>
  <testcase classname="testcases.TestNavigation" name="grantSharedMailboxAccess" time="5.918"/>
  <testcase classname="testcases.TestNavigation" name="grantUserMailboxAccess" time="5.507"/>
  <testcase classname="testcases.TestNavigation" name="modifyExistingMailbox" time="5.238"/>
  <testcase classname="testcases.TestNavigation" name="otherEmailRequest" time="4.88">
    <failure type="java.lang.AssertionError" message="expected [true] but found [false]">
      <![CDATA[java.lang.AssertionError: expected [true] but found [false]
at org.testng.Assert.fail(Assert.java:96)
at org.testng.Assert.failNotEquals(Assert.java:776)
at org.testng.Assert.assertEqualsImpl(Assert.java:137)
at org.testng.Assert.assertEquals(Assert.java:118)
at org.testng.Assert.assertEquals(Assert.java:568)
at org.testng.Assert.assertEquals(Assert.java:578)
at testcases.TestNavigation.otherEmailRequest(TestNavigation.java:458)
at java.base/jdk.internal.reflect.NativeMethodAccessorImpl.invoke0(Native Method)
at java.base/jdk.internal.reflect.NativeMethodAccessorImpl.invoke(Unknown Source)
at java.base/jdk.internal.reflect.DelegatingMethodAccessorImpl.invoke(Unknown Source)
at java.base/java.lang.reflect.Method.invoke(Unknown Source)
at org.testng.internal.MethodInvocationHelper.invokeMethod(MethodInvocationHelper.java:124)
at org.testng.internal.Invoker.invokeMethod(Invoker.java:580)
at org.testng.internal.Invoker.invokeTestMethod(Invoker.java:716)
at org.testng.internal.Invoker.invokeTestMethods(Invoker.java:988)
at org.testng.internal.TestMethodWorker.invokeTestMethods(TestMethodWorker.java:125)
at org.testng.internal.TestMethodWorker.run(TestMethodWorker.java:109)
at org.testng.TestRunner.privateRun(TestRunner.java:648)
at org.testng.TestRunner.run(TestRunner.java:505)
at org.testng.SuiteRunner.runTest(SuiteRunner.java:455)
at org.testng.SuiteRunner.runSequentially(SuiteRunner.java:450)
at org.testng.SuiteRunner.privateRun(SuiteRunner.java:415)
at org.testng.SuiteRunner.run(SuiteRunner.java:364)
at org.testng.SuiteRunnerWorker.runSuite(SuiteRunnerWorker.java:52)
at org.testng.SuiteRunnerWorker.run(SuiteRunnerWorker.java:84)
at org.testng.TestNG.runSuitesSequentially(TestNG.java:1208)
at org.testng.TestNG.runSuitesLocally(TestNG.java:1137)
at org.testng.TestNG.runSuites(TestNG.java:1049)
at org.testng.TestNG.run(TestNG.java:1017)
at org.testng.remote.AbstractRemoteTestNG.run(AbstractRemoteTestNG.java:114)
at org.testng.remote.RemoteTestNG.initAndRun(RemoteTestNG.java:251)
at org.testng.remote.RemoteTestNG.main(RemoteTestNG.java:77)
]]>
    </failure>
  </testcase> <!-- otherEmailRequest -->
  <testcase classname="testcases.TestNavigation" name="registerNewDomain" time="5.625"/>
  <testcase classname="testcases.TestNavigation" name="revokeSharedMailbox" time="4.822">
    <failure type="java.lang.AssertionError" message="expected [true] but found [false]">
      <![CDATA[java.lang.AssertionError: expected [true] but found [false]
at org.testng.Assert.fail(Assert.java:96)
at org.testng.Assert.failNotEquals(Assert.java:776)
at org.testng.Assert.assertEqualsImpl(Assert.java:137)
at org.testng.Assert.assertEquals(Assert.java:118)
at org.testng.Assert.assertEquals(Assert.java:568)
at org.testng.Assert.assertEquals(Assert.java:578)
at testcases.TestNavigation.revokeSharedMailbox(TestNavigation.java:364)
at java.base/jdk.internal.reflect.NativeMethodAccessorImpl.invoke0(Native Method)
at java.base/jdk.internal.reflect.NativeMethodAccessorImpl.invoke(Unknown Source)
at java.base/jdk.internal.reflect.DelegatingMethodAccessorImpl.invoke(Unknown Source)
at java.base/java.lang.reflect.Method.invoke(Unknown Source)
at org.testng.internal.MethodInvocationHelper.invokeMethod(MethodInvocationHelper.java:124)
at org.testng.internal.Invoker.invokeMethod(Invoker.java:580)
at org.testng.internal.Invoker.invokeTestMethod(Invoker.java:716)
at org.testng.internal.Invoker.invokeTestMethods(Invoker.java:988)
at org.testng.internal.TestMethodWorker.invokeTestMethods(TestMethodWorker.java:125)
at org.testng.internal.TestMethodWorker.run(TestMethodWorker.java:109)
at org.testng.TestRunner.privateRun(TestRunner.java:648)
at org.testng.TestRunner.run(TestRunner.java:505)
at org.testng.SuiteRunner.runTest(SuiteRunner.java:455)
at org.testng.SuiteRunner.runSequentially(SuiteRunner.java:450)
at org.testng.SuiteRunner.privateRun(SuiteRunner.java:415)
at org.testng.SuiteRunner.run(SuiteRunner.java:364)
at org.testng.SuiteRunnerWorker.runSuite(SuiteRunnerWorker.java:52)
at org.testng.SuiteRunnerWorker.run(SuiteRunnerWorker.java:84)
at org.testng.TestNG.runSuitesSequentially(TestNG.java:1208)
at org.testng.TestNG.runSuitesLocally(TestNG.java:1137)
at org.testng.TestNG.runSuites(TestNG.java:1049)
at org.testng.TestNG.run(TestNG.java:1017)
at org.testng.remote.AbstractRemoteTestNG.run(AbstractRemoteTestNG.java:114)
at org.testng.remote.RemoteTestNG.initAndRun(RemoteTestNG.java:251)
at org.testng.remote.RemoteTestNG.main(RemoteTestNG.java:77)
]]>
    </failure>
  </testcase> <!-- revokeSharedMailbox -->
  <testcase classname="testcases.TestNavigation" name="unlockAccount" time="3.783"/>
  <testcase classname="testcases.TestNavigation" name="badPerformance" time="3.991"/>
  <testcase classname="testcases.TestNavigation" name="otherVPN" time="4.694"/>
  <testcase classname="testcases.TestNavigation" name="unableLogin" time="14.15"/>
  <testcase classname="testcases.TestNavigation" name="virusFound" time="4.058"/>
</testsuite> <!-- Default test -->
