<?xml version="1.0" encoding="UTF-8"?>
<testng-results ignored="27" total="28" passed="1" failed="0" skipped="0">
  <reporter-output>
  </reporter-output>
  <suite started-at="2018-05-30T09:35:21Z" name="Default suite" finished-at="2018-05-30T09:35:42Z" duration-ms="21209">
    <groups>
      <group name="skype">
        <method signature="TestReportIncident.reportSkypeOther()[pri:0, instance:testcases.TestReportIncident@68c72235]" name="reportSkypeOther" class="testcases.TestReportIncident"/>
      </group> <!-- skype -->
    </groups>
    <test started-at="2018-05-30T09:35:21Z" name="Default test" finished-at="2018-05-30T09:35:42Z" duration-ms="21209">
      <class name="testcases.TestReportIncident">
        <test-method is-config="true" signature="loadPage()[pri:0, instance:testcases.TestReportIncident@68c72235]" started-at="2018-05-30T09:35:21Z" name="loadPage" finished-at="2018-05-30T09:35:32Z" duration-ms="11227" status="PASS">
          <reporter-output>
          </reporter-output>
        </test-method> <!-- loadPage -->
        <test-method is-config="true" signature="configLogger()[pri:0, instance:testcases.TestReportIncident@68c72235]" started-at="2018-05-30T09:35:32Z" name="configLogger" finished-at="2018-05-30T09:35:32Z" duration-ms="85" status="PASS">
          <reporter-output>
          </reporter-output>
        </test-method> <!-- configLogger -->
        <test-method is-config="true" signature="reload()[pri:0, instance:testcases.TestReportIncident@68c72235]" started-at="2018-05-30T09:35:32Z" name="reload" finished-at="2018-05-30T09:35:32Z" duration-ms="328" status="PASS">
          <reporter-output>
          </reporter-output>
        </test-method> <!-- reload -->
        <test-method signature="reportSkypeOther()[pri:0, instance:testcases.TestReportIncident@68c72235]" started-at="2018-05-30T09:35:32Z" name="reportSkypeOther" finished-at="2018-05-30T09:35:41Z" duration-ms="8320" status="PASS">
          <reporter-output>
          </reporter-output>
        </test-method> <!-- reportSkypeOther -->
        <test-method is-config="true" signature="logSeparator()[pri:0, instance:testcases.TestReportIncident@68c72235]" started-at="2018-05-30T09:35:41Z" name="logSeparator" finished-at="2018-05-30T09:35:41Z" duration-ms="0" status="PASS">
          <reporter-output>
          </reporter-output>
        </test-method> <!-- logSeparator -->
        <test-method is-config="true" signature="logStuff()[pri:0, instance:testcases.TestReportIncident@68c72235]" started-at="2018-05-30T09:35:41Z" name="logStuff" finished-at="2018-05-30T09:35:41Z" duration-ms="2" status="PASS">
          <reporter-output>
          </reporter-output>
        </test-method> <!-- logStuff -->
        <test-method is-config="true" signature="closeDriver()[pri:0, instance:testcases.TestReportIncident@68c72235]" started-at="2018-05-30T09:35:41Z" name="closeDriver" finished-at="2018-05-30T09:35:42Z" duration-ms="1206" status="PASS">
          <reporter-output>
          </reporter-output>
        </test-method> <!-- closeDriver -->
      </class> <!-- testcases.TestReportIncident -->
    </test> <!-- Default test -->
  </suite> <!-- Default suite -->
</testng-results>
