<?xml version="1.0" encoding="UTF-8"?>
<testng-results ignored="0" total="2" passed="2" failed="0" skipped="0">
  <reporter-output>
  </reporter-output>
  <suite started-at="2018-05-30T06:36:49Z" name="Default suite" finished-at="2018-05-30T06:37:26Z" duration-ms="36211">
    <groups>
      <group name="Login">
        <method signature="TestLogin.correctLogin()[pri:0, instance:testcases.TestLogin@2892dae4]" name="correctLogin" class="testcases.TestLogin"/>
      </group> <!-- Login -->
    </groups>
    <test started-at="2018-05-30T06:36:49Z" name="Default test" finished-at="2018-05-30T06:37:26Z" duration-ms="36211">
      <class name="testcases.TestLogin">
        <test-method is-config="true" signature="configLogger()[pri:0, instance:testcases.TestLogin@2892dae4]" started-at="2018-05-30T06:36:49Z" name="configLogger" finished-at="2018-05-30T06:36:50Z" duration-ms="142" status="PASS">
          <reporter-output>
          </reporter-output>
        </test-method> <!-- configLogger -->
        <test-method is-config="true" signature="loadVariables()[pri:0, instance:testcases.TestLogin@2892dae4]" started-at="2018-05-30T06:36:50Z" name="loadVariables" finished-at="2018-05-30T06:36:59Z" duration-ms="9599" status="PASS">
          <reporter-output>
          </reporter-output>
        </test-method> <!-- loadVariables -->
        <test-method signature="correctLogin()[pri:0, instance:testcases.TestLogin@2892dae4]" started-at="2018-05-30T06:36:59Z" name="correctLogin" finished-at="2018-05-30T06:37:02Z" duration-ms="2918" status="PASS">
          <reporter-output>
          </reporter-output>
        </test-method> <!-- correctLogin -->
        <test-method is-config="true" signature="closeDriver()[pri:0, instance:testcases.TestLogin@2892dae4]" started-at="2018-05-30T06:37:02Z" name="closeDriver" finished-at="2018-05-30T06:37:03Z" duration-ms="1361" status="PASS">
          <reporter-output>
          </reporter-output>
        </test-method> <!-- closeDriver -->
        <test-method is-config="true" signature="loadVariables()[pri:0, instance:testcases.TestLogin@2892dae4]" started-at="2018-05-30T06:37:03Z" name="loadVariables" finished-at="2018-05-30T06:37:13Z" duration-ms="9927" status="PASS">
          <reporter-output>
          </reporter-output>
        </test-method> <!-- loadVariables -->
        <test-method signature="wrongLogin()[pri:0, instance:testcases.TestLogin@2892dae4]" started-at="2018-05-30T06:37:13Z" name="wrongLogin" finished-at="2018-05-30T06:37:25Z" duration-ms="11358" status="PASS">
          <reporter-output>
          </reporter-output>
        </test-method> <!-- wrongLogin -->
        <test-method is-config="true" signature="closeDriver()[pri:0, instance:testcases.TestLogin@2892dae4]" started-at="2018-05-30T06:37:25Z" name="closeDriver" finished-at="2018-05-30T06:37:26Z" duration-ms="871" status="PASS">
          <reporter-output>
          </reporter-output>
        </test-method> <!-- closeDriver -->
        <test-method is-config="true" signature="logResults()[pri:0, instance:testcases.TestLogin@2892dae4]" started-at="2018-05-30T06:37:26Z" name="logResults" finished-at="2018-05-30T06:37:26Z" duration-ms="3" status="PASS">
          <reporter-output>
          </reporter-output>
        </test-method> <!-- logResults -->
      </class> <!-- testcases.TestLogin -->
    </test> <!-- Default test -->
  </suite> <!-- Default suite -->
</testng-results>
