<?xml version="1.0" encoding="UTF-8"?>
<testng-results ignored="0" total="2" passed="2" failed="0" skipped="0">
  <reporter-output>
  </reporter-output>
  <suite started-at="2018-05-23T12:12:44Z" name="Default suite" finished-at="2018-05-23T12:13:12Z" duration-ms="28084">
    <groups>
      <group name="Login">
        <method signature="TestLogin.correctLogin()[pri:0, instance:testcases.TestLogin@2892dae4]" name="correctLogin" class="testcases.TestLogin"/>
      </group> <!-- Login -->
    </groups>
    <test started-at="2018-05-23T12:12:44Z" name="Default test" finished-at="2018-05-23T12:13:12Z" duration-ms="28084">
      <class name="testcases.TestLogin">
        <test-method is-config="true" signature="configLogger()[pri:0, instance:testcases.TestLogin@2892dae4]" started-at="2018-05-23T12:12:44Z" name="configLogger" finished-at="2018-05-23T12:12:44Z" duration-ms="107" status="PASS">
          <reporter-output>
          </reporter-output>
        </test-method> <!-- configLogger -->
        <test-method is-config="true" signature="loadVariables()[pri:0, instance:testcases.TestLogin@2892dae4]" started-at="2018-05-23T12:12:44Z" name="loadVariables" finished-at="2018-05-23T12:12:54Z" duration-ms="10078" status="PASS">
          <reporter-output>
          </reporter-output>
        </test-method> <!-- loadVariables -->
        <test-method signature="correctLogin()[pri:0, instance:testcases.TestLogin@2892dae4]" started-at="2018-05-23T12:12:54Z" name="correctLogin" finished-at="2018-05-23T12:12:58Z" duration-ms="3809" status="PASS">
          <reporter-output>
          </reporter-output>
        </test-method> <!-- correctLogin -->
        <test-method is-config="true" signature="closeDriver()[pri:0, instance:testcases.TestLogin@2892dae4]" started-at="2018-05-23T12:12:58Z" name="closeDriver" finished-at="2018-05-23T12:12:59Z" duration-ms="1111" status="PASS">
          <reporter-output>
          </reporter-output>
        </test-method> <!-- closeDriver -->
        <test-method is-config="true" signature="loadVariables()[pri:0, instance:testcases.TestLogin@2892dae4]" started-at="2018-05-23T12:12:59Z" name="loadVariables" finished-at="2018-05-23T12:13:08Z" duration-ms="8770" status="PASS">
          <reporter-output>
          </reporter-output>
        </test-method> <!-- loadVariables -->
        <test-method signature="wrongLogin()[pri:0, instance:testcases.TestLogin@2892dae4]" started-at="2018-05-23T12:13:08Z" name="wrongLogin" finished-at="2018-05-23T12:13:11Z" duration-ms="3060" status="PASS">
          <reporter-output>
          </reporter-output>
        </test-method> <!-- wrongLogin -->
        <test-method is-config="true" signature="closeDriver()[pri:0, instance:testcases.TestLogin@2892dae4]" started-at="2018-05-23T12:13:11Z" name="closeDriver" finished-at="2018-05-23T12:13:12Z" duration-ms="1121" status="PASS">
          <reporter-output>
          </reporter-output>
        </test-method> <!-- closeDriver -->
        <test-method is-config="true" signature="logResults()[pri:0, instance:testcases.TestLogin@2892dae4]" started-at="2018-05-23T12:13:12Z" name="logResults" finished-at="2018-05-23T12:13:12Z" duration-ms="1" status="PASS">
          <reporter-output>
          </reporter-output>
        </test-method> <!-- logResults -->
      </class> <!-- testcases.TestLogin -->
    </test> <!-- Default test -->
  </suite> <!-- Default suite -->
</testng-results>
