<?xml version="1.0" encoding="UTF-8"?>
<testng-results ignored="0" total="70" passed="53" failed="5" skipped="12">
  <reporter-output>
  </reporter-output>
  <suite started-at="2018-05-24T11:56:27Z" name="Default suite" finished-at="2018-05-24T12:02:25Z" duration-ms="358214">
    <groups>
      <group name="Navigation">
        <method signature="TestNavigation.createModifyTicket()[pri:0, instance:testcases.TestNavigation@51dcb805]" name="createModifyTicket" class="testcases.TestNavigation"/>
        <method signature="TestNavigation.createTicket()[pri:0, instance:testcases.TestNavigation@51dcb805]" name="createTicket" class="testcases.TestNavigation"/>
        <method signature="TestNavigation.modifyTicket()[pri:0, instance:testcases.TestNavigation@51dcb805]" name="modifyTicket" class="testcases.TestNavigation"/>
        <method signature="TestNavigation.modifyIncident()[pri:0, instance:testcases.TestNavigation@51dcb805]" name="modifyIncident" class="testcases.TestNavigation"/>
        <method signature="TestNavigation.modifyRequest()[pri:0, instance:testcases.TestNavigation@51dcb805]" name="modifyRequest" class="testcases.TestNavigation"/>
        <method signature="TestNavigation.reportAnIncident()[pri:0, instance:testcases.TestNavigation@51dcb805]" name="reportAnIncident" class="testcases.TestNavigation"/>
        <method signature="TestNavigation.incidentHardware()[pri:0, instance:testcases.TestNavigation@51dcb805]" name="incidentHardware" class="testcases.TestNavigation"/>
        <method signature="TestNavigation.incidentNetwork()[pri:0, instance:testcases.TestNavigation@51dcb805]" name="incidentNetwork" class="testcases.TestNavigation"/>
        <method signature="TestNavigation.incidentSecurity()[pri:0, instance:testcases.TestNavigation@51dcb805]" name="incidentSecurity" class="testcases.TestNavigation"/>
        <method signature="TestNavigation.activeDirectory()[pri:0, instance:testcases.TestNavigation@51dcb805]" name="activeDirectory" class="testcases.TestNavigation"/>
        <method signature="TestNavigation.addEmail()[pri:0, instance:testcases.TestNavigation@51dcb805]" name="addEmail" class="testcases.TestNavigation"/>
        <method signature="TestNavigation.antivirus()[pri:0, instance:testcases.TestNavigation@51dcb805]" name="antivirus" class="testcases.TestNavigation"/>
        <method signature="TestNavigation.changeLastName()[pri:0, instance:testcases.TestNavigation@51dcb805]" name="changeLastName" class="testcases.TestNavigation"/>
        <method signature="TestNavigation.changeNameManager()[pri:0, instance:testcases.TestNavigation@51dcb805]" name="changeNameManager" class="testcases.TestNavigation"/>
        <method signature="TestNavigation.changeOfficeAddress()[pri:0, instance:testcases.TestNavigation@51dcb805]" name="changeOfficeAddress" class="testcases.TestNavigation"/>
        <method signature="TestNavigation.exchange()[pri:0, instance:testcases.TestNavigation@51dcb805]" name="exchange" class="testcases.TestNavigation"/>
        <method signature="TestNavigation.accessMailboxExhange()[pri:0, instance:testcases.TestNavigation@51dcb805]" name="accessMailboxExhange" class="testcases.TestNavigation"/>
        <method signature="TestNavigation.accessSharedCalendar()[pri:0, instance:testcases.TestNavigation@51dcb805]" name="accessSharedCalendar" class="testcases.TestNavigation"/>
        <method signature="TestNavigation.calendarAccess()[pri:0, instance:testcases.TestNavigation@51dcb805]" name="calendarAccess" class="testcases.TestNavigation"/>
        <method signature="TestNavigation.grantAccessFolder()[pri:0, instance:testcases.TestNavigation@51dcb805]" name="grantAccessFolder" class="testcases.TestNavigation"/>
        <method signature="TestNavigation.incidentSoftware()[pri:0, instance:testcases.TestNavigation@51dcb805]" name="incidentSoftware" class="testcases.TestNavigation"/>
        <method signature="TestNavigation.businessApp()[pri:0, instance:testcases.TestNavigation@51dcb805]" name="businessApp" class="testcases.TestNavigation"/>
        <method signature="TestNavigation.citrix()[pri:0, instance:testcases.TestNavigation@51dcb805]" name="citrix" class="testcases.TestNavigation"/>
        <method signature="TestNavigation.communicationApp()[pri:0, instance:testcases.TestNavigation@51dcb805]" name="communicationApp" class="testcases.TestNavigation"/>
        <method signature="TestNavigation.issueEmails()[pri:0, instance:testcases.TestNavigation@51dcb805]" name="issueEmails" class="testcases.TestNavigation"/>
        <method signature="TestNavigation.notSpam()[pri:0, instance:testcases.TestNavigation@51dcb805]" name="notSpam" class="testcases.TestNavigation"/>
        <method signature="TestNavigation.officeApp()[pri:0, instance:testcases.TestNavigation@51dcb805]" name="officeApp" class="testcases.TestNavigation"/>
        <method signature="TestNavigation.otherExchange()[pri:0, instance:testcases.TestNavigation@51dcb805]" name="otherExchange" class="testcases.TestNavigation"/>
        <method signature="TestNavigation.otherSoftware()[pri:0, instance:testcases.TestNavigation@51dcb805]" name="otherSoftware" class="testcases.TestNavigation"/>
        <method signature="TestNavigation.problemAV()[pri:0, instance:testcases.TestNavigation@51dcb805]" name="problemAV" class="testcases.TestNavigation"/>
        <method signature="TestNavigation.resetPassword()[pri:0, instance:testcases.TestNavigation@51dcb805]" name="resetPassword" class="testcases.TestNavigation"/>
        <method signature="TestNavigation.sendAsPermissions()[pri:0, instance:testcases.TestNavigation@51dcb805]" name="sendAsPermissions" class="testcases.TestNavigation"/>
        <method signature="TestNavigation.spam()[pri:0, instance:testcases.TestNavigation@51dcb805]" name="spam" class="testcases.TestNavigation"/>
        <method signature="TestNavigation.submitARequest()[pri:0, instance:testcases.TestNavigation@51dcb805]" name="submitARequest" class="testcases.TestNavigation"/>
        <method signature="TestNavigation.communication()[pri:0, instance:testcases.TestNavigation@51dcb805]" name="communication" class="testcases.TestNavigation"/>
        <method signature="TestNavigation.dataManagement()[pri:0, instance:testcases.TestNavigation@51dcb805]" name="dataManagement" class="testcases.TestNavigation"/>
        <method signature="TestNavigation.emailMailbox()[pri:0, instance:testcases.TestNavigation@51dcb805]" name="emailMailbox" class="testcases.TestNavigation"/>
        <method signature="TestNavigation.createDistributionList()[pri:0, instance:testcases.TestNavigation@51dcb805]" name="createDistributionList" class="testcases.TestNavigation"/>
        <method signature="TestNavigation.createEmailIntoFolder()[pri:0, instance:testcases.TestNavigation@51dcb805]" name="createEmailIntoFolder" class="testcases.TestNavigation"/>
        <method signature="TestNavigation.createSharedMailbox()[pri:0, instance:testcases.TestNavigation@51dcb805]" name="createSharedMailbox" class="testcases.TestNavigation"/>
        <method signature="TestNavigation.deleteSharedMailbox()[pri:0, instance:testcases.TestNavigation@51dcb805]" name="deleteSharedMailbox" class="testcases.TestNavigation"/>
        <method signature="TestNavigation.disableSharedMailbox()[pri:0, instance:testcases.TestNavigation@51dcb805]" name="disableSharedMailbox" class="testcases.TestNavigation"/>
        <method signature="TestNavigation.grantSharedMailboxAccess()[pri:0, instance:testcases.TestNavigation@51dcb805]" name="grantSharedMailboxAccess" class="testcases.TestNavigation"/>
        <method signature="TestNavigation.grantUserMailboxAccess()[pri:0, instance:testcases.TestNavigation@51dcb805]" name="grantUserMailboxAccess" class="testcases.TestNavigation"/>
        <method signature="TestNavigation.hardwareRequest()[pri:0, instance:testcases.TestNavigation@51dcb805]" name="hardwareRequest" class="testcases.TestNavigation"/>
        <method signature="TestNavigation.infrastructure()[pri:0, instance:testcases.TestNavigation@51dcb805]" name="infrastructure" class="testcases.TestNavigation"/>
        <method signature="TestNavigation.ipTelephonyServices()[pri:0, instance:testcases.TestNavigation@51dcb805]" name="ipTelephonyServices" class="testcases.TestNavigation"/>
        <method signature="TestNavigation.managedBusinessApplication()[pri:0, instance:testcases.TestNavigation@51dcb805]" name="managedBusinessApplication" class="testcases.TestNavigation"/>
        <method signature="TestNavigation.bPC()[pri:0, instance:testcases.TestNavigation@51dcb805]" name="bPC" class="testcases.TestNavigation"/>
        <method signature="TestNavigation.clickview()[pri:0, instance:testcases.TestNavigation@51dcb805]" name="clickview" class="testcases.TestNavigation"/>
        <method signature="TestNavigation.clockworks()[pri:0, instance:testcases.TestNavigation@51dcb805]" name="clockworks" class="testcases.TestNavigation"/>
        <method signature="TestNavigation.general()[pri:0, instance:testcases.TestNavigation@51dcb805]" name="general" class="testcases.TestNavigation"/>
        <method signature="TestNavigation.imis()[pri:0, instance:testcases.TestNavigation@51dcb805]" name="imis" class="testcases.TestNavigation"/>
        <method signature="TestNavigation.lyris()[pri:0, instance:testcases.TestNavigation@51dcb805]" name="lyris" class="testcases.TestNavigation"/>
        <method signature="TestNavigation.mailchimp()[pri:0, instance:testcases.TestNavigation@51dcb805]" name="mailchimp" class="testcases.TestNavigation"/>
        <method signature="TestNavigation.mobatime()[pri:0, instance:testcases.TestNavigation@51dcb805]" name="mobatime" class="testcases.TestNavigation"/>
        <method signature="TestNavigation.modifyExistingMailbox()[pri:0, instance:testcases.TestNavigation@51dcb805]" name="modifyExistingMailbox" class="testcases.TestNavigation"/>
        <method signature="TestNavigation.otherEmailRequest()[pri:0, instance:testcases.TestNavigation@51dcb805]" name="otherEmailRequest" class="testcases.TestNavigation"/>
        <method signature="TestNavigation.proconcept()[pri:0, instance:testcases.TestNavigation@51dcb805]" name="proconcept" class="testcases.TestNavigation"/>
        <method signature="TestNavigation.registerNewDomain()[pri:0, instance:testcases.TestNavigation@51dcb805]" name="registerNewDomain" class="testcases.TestNavigation"/>
        <method signature="TestNavigation.revokeSharedMailbox()[pri:0, instance:testcases.TestNavigation@51dcb805]" name="revokeSharedMailbox" class="testcases.TestNavigation"/>
        <method signature="TestNavigation.scorecards()[pri:0, instance:testcases.TestNavigation@51dcb805]" name="scorecards" class="testcases.TestNavigation"/>
        <method signature="TestNavigation.unlockAccount()[pri:0, instance:testcases.TestNavigation@51dcb805]" name="unlockAccount" class="testcases.TestNavigation"/>
        <method signature="TestNavigation.vPN()[pri:0, instance:testcases.TestNavigation@51dcb805]" name="vPN" class="testcases.TestNavigation"/>
        <method signature="TestNavigation.badPerformance()[pri:0, instance:testcases.TestNavigation@51dcb805]" name="badPerformance" class="testcases.TestNavigation"/>
        <method signature="TestNavigation.otherVPN()[pri:0, instance:testcases.TestNavigation@51dcb805]" name="otherVPN" class="testcases.TestNavigation"/>
        <method signature="TestNavigation.unableLogin()[pri:0, instance:testcases.TestNavigation@51dcb805]" name="unableLogin" class="testcases.TestNavigation"/>
        <method signature="TestNavigation.virusFound()[pri:0, instance:testcases.TestNavigation@51dcb805]" name="virusFound" class="testcases.TestNavigation"/>
      </group> <!-- Navigation -->
      <group name="Login">
        <method signature="TestLogin.correctLogin()[pri:0, instance:testcases.TestLogin@66498326]" name="correctLogin" class="testcases.TestLogin"/>
      </group> <!-- Login -->
      <group name="MBA">
        <method signature="TestNavigation.bPC()[pri:0, instance:testcases.TestNavigation@51dcb805]" name="bPC" class="testcases.TestNavigation"/>
        <method signature="TestNavigation.clickview()[pri:0, instance:testcases.TestNavigation@51dcb805]" name="clickview" class="testcases.TestNavigation"/>
        <method signature="TestNavigation.clockworks()[pri:0, instance:testcases.TestNavigation@51dcb805]" name="clockworks" class="testcases.TestNavigation"/>
        <method signature="TestNavigation.general()[pri:0, instance:testcases.TestNavigation@51dcb805]" name="general" class="testcases.TestNavigation"/>
        <method signature="TestNavigation.imis()[pri:0, instance:testcases.TestNavigation@51dcb805]" name="imis" class="testcases.TestNavigation"/>
        <method signature="TestNavigation.lyris()[pri:0, instance:testcases.TestNavigation@51dcb805]" name="lyris" class="testcases.TestNavigation"/>
        <method signature="TestNavigation.mailchimp()[pri:0, instance:testcases.TestNavigation@51dcb805]" name="mailchimp" class="testcases.TestNavigation"/>
        <method signature="TestNavigation.mobatime()[pri:0, instance:testcases.TestNavigation@51dcb805]" name="mobatime" class="testcases.TestNavigation"/>
        <method signature="TestNavigation.proconcept()[pri:0, instance:testcases.TestNavigation@51dcb805]" name="proconcept" class="testcases.TestNavigation"/>
        <method signature="TestNavigation.scorecards()[pri:0, instance:testcases.TestNavigation@51dcb805]" name="scorecards" class="testcases.TestNavigation"/>
      </group> <!-- MBA -->
    </groups>
    <test started-at="2018-05-24T11:56:27Z" name="Default test" finished-at="2018-05-24T12:02:25Z" duration-ms="358214">
      <class name="testcases.TestLogin">
        <test-method is-config="true" signature="configLogger()[pri:0, instance:testcases.TestLogin@66498326]" started-at="2018-05-24T11:56:45Z" name="configLogger" finished-at="2018-05-24T11:56:46Z" duration-ms="161" status="PASS">
          <reporter-output>
          </reporter-output>
        </test-method> <!-- configLogger -->
        <test-method is-config="true" signature="loadVariables()[pri:0, instance:testcases.TestLogin@66498326]" started-at="2018-05-24T11:56:46Z" name="loadVariables" finished-at="2018-05-24T11:57:04Z" duration-ms="18441" status="PASS">
          <reporter-output>
          </reporter-output>
        </test-method> <!-- loadVariables -->
        <test-method signature="correctLogin()[pri:0, instance:testcases.TestLogin@66498326]" started-at="2018-05-24T11:57:04Z" name="correctLogin" finished-at="2018-05-24T11:57:07Z" duration-ms="3217" status="PASS">
          <reporter-output>
          </reporter-output>
        </test-method> <!-- correctLogin -->
        <test-method is-config="true" signature="closeDriver()[pri:0, instance:testcases.TestLogin@66498326]" started-at="2018-05-24T11:57:07Z" name="closeDriver" finished-at="2018-05-24T11:57:09Z" duration-ms="1264" status="PASS">
          <reporter-output>
          </reporter-output>
        </test-method> <!-- closeDriver -->
        <test-method is-config="true" signature="loadVariables()[pri:0, instance:testcases.TestLogin@66498326]" started-at="2018-05-24T11:57:09Z" name="loadVariables" finished-at="2018-05-24T11:57:20Z" duration-ms="11371" status="PASS">
          <reporter-output>
          </reporter-output>
        </test-method> <!-- loadVariables -->
        <test-method signature="wrongLogin()[pri:0, instance:testcases.TestLogin@66498326]" started-at="2018-05-24T11:57:20Z" name="wrongLogin" finished-at="2018-05-24T11:57:24Z" duration-ms="3639" status="PASS">
          <reporter-output>
          </reporter-output>
        </test-method> <!-- wrongLogin -->
        <test-method is-config="true" signature="closeDriver()[pri:0, instance:testcases.TestLogin@66498326]" started-at="2018-05-24T11:57:24Z" name="closeDriver" finished-at="2018-05-24T11:57:25Z" duration-ms="1232" status="PASS">
          <reporter-output>
          </reporter-output>
        </test-method> <!-- closeDriver -->
        <test-method is-config="true" signature="logResults()[pri:0, instance:testcases.TestLogin@66498326]" started-at="2018-05-24T12:02:24Z" name="logResults" finished-at="2018-05-24T12:02:24Z" duration-ms="2" status="PASS">
          <reporter-output>
          </reporter-output>
        </test-method> <!-- logResults -->
        <test-method is-config="true" signature="closeDriver()[pri:0, instance:testcases.TestNavigation@51dcb805]" started-at="2018-05-24T12:02:24Z" name="closeDriver" finished-at="2018-05-24T12:02:25Z" duration-ms="1380" status="PASS">
          <reporter-output>
          </reporter-output>
        </test-method> <!-- closeDriver -->
      </class> <!-- testcases.TestLogin -->
      <class name="testcases.TestNavigation">
        <test-method is-config="true" signature="loadPage()[pri:0, instance:testcases.TestNavigation@51dcb805]" started-at="2018-05-24T11:56:27Z" name="loadPage" finished-at="2018-05-24T11:56:45Z" duration-ms="18541" status="PASS">
          <reporter-output>
          </reporter-output>
        </test-method> <!-- loadPage -->
        <test-method is-config="true" signature="configLogger()[pri:0, instance:testcases.TestNavigation@51dcb805]" started-at="2018-05-24T11:57:25Z" name="configLogger" finished-at="2018-05-24T11:57:25Z" duration-ms="4" status="PASS">
          <reporter-output>
          </reporter-output>
        </test-method> <!-- configLogger -->
        <test-method is-config="true" signature="reload()[pri:0, instance:testcases.TestNavigation@51dcb805]" started-at="2018-05-24T11:57:25Z" name="reload" finished-at="2018-05-24T11:57:27Z" duration-ms="1779" status="PASS">
          <reporter-output>
          </reporter-output>
        </test-method> <!-- reload -->
        <test-method signature="createModifyTicket()[pri:0, instance:testcases.TestNavigation@51dcb805]" started-at="2018-05-24T11:57:27Z" name="createModifyTicket" depends-on-groups="Login" finished-at="2018-05-24T11:57:27Z" duration-ms="45" status="FAIL">
          <exception class="java.lang.StackOverflowError">
            <full-stacktrace>
              <![CDATA[java.lang.StackOverflowError
at utilities.NavigationTree.clickButton(NavigationTree.java:87)
at utilities.NavigationTree.clickButton(NavigationTree.java:95)
at utilities.NavigationTree.clickButton(NavigationTree.java:95)
at utilities.NavigationTree.clickButton(NavigationTree.java:95)
at utilities.NavigationTree.clickButton(NavigationTree.java:95)
at utilities.NavigationTree.clickButton(NavigationTree.java:95)
at utilities.NavigationTree.clickButton(NavigationTree.java:95)
at utilities.NavigationTree.clickButton(NavigationTree.java:95)
at utilities.NavigationTree.clickButton(NavigationTree.java:95)
at utilities.NavigationTree.clickButton(NavigationTree.java:95)
at utilities.NavigationTree.clickButton(NavigationTree.java:95)
at utilities.NavigationTree.clickButton(NavigationTree.java:95)
at utilities.NavigationTree.clickButton(NavigationTree.java:95)
at utilities.NavigationTree.clickButton(NavigationTree.java:95)
at utilities.NavigationTree.clickButton(NavigationTree.java:95)
at utilities.NavigationTree.clickButton(NavigationTree.java:95)
at utilities.NavigationTree.clickButton(NavigationTree.java:95)
at utilities.NavigationTree.clickButton(NavigationTree.java:95)
at utilities.NavigationTree.clickButton(NavigationTree.java:95)
at utilities.NavigationTree.clickButton(NavigationTree.java:95)
at utilities.NavigationTree.clickButton(NavigationTree.java:95)
at utilities.NavigationTree.clickButton(NavigationTree.java:95)
at utilities.NavigationTree.clickButton(NavigationTree.java:95)
at utilities.NavigationTree.clickButton(NavigationTree.java:95)
at utilities.NavigationTree.clickButton(NavigationTree.java:95)
at utilities.NavigationTree.clickButton(NavigationTree.java:95)
at utilities.NavigationTree.clickButton(NavigationTree.java:95)
at utilities.NavigationTree.clickButton(NavigationTree.java:95)
at utilities.NavigationTree.clickButton(NavigationTree.java:95)
at utilities.NavigationTree.clickButton(NavigationTree.java:95)
at utilities.NavigationTree.clickButton(NavigationTree.java:95)
at utilities.NavigationTree.clickButton(NavigationTree.java:95)
at utilities.NavigationTree.clickButton(NavigationTree.java:95)
at utilities.NavigationTree.clickButton(NavigationTree.java:95)
at utilities.NavigationTree.clickButton(NavigationTree.java:95)
at utilities.NavigationTree.clickButton(NavigationTree.java:95)
at utilities.NavigationTree.clickButton(NavigationTree.java:95)
at utilities.NavigationTree.clickButton(NavigationTree.java:95)
at utilities.NavigationTree.clickButton(NavigationTree.java:95)
at utilities.NavigationTree.clickButton(NavigationTree.java:95)
at utilities.NavigationTree.clickButton(NavigationTree.java:95)
at utilities.NavigationTree.clickButton(NavigationTree.java:95)
at utilities.NavigationTree.clickButton(NavigationTree.java:95)
at utilities.NavigationTree.clickButton(NavigationTree.java:95)
at utilities.NavigationTree.clickButton(NavigationTree.java:95)
at utilities.NavigationTree.clickButton(NavigationTree.java:95)
at utilities.NavigationTree.clickButton(NavigationTree.java:95)
at utilities.NavigationTree.clickButton(NavigationTree.java:95)
at utilities.NavigationTree.clickButton(NavigationTree.java:95)
at utilities.NavigationTree.clickButton(NavigationTree.java:95)
at utilities.NavigationTree.clickButton(NavigationTree.java:95)
at utilities.NavigationTree.clickButton(NavigationTree.java:95)
at utilities.NavigationTree.clickButton(NavigationTree.java:95)
at utilities.NavigationTree.clickButton(NavigationTree.java:95)
at utilities.NavigationTree.clickButton(NavigationTree.java:95)
at utilities.NavigationTree.clickButton(NavigationTree.java:95)
at utilities.NavigationTree.clickButton(NavigationTree.java:95)
at utilities.NavigationTree.clickButton(NavigationTree.java:95)
at utilities.NavigationTree.clickButton(NavigationTree.java:95)
at utilities.NavigationTree.clickButton(NavigationTree.java:95)
at utilities.NavigationTree.clickButton(NavigationTree.java:95)
at utilities.NavigationTree.clickButton(NavigationTree.java:95)
at utilities.NavigationTree.clickButton(NavigationTree.java:95)
at utilities.NavigationTree.clickButton(NavigationTree.java:95)
at utilities.NavigationTree.clickButton(NavigationTree.java:95)
at utilities.NavigationTree.clickButton(NavigationTree.java:95)
at utilities.NavigationTree.clickButton(NavigationTree.java:95)
at utilities.NavigationTree.clickButton(NavigationTree.java:95)
at utilities.NavigationTree.clickButton(NavigationTree.java:95)
at utilities.NavigationTree.clickButton(NavigationTree.java:95)
at utilities.NavigationTree.clickButton(NavigationTree.java:95)
at utilities.NavigationTree.clickButton(NavigationTree.java:95)
at utilities.NavigationTree.clickButton(NavigationTree.java:95)
at utilities.NavigationTree.clickButton(NavigationTree.java:95)
at utilities.NavigationTree.clickButton(NavigationTree.java:95)
at utilities.NavigationTree.clickButton(NavigationTree.java:95)
at utilities.NavigationTree.clickButton(NavigationTree.java:95)
at utilities.NavigationTree.clickButton(NavigationTree.java:95)
at utilities.NavigationTree.clickButton(NavigationTree.java:95)
at utilities.NavigationTree.clickButton(NavigationTree.java:95)
at utilities.NavigationTree.clickButton(NavigationTree.java:95)
at utilities.NavigationTree.clickButton(NavigationTree.java:95)
at utilities.NavigationTree.clickButton(NavigationTree.java:95)
at utilities.NavigationTree.clickButton(NavigationTree.java:95)
at utilities.NavigationTree.clickButton(NavigationTree.java:95)
at utilities.NavigationTree.clickButton(NavigationTree.java:95)
at utilities.NavigationTree.clickButton(NavigationTree.java:95)
at utilities.NavigationTree.clickButton(NavigationTree.java:95)
at utilities.NavigationTree.clickButton(NavigationTree.java:95)
at utilities.NavigationTree.clickButton(NavigationTree.java:95)
at utilities.NavigationTree.clickButton(NavigationTree.java:95)
at utilities.NavigationTree.clickButton(NavigationTree.java:95)
at utilities.NavigationTree.clickButton(NavigationTree.java:95)
at utilities.NavigationTree.clickButton(NavigationTree.java:95)
at utilities.NavigationTree.clickButton(NavigationTree.java:95)
at utilities.NavigationTree.clickButton(NavigationTree.java:95)
at utilities.NavigationTree.clickButton(NavigationTree.java:95)
at utilities.NavigationTree.clickButton(NavigationTree.java:95)
at utilities.NavigationTree.clickButton(NavigationTree.java:95)
at utilities.NavigationTree.clickButton(NavigationTree.java:95)
at utilities.NavigationTree.clickButton(NavigationTree.java:95)
at utilities.NavigationTree.clickButton(NavigationTree.java:95)
at utilities.NavigationTree.clickButton(NavigationTree.java:95)
at utilities.NavigationTree.clickButton(NavigationTree.java:95)
at utilities.NavigationTree.clickButton(NavigationTree.java:95)
at utilities.NavigationTree.clickButton(NavigationTree.java:95)
at utilities.NavigationTree.clickButton(NavigationTree.java:95)
at utilities.NavigationTree.clickButton(NavigationTree.java:95)
at utilities.NavigationTree.clickButton(NavigationTree.java:95)
at utilities.NavigationTree.clickButton(NavigationTree.java:95)
at utilities.NavigationTree.clickButton(NavigationTree.java:95)
at utilities.NavigationTree.clickButton(NavigationTree.java:95)
at utilities.NavigationTree.clickButton(NavigationTree.java:95)
at utilities.NavigationTree.clickButton(NavigationTree.java:95)
at utilities.NavigationTree.clickButton(NavigationTree.java:95)
at utilities.NavigationTree.clickButton(NavigationTree.java:95)
at utilities.NavigationTree.clickButton(NavigationTree.java:95)
at utilities.NavigationTree.clickButton(NavigationTree.java:95)
at utilities.NavigationTree.clickButton(NavigationTree.java:95)
at utilities.NavigationTree.clickButton(NavigationTree.java:95)
at utilities.NavigationTree.clickButton(NavigationTree.java:95)
at utilities.NavigationTree.clickButton(NavigationTree.java:95)
at utilities.NavigationTree.clickButton(NavigationTree.java:95)
at utilities.NavigationTree.clickButton(NavigationTree.java:95)
at utilities.NavigationTree.clickButton(NavigationTree.java:95)
at utilities.NavigationTree.clickButton(NavigationTree.java:95)
at utilities.NavigationTree.clickButton(NavigationTree.java:95)
at utilities.NavigationTree.clickButton(NavigationTree.java:95)
at utilities.NavigationTree.clickButton(NavigationTree.java:95)
at utilities.NavigationTree.clickButton(NavigationTree.java:95)
at utilities.NavigationTree.clickButton(NavigationTree.java:95)
at utilities.NavigationTree.clickButton(NavigationTree.java:95)
at utilities.NavigationTree.clickButton(NavigationTree.java:95)
at utilities.NavigationTree.clickButton(NavigationTree.java:95)
at utilities.NavigationTree.clickButton(NavigationTree.java:95)
at utilities.NavigationTree.clickButton(NavigationTree.java:95)
at utilities.NavigationTree.clickButton(NavigationTree.java:95)
at utilities.NavigationTree.clickButton(NavigationTree.java:95)
at utilities.NavigationTree.clickButton(NavigationTree.java:95)
at utilities.NavigationTree.clickButton(NavigationTree.java:95)
at utilities.NavigationTree.clickButton(NavigationTree.java:95)
at utilities.NavigationTree.clickButton(NavigationTree.java:95)
at utilities.NavigationTree.clickButton(NavigationTree.java:95)
at utilities.NavigationTree.clickButton(NavigationTree.java:95)
at utilities.NavigationTree.clickButton(NavigationTree.java:95)
at utilities.NavigationTree.clickButton(NavigationTree.java:95)
at utilities.NavigationTree.clickButton(NavigationTree.java:95)
at utilities.NavigationTree.clickButton(NavigationTree.java:95)
at utilities.NavigationTree.clickButton(NavigationTree.java:95)
at utilities.NavigationTree.clickButton(NavigationTree.java:95)
at utilities.NavigationTree.clickButton(NavigationTree.java:95)
at utilities.NavigationTree.clickButton(NavigationTree.java:95)
at utilities.NavigationTree.clickButton(NavigationTree.java:95)
at utilities.NavigationTree.clickButton(NavigationTree.java:95)
at utilities.NavigationTree.clickButton(NavigationTree.java:95)
at utilities.NavigationTree.clickButton(NavigationTree.java:95)
at utilities.NavigationTree.clickButton(NavigationTree.java:95)
at utilities.NavigationTree.clickButton(NavigationTree.java:95)
at utilities.NavigationTree.clickButton(NavigationTree.java:95)
at utilities.NavigationTree.clickButton(NavigationTree.java:95)
at utilities.NavigationTree.clickButton(NavigationTree.java:95)
at utilities.NavigationTree.clickButton(NavigationTree.java:95)
at utilities.NavigationTree.clickButton(NavigationTree.java:95)
at utilities.NavigationTree.clickButton(NavigationTree.java:95)
at utilities.NavigationTree.clickButton(NavigationTree.java:95)
at utilities.NavigationTree.clickButton(NavigationTree.java:95)
at utilities.NavigationTree.clickButton(NavigationTree.java:95)
at utilities.NavigationTree.clickButton(NavigationTree.java:95)
at utilities.NavigationTree.clickButton(NavigationTree.java:95)
at utilities.NavigationTree.clickButton(NavigationTree.java:95)
at utilities.NavigationTree.clickButton(NavigationTree.java:95)
at utilities.NavigationTree.clickButton(NavigationTree.java:95)
at utilities.NavigationTree.clickButton(NavigationTree.java:95)
at utilities.NavigationTree.clickButton(NavigationTree.java:95)
at utilities.NavigationTree.clickButton(NavigationTree.java:95)
at utilities.NavigationTree.clickButton(NavigationTree.java:95)
at utilities.NavigationTree.clickButton(NavigationTree.java:95)
at utilities.NavigationTree.clickButton(NavigationTree.java:95)
at utilities.NavigationTree.clickButton(NavigationTree.java:95)
at utilities.NavigationTree.clickButton(NavigationTree.java:95)
at utilities.NavigationTree.clickButton(NavigationTree.java:95)
at utilities.NavigationTree.clickButton(NavigationTree.java:95)
at utilities.NavigationTree.clickButton(NavigationTree.java:95)
at utilities.NavigationTree.clickButton(NavigationTree.java:95)
at utilities.NavigationTree.clickButton(NavigationTree.java:95)
at utilities.NavigationTree.clickButton(NavigationTree.java:95)
at utilities.NavigationTree.clickButton(NavigationTree.java:95)
at utilities.NavigationTree.clickButton(NavigationTree.java:95)
at utilities.NavigationTree.clickButton(NavigationTree.java:95)
at utilities.NavigationTree.clickButton(NavigationTree.java:95)
at utilities.NavigationTree.clickButton(NavigationTree.java:95)
at utilities.NavigationTree.clickButton(NavigationTree.java:95)
at utilities.NavigationTree.clickButton(NavigationTree.java:95)
at utilities.NavigationTree.clickButton(NavigationTree.java:95)
at utilities.NavigationTree.clickButton(NavigationTree.java:95)
at utilities.NavigationTree.clickButton(NavigationTree.java:95)
at utilities.NavigationTree.clickButton(NavigationTree.java:95)
at utilities.NavigationTree.clickButton(NavigationTree.java:95)
at utilities.NavigationTree.clickButton(NavigationTree.java:95)
at utilities.NavigationTree.clickButton(NavigationTree.java:95)
at utilities.NavigationTree.clickButton(NavigationTree.java:95)
at utilities.NavigationTree.clickButton(NavigationTree.java:95)
at utilities.NavigationTree.clickButton(NavigationTree.java:95)
at utilities.NavigationTree.clickButton(NavigationTree.java:95)
at utilities.NavigationTree.clickButton(NavigationTree.java:95)
at utilities.NavigationTree.clickButton(NavigationTree.java:95)
at utilities.NavigationTree.clickButton(NavigationTree.java:95)
at utilities.NavigationTree.clickButton(NavigationTree.java:95)
at utilities.NavigationTree.clickButton(NavigationTree.java:95)
at utilities.NavigationTree.clickButton(NavigationTree.java:95)
at utilities.NavigationTree.clickButton(NavigationTree.java:95)
at utilities.NavigationTree.clickButton(NavigationTree.java:95)
at utilities.NavigationTree.clickButton(NavigationTree.java:95)
at utilities.NavigationTree.clickButton(NavigationTree.java:95)
at utilities.NavigationTree.clickButton(NavigationTree.java:95)
at utilities.NavigationTree.clickButton(NavigationTree.java:95)
at utilities.NavigationTree.clickButton(NavigationTree.java:95)
at utilities.NavigationTree.clickButton(NavigationTree.java:95)
at utilities.NavigationTree.clickButton(NavigationTree.java:95)
at utilities.NavigationTree.clickButton(NavigationTree.java:95)
at utilities.NavigationTree.clickButton(NavigationTree.java:95)
at utilities.NavigationTree.clickButton(NavigationTree.java:95)
at utilities.NavigationTree.clickButton(NavigationTree.java:95)
at utilities.NavigationTree.clickButton(NavigationTree.java:95)
at utilities.NavigationTree.clickButton(NavigationTree.java:95)
at utilities.NavigationTree.clickButton(NavigationTree.java:95)
at utilities.NavigationTree.clickButton(NavigationTree.java:95)
at utilities.NavigationTree.clickButton(NavigationTree.java:95)
at utilities.NavigationTree.clickButton(NavigationTree.java:95)
at utilities.NavigationTree.clickButton(NavigationTree.java:95)
at utilities.NavigationTree.clickButton(NavigationTree.java:95)
at utilities.NavigationTree.clickButton(NavigationTree.java:95)
at utilities.NavigationTree.clickButton(NavigationTree.java:95)
at utilities.NavigationTree.clickButton(NavigationTree.java:95)
at utilities.NavigationTree.clickButton(NavigationTree.java:95)
at utilities.NavigationTree.clickButton(NavigationTree.java:95)
at utilities.NavigationTree.clickButton(NavigationTree.java:95)
at utilities.NavigationTree.clickButton(NavigationTree.java:95)
at utilities.NavigationTree.clickButton(NavigationTree.java:95)
at utilities.NavigationTree.clickButton(NavigationTree.java:95)
at utilities.NavigationTree.clickButton(NavigationTree.java:95)
at utilities.NavigationTree.clickButton(NavigationTree.java:95)
at utilities.NavigationTree.clickButton(NavigationTree.java:95)
at utilities.NavigationTree.clickButton(NavigationTree.java:95)
at utilities.NavigationTree.clickButton(NavigationTree.java:95)
at utilities.NavigationTree.clickButton(NavigationTree.java:95)
at utilities.NavigationTree.clickButton(NavigationTree.java:95)
at utilities.NavigationTree.clickButton(NavigationTree.java:95)
at utilities.NavigationTree.clickButton(NavigationTree.java:95)
at utilities.NavigationTree.clickButton(NavigationTree.java:95)
at utilities.NavigationTree.clickButton(NavigationTree.java:95)
at utilities.NavigationTree.clickButton(NavigationTree.java:95)
at utilities.NavigationTree.clickButton(NavigationTree.java:95)
at utilities.NavigationTree.clickButton(NavigationTree.java:95)
at utilities.NavigationTree.clickButton(NavigationTree.java:95)
at utilities.NavigationTree.clickButton(NavigationTree.java:95)
at utilities.NavigationTree.clickButton(NavigationTree.java:95)
at utilities.NavigationTree.clickButton(NavigationTree.java:95)
at utilities.NavigationTree.clickButton(NavigationTree.java:95)
at utilities.NavigationTree.clickButton(NavigationTree.java:95)
at utilities.NavigationTree.clickButton(NavigationTree.java:95)
at utilities.NavigationTree.clickButton(NavigationTree.java:95)
at utilities.NavigationTree.clickButton(NavigationTree.java:95)
at utilities.NavigationTree.clickButton(NavigationTree.java:95)
at utilities.NavigationTree.clickButton(NavigationTree.java:95)
at utilities.NavigationTree.clickButton(NavigationTree.java:95)
at utilities.NavigationTree.clickButton(NavigationTree.java:95)
at utilities.NavigationTree.clickButton(NavigationTree.java:95)
at utilities.NavigationTree.clickButton(NavigationTree.java:95)
at utilities.NavigationTree.clickButton(NavigationTree.java:95)
at utilities.NavigationTree.clickButton(NavigationTree.java:95)
at utilities.NavigationTree.clickButton(NavigationTree.java:95)
at utilities.NavigationTree.clickButton(NavigationTree.java:95)
at utilities.NavigationTree.clickButton(NavigationTree.java:95)
at utilities.NavigationTree.clickButton(NavigationTree.java:95)
at utilities.NavigationTree.clickButton(NavigationTree.java:95)
at utilities.NavigationTree.clickButton(NavigationTree.java:95)
at utilities.NavigationTree.clickButton(NavigationTree.java:95)
at utilities.NavigationTree.clickButton(NavigationTree.java:95)
at utilities.NavigationTree.clickButton(NavigationTree.java:95)
at utilities.NavigationTree.clickButton(NavigationTree.java:95)
at utilities.NavigationTree.clickButton(NavigationTree.java:95)
at utilities.NavigationTree.clickButton(NavigationTree.java:95)
at utilities.NavigationTree.clickButton(NavigationTree.java:95)
at utilities.NavigationTree.clickButton(NavigationTree.java:95)
at utilities.NavigationTree.clickButton(NavigationTree.java:95)
at utilities.NavigationTree.clickButton(NavigationTree.java:95)
at utilities.NavigationTree.clickButton(NavigationTree.java:95)
at utilities.NavigationTree.clickButton(NavigationTree.java:95)
at utilities.NavigationTree.clickButton(NavigationTree.java:95)
at utilities.NavigationTree.clickButton(NavigationTree.java:95)
at utilities.NavigationTree.clickButton(NavigationTree.java:95)
at utilities.NavigationTree.clickButton(NavigationTree.java:95)
at utilities.NavigationTree.clickButton(NavigationTree.java:95)
at utilities.NavigationTree.clickButton(NavigationTree.java:95)
at utilities.NavigationTree.clickButton(NavigationTree.java:95)
at utilities.NavigationTree.clickButton(NavigationTree.java:95)
at utilities.NavigationTree.clickButton(NavigationTree.java:95)
at utilities.NavigationTree.clickButton(NavigationTree.java:95)
at utilities.NavigationTree.clickButton(NavigationTree.java:95)
at utilities.NavigationTree.clickButton(NavigationTree.java:95)
at utilities.NavigationTree.clickButton(NavigationTree.java:95)
at utilities.NavigationTree.clickButton(NavigationTree.java:95)
at utilities.NavigationTree.clickButton(NavigationTree.java:95)
at utilities.NavigationTree.clickButton(NavigationTree.java:95)
at utilities.NavigationTree.clickButton(NavigationTree.java:95)
at utilities.NavigationTree.clickButton(NavigationTree.java:95)
at utilities.NavigationTree.clickButton(NavigationTree.java:95)
at utilities.NavigationTree.clickButton(NavigationTree.java:95)
at utilities.NavigationTree.clickButton(NavigationTree.java:95)
at utilities.NavigationTree.clickButton(NavigationTree.java:95)
at utilities.NavigationTree.clickButton(NavigationTree.java:95)
at utilities.NavigationTree.clickButton(NavigationTree.java:95)
at utilities.NavigationTree.clickButton(NavigationTree.java:95)
at utilities.NavigationTree.clickButton(NavigationTree.java:95)
at utilities.NavigationTree.clickButton(NavigationTree.java:95)
at utilities.NavigationTree.clickButton(NavigationTree.java:95)
at utilities.NavigationTree.clickButton(NavigationTree.java:95)
at utilities.NavigationTree.clickButton(NavigationTree.java:95)
at utilities.NavigationTree.clickButton(NavigationTree.java:95)
at utilities.NavigationTree.clickButton(NavigationTree.java:95)
at utilities.NavigationTree.clickButton(NavigationTree.java:95)
at utilities.NavigationTree.clickButton(NavigationTree.java:95)
at utilities.NavigationTree.clickButton(NavigationTree.java:95)
at utilities.NavigationTree.clickButton(NavigationTree.java:95)
at utilities.NavigationTree.clickButton(NavigationTree.java:95)
at utilities.NavigationTree.clickButton(NavigationTree.java:95)
at utilities.NavigationTree.clickButton(NavigationTree.java:95)
at utilities.NavigationTree.clickButton(NavigationTree.java:95)
at utilities.NavigationTree.clickButton(NavigationTree.java:95)
at utilities.NavigationTree.clickButton(NavigationTree.java:95)
at utilities.NavigationTree.clickButton(NavigationTree.java:95)
at utilities.NavigationTree.clickButton(NavigationTree.java:95)
at utilities.NavigationTree.clickButton(NavigationTree.java:95)
at utilities.NavigationTree.clickButton(NavigationTree.java:95)
at utilities.NavigationTree.clickButton(NavigationTree.java:95)
at utilities.NavigationTree.clickButton(NavigationTree.java:95)
at utilities.NavigationTree.clickButton(NavigationTree.java:95)
at utilities.NavigationTree.clickButton(NavigationTree.java:95)
at utilities.NavigationTree.clickButton(NavigationTree.java:95)
at utilities.NavigationTree.clickButton(NavigationTree.java:95)
at utilities.NavigationTree.clickButton(NavigationTree.java:95)
at utilities.NavigationTree.clickButton(NavigationTree.java:95)
at utilities.NavigationTree.clickButton(NavigationTree.java:95)
at utilities.NavigationTree.clickButton(NavigationTree.java:95)
at utilities.NavigationTree.clickButton(NavigationTree.java:95)
at utilities.NavigationTree.clickButton(NavigationTree.java:95)
at utilities.NavigationTree.clickButton(NavigationTree.java:95)
at utilities.NavigationTree.clickButton(NavigationTree.java:95)
at utilities.NavigationTree.clickButton(NavigationTree.java:95)
at utilities.NavigationTree.clickButton(NavigationTree.java:95)
at utilities.NavigationTree.clickButton(NavigationTree.java:95)
at utilities.NavigationTree.clickButton(NavigationTree.java:95)
at utilities.NavigationTree.clickButton(NavigationTree.java:95)
at utilities.NavigationTree.clickButton(NavigationTree.java:95)
at utilities.NavigationTree.clickButton(NavigationTree.java:95)
at utilities.NavigationTree.clickButton(NavigationTree.java:95)
at utilities.NavigationTree.clickButton(NavigationTree.java:95)
at utilities.NavigationTree.clickButton(NavigationTree.java:95)
at utilities.NavigationTree.clickButton(NavigationTree.java:95)
at utilities.NavigationTree.clickButton(NavigationTree.java:95)
at utilities.NavigationTree.clickButton(NavigationTree.java:95)
at utilities.NavigationTree.clickButton(NavigationTree.java:95)
at utilities.NavigationTree.clickButton(NavigationTree.java:95)
at utilities.NavigationTree.clickButton(NavigationTree.java:95)
at utilities.NavigationTree.clickButton(NavigationTree.java:95)
at utilities.NavigationTree.clickButton(NavigationTree.java:95)
at utilities.NavigationTree.clickButton(NavigationTree.java:95)
at utilities.NavigationTree.clickButton(NavigationTree.java:95)
at utilities.NavigationTree.clickButton(NavigationTree.java:95)
at utilities.NavigationTree.clickButton(NavigationTree.java:95)
at utilities.NavigationTree.clickButton(NavigationTree.java:95)
at utilities.NavigationTree.clickButton(NavigationTree.java:95)
at utilities.NavigationTree.clickButton(NavigationTree.java:95)
at utilities.NavigationTree.clickButton(NavigationTree.java:95)
at utilities.NavigationTree.clickButton(NavigationTree.java:95)
at utilities.NavigationTree.clickButton(NavigationTree.java:95)
at utilities.NavigationTree.clickButton(NavigationTree.java:95)
at utilities.NavigationTree.clickButton(NavigationTree.java:95)
at utilities.NavigationTree.clickButton(NavigationTree.java:95)
at utilities.NavigationTree.clickButton(NavigationTree.java:95)
at utilities.NavigationTree.clickButton(NavigationTree.java:95)
at utilities.NavigationTree.clickButton(NavigationTree.java:95)
at utilities.NavigationTree.clickButton(NavigationTree.java:95)
at utilities.NavigationTree.clickButton(NavigationTree.java:95)
at utilities.NavigationTree.clickButton(NavigationTree.java:95)
at utilities.NavigationTree.clickButton(NavigationTree.java:95)
at utilities.NavigationTree.clickButton(NavigationTree.java:95)
at utilities.NavigationTree.clickButton(NavigationTree.java:95)
at utilities.NavigationTree.clickButton(NavigationTree.java:95)
at utilities.NavigationTree.clickButton(NavigationTree.java:95)
at utilities.NavigationTree.clickButton(NavigationTree.java:95)
at utilities.NavigationTree.clickButton(NavigationTree.java:95)
at utilities.NavigationTree.clickButton(NavigationTree.java:95)
at utilities.NavigationTree.clickButton(NavigationTree.java:95)
at utilities.NavigationTree.clickButton(NavigationTree.java:95)
at utilities.NavigationTree.clickButton(NavigationTree.java:95)
at utilities.NavigationTree.clickButton(NavigationTree.java:95)
at utilities.NavigationTree.clickButton(NavigationTree.java:95)
at utilities.NavigationTree.clickButton(NavigationTree.java:95)
at utilities.NavigationTree.clickButton(NavigationTree.java:95)
at utilities.NavigationTree.clickButton(NavigationTree.java:95)
at utilities.NavigationTree.clickButton(NavigationTree.java:95)
at utilities.NavigationTree.clickButton(NavigationTree.java:95)
at utilities.NavigationTree.clickButton(NavigationTree.java:95)
at utilities.NavigationTree.clickButton(NavigationTree.java:95)
at utilities.NavigationTree.clickButton(NavigationTree.java:95)
at utilities.NavigationTree.clickButton(NavigationTree.java:95)
at utilities.NavigationTree.clickButton(NavigationTree.java:95)
at utilities.NavigationTree.clickButton(NavigationTree.java:95)
at utilities.NavigationTree.clickButton(NavigationTree.java:95)
at utilities.NavigationTree.clickButton(NavigationTree.java:95)
at utilities.NavigationTree.clickButton(NavigationTree.java:95)
at utilities.NavigationTree.clickButton(NavigationTree.java:95)
at utilities.NavigationTree.clickButton(NavigationTree.java:95)
at utilities.NavigationTree.clickButton(NavigationTree.java:95)
at utilities.NavigationTree.clickButton(NavigationTree.java:95)
at utilities.NavigationTree.clickButton(NavigationTree.java:95)
at utilities.NavigationTree.clickButton(NavigationTree.java:95)
at utilities.NavigationTree.clickButton(NavigationTree.java:95)
at utilities.NavigationTree.clickButton(NavigationTree.java:95)
at utilities.NavigationTree.clickButton(NavigationTree.java:95)
at utilities.NavigationTree.clickButton(NavigationTree.java:95)
at utilities.NavigationTree.clickButton(NavigationTree.java:95)
at utilities.NavigationTree.clickButton(NavigationTree.java:95)
at utilities.NavigationTree.clickButton(NavigationTree.java:95)
at utilities.NavigationTree.clickButton(NavigationTree.java:95)
at utilities.NavigationTree.clickButton(NavigationTree.java:95)
at utilities.NavigationTree.clickButton(NavigationTree.java:95)
at utilities.NavigationTree.clickButton(NavigationTree.java:95)
at utilities.NavigationTree.clickButton(NavigationTree.java:95)
at utilities.NavigationTree.clickButton(NavigationTree.java:95)
at utilities.NavigationTree.clickButton(NavigationTree.java:95)
at utilities.NavigationTree.clickButton(NavigationTree.java:95)
at utilities.NavigationTree.clickButton(NavigationTree.java:95)
at utilities.NavigationTree.clickButton(NavigationTree.java:95)
at utilities.NavigationTree.clickButton(NavigationTree.java:95)
at utilities.NavigationTree.clickButton(NavigationTree.java:95)
at utilities.NavigationTree.clickButton(NavigationTree.java:95)
at utilities.NavigationTree.clickButton(NavigationTree.java:95)
at utilities.NavigationTree.clickButton(NavigationTree.java:95)
at utilities.NavigationTree.clickButton(NavigationTree.java:95)
at utilities.NavigationTree.clickButton(NavigationTree.java:95)
at utilities.NavigationTree.clickButton(NavigationTree.java:95)
at utilities.NavigationTree.clickButton(NavigationTree.java:95)
at utilities.NavigationTree.clickButton(NavigationTree.java:95)
at utilities.NavigationTree.clickButton(NavigationTree.java:95)
at utilities.NavigationTree.clickButton(NavigationTree.java:95)
at utilities.NavigationTree.clickButton(NavigationTree.java:95)
at utilities.NavigationTree.clickButton(NavigationTree.java:95)
at utilities.NavigationTree.clickButton(NavigationTree.java:95)
at utilities.NavigationTree.clickButton(NavigationTree.java:95)
at utilities.NavigationTree.clickButton(NavigationTree.java:95)
at utilities.NavigationTree.clickButton(NavigationTree.java:95)
at utilities.NavigationTree.clickButton(NavigationTree.java:95)
at utilities.NavigationTree.clickButton(NavigationTree.java:95)
at utilities.NavigationTree.clickButton(NavigationTree.java:95)
at utilities.NavigationTree.clickButton(NavigationTree.java:95)
at utilities.NavigationTree.clickButton(NavigationTree.java:95)
at utilities.NavigationTree.clickButton(NavigationTree.java:95)
at utilities.NavigationTree.clickButton(NavigationTree.java:95)
at utilities.NavigationTree.clickButton(NavigationTree.java:95)
at utilities.NavigationTree.clickButton(NavigationTree.java:95)
at utilities.NavigationTree.clickButton(NavigationTree.java:95)
at utilities.NavigationTree.clickButton(NavigationTree.java:95)
at utilities.NavigationTree.clickButton(NavigationTree.java:95)
at utilities.NavigationTree.clickButton(NavigationTree.java:95)
at utilities.NavigationTree.clickButton(NavigationTree.java:95)
at utilities.NavigationTree.clickButton(NavigationTree.java:95)
at utilities.NavigationTree.clickButton(NavigationTree.java:95)
at utilities.NavigationTree.clickButton(NavigationTree.java:95)
at utilities.NavigationTree.clickButton(NavigationTree.java:95)
at utilities.NavigationTree.clickButton(NavigationTree.java:95)
at utilities.NavigationTree.clickButton(NavigationTree.java:95)
at utilities.NavigationTree.clickButton(NavigationTree.java:95)
at utilities.NavigationTree.clickButton(NavigationTree.java:95)
at utilities.NavigationTree.clickButton(NavigationTree.java:95)
at utilities.NavigationTree.clickButton(NavigationTree.java:95)
at utilities.NavigationTree.clickButton(NavigationTree.java:95)
at utilities.NavigationTree.clickButton(NavigationTree.java:95)
at utilities.NavigationTree.clickButton(NavigationTree.java:95)
at utilities.NavigationTree.clickButton(NavigationTree.java:95)
at utilities.NavigationTree.clickButton(NavigationTree.java:95)
at utilities.NavigationTree.clickButton(NavigationTree.java:95)
at utilities.NavigationTree.clickButton(NavigationTree.java:95)
at utilities.NavigationTree.clickButton(NavigationTree.java:95)
at utilities.NavigationTree.clickButton(NavigationTree.java:95)
at utilities.NavigationTree.clickButton(NavigationTree.java:95)
at utilities.NavigationTree.clickButton(NavigationTree.java:95)
at utilities.NavigationTree.clickButton(NavigationTree.java:95)
at utilities.NavigationTree.clickButton(NavigationTree.java:95)
at utilities.NavigationTree.clickButton(NavigationTree.java:95)
at utilities.NavigationTree.clickButton(NavigationTree.java:95)
at utilities.NavigationTree.clickButton(NavigationTree.java:95)
at utilities.NavigationTree.clickButton(NavigationTree.java:95)
at utilities.NavigationTree.clickButton(NavigationTree.java:95)
at utilities.NavigationTree.clickButton(NavigationTree.java:95)
at utilities.NavigationTree.clickButton(NavigationTree.java:95)
at utilities.NavigationTree.clickButton(NavigationTree.java:95)
at utilities.NavigationTree.clickButton(NavigationTree.java:95)
at utilities.NavigationTree.clickButton(NavigationTree.java:95)
at utilities.NavigationTree.clickButton(NavigationTree.java:95)
at utilities.NavigationTree.clickButton(NavigationTree.java:95)
at utilities.NavigationTree.clickButton(NavigationTree.java:95)
at utilities.NavigationTree.clickButton(NavigationTree.java:95)
at utilities.NavigationTree.clickButton(NavigationTree.java:95)
at utilities.NavigationTree.clickButton(NavigationTree.java:95)
at utilities.NavigationTree.clickButton(NavigationTree.java:95)
at utilities.NavigationTree.clickButton(NavigationTree.java:95)
at utilities.NavigationTree.clickButton(NavigationTree.java:95)
at utilities.NavigationTree.clickButton(NavigationTree.java:95)
at utilities.NavigationTree.clickButton(NavigationTree.java:95)
at utilities.NavigationTree.clickButton(NavigationTree.java:95)
at utilities.NavigationTree.clickButton(NavigationTree.java:95)
at utilities.NavigationTree.clickButton(NavigationTree.java:95)
at utilities.NavigationTree.clickButton(NavigationTree.java:95)
at utilities.NavigationTree.clickButton(NavigationTree.java:95)
at utilities.NavigationTree.clickButton(NavigationTree.java:95)
at utilities.NavigationTree.clickButton(NavigationTree.java:95)
at utilities.NavigationTree.clickButton(NavigationTree.java:95)
at utilities.NavigationTree.clickButton(NavigationTree.java:95)
at utilities.NavigationTree.clickButton(NavigationTree.java:95)
at utilities.NavigationTree.clickButton(NavigationTree.java:95)
at utilities.NavigationTree.clickButton(NavigationTree.java:95)
at utilities.NavigationTree.clickButton(NavigationTree.java:95)
at utilities.NavigationTree.clickButton(NavigationTree.java:95)
at utilities.NavigationTree.clickButton(NavigationTree.java:95)
at utilities.NavigationTree.clickButton(NavigationTree.java:95)
at utilities.NavigationTree.clickButton(NavigationTree.java:95)
at utilities.NavigationTree.clickButton(NavigationTree.java:95)
at utilities.NavigationTree.clickButton(NavigationTree.java:95)
at utilities.NavigationTree.clickButton(NavigationTree.java:95)
at utilities.NavigationTree.clickButton(NavigationTree.java:95)
at utilities.NavigationTree.clickButton(NavigationTree.java:95)
at utilities.NavigationTree.clickButton(NavigationTree.java:95)
at utilities.NavigationTree.clickButton(NavigationTree.java:95)
at utilities.NavigationTree.clickButton(NavigationTree.java:95)
at utilities.NavigationTree.clickButton(NavigationTree.java:95)
at utilities.NavigationTree.clickButton(NavigationTree.java:95)
at utilities.NavigationTree.clickButton(NavigationTree.java:95)
at utilities.NavigationTree.clickButton(NavigationTree.java:95)
at utilities.NavigationTree.clickButton(NavigationTree.java:95)
at utilities.NavigationTree.clickButton(NavigationTree.java:95)
at utilities.NavigationTree.clickButton(NavigationTree.java:95)
at utilities.NavigationTree.clickButton(NavigationTree.java:95)
at utilities.NavigationTree.clickButton(NavigationTree.java:95)
at utilities.NavigationTree.clickButton(NavigationTree.java:95)
at utilities.NavigationTree.clickButton(NavigationTree.java:95)
at utilities.NavigationTree.clickButton(NavigationTree.java:95)
at utilities.NavigationTree.clickButton(NavigationTree.java:95)
at utilities.NavigationTree.clickButton(NavigationTree.java:95)
at utilities.NavigationTree.clickButton(NavigationTree.java:95)
at utilities.NavigationTree.clickButton(NavigationTree.java:95)
at utilities.NavigationTree.clickButton(NavigationTree.java:95)
at utilities.NavigationTree.clickButton(NavigationTree.java:95)
at utilities.NavigationTree.clickButton(NavigationTree.java:95)
at utilities.NavigationTree.clickButton(NavigationTree.java:95)
at utilities.NavigationTree.clickButton(NavigationTree.java:95)
at utilities.NavigationTree.clickButton(NavigationTree.java:95)
at utilities.NavigationTree.clickButton(NavigationTree.java:95)
at utilities.NavigationTree.clickButton(NavigationTree.java:95)
at utilities.NavigationTree.clickButton(NavigationTree.java:95)
at utilities.NavigationTree.clickButton(NavigationTree.java:95)
at utilities.NavigationTree.clickButton(NavigationTree.java:95)
at utilities.NavigationTree.clickButton(NavigationTree.java:95)
at utilities.NavigationTree.clickButton(NavigationTree.java:95)
at utilities.NavigationTree.clickButton(NavigationTree.java:95)
at utilities.NavigationTree.clickButton(NavigationTree.java:95)
at utilities.NavigationTree.clickButton(NavigationTree.java:95)
at utilities.NavigationTree.clickButton(NavigationTree.java:95)
at utilities.NavigationTree.clickButton(NavigationTree.java:95)
at utilities.NavigationTree.clickButton(NavigationTree.java:95)
at utilities.NavigationTree.clickButton(NavigationTree.java:95)
at utilities.NavigationTree.clickButton(NavigationTree.java:95)
at utilities.NavigationTree.clickButton(NavigationTree.java:95)
at utilities.NavigationTree.clickButton(NavigationTree.java:95)
at utilities.NavigationTree.clickButton(NavigationTree.java:95)
at utilities.NavigationTree.clickButton(NavigationTree.java:95)
at utilities.NavigationTree.clickButton(NavigationTree.java:95)
at utilities.NavigationTree.clickButton(NavigationTree.java:95)
at utilities.NavigationTree.clickButton(NavigationTree.java:95)
at utilities.NavigationTree.clickButton(NavigationTree.java:95)
at utilities.NavigationTree.clickButton(NavigationTree.java:95)
at utilities.NavigationTree.clickButton(NavigationTree.java:95)
at utilities.NavigationTree.clickButton(NavigationTree.java:95)
at utilities.NavigationTree.clickButton(NavigationTree.java:95)
at utilities.NavigationTree.clickButton(NavigationTree.java:95)
at utilities.NavigationTree.clickButton(NavigationTree.java:95)
at utilities.NavigationTree.clickButton(NavigationTree.java:95)
at utilities.NavigationTree.clickButton(NavigationTree.java:95)
at utilities.NavigationTree.clickButton(NavigationTree.java:95)
at utilities.NavigationTree.clickButton(NavigationTree.java:95)
at utilities.NavigationTree.clickButton(NavigationTree.java:95)
at utilities.NavigationTree.clickButton(NavigationTree.java:95)
at utilities.NavigationTree.clickButton(NavigationTree.java:95)
at utilities.NavigationTree.clickButton(NavigationTree.java:95)
at utilities.NavigationTree.clickButton(NavigationTree.java:95)
at utilities.NavigationTree.clickButton(NavigationTree.java:95)
at utilities.NavigationTree.clickButton(NavigationTree.java:95)
at utilities.NavigationTree.clickButton(NavigationTree.java:95)
at utilities.NavigationTree.clickButton(NavigationTree.java:95)
at utilities.NavigationTree.clickButton(NavigationTree.java:95)
at utilities.NavigationTree.clickButton(NavigationTree.java:95)
at utilities.NavigationTree.clickButton(NavigationTree.java:95)
at utilities.NavigationTree.clickButton(NavigationTree.java:95)
at utilities.NavigationTree.clickButton(NavigationTree.java:95)
at utilities.NavigationTree.clickButton(NavigationTree.java:95)
at utilities.NavigationTree.clickButton(NavigationTree.java:95)
at utilities.NavigationTree.clickButton(NavigationTree.java:95)
at utilities.NavigationTree.clickButton(NavigationTree.java:95)
at utilities.NavigationTree.clickButton(NavigationTree.java:95)
at utilities.NavigationTree.clickButton(NavigationTree.java:95)
at utilities.NavigationTree.clickButton(NavigationTree.java:95)
at utilities.NavigationTree.clickButton(NavigationTree.java:95)
at utilities.NavigationTree.clickButton(NavigationTree.java:95)
at utilities.NavigationTree.clickButton(NavigationTree.java:95)
at utilities.NavigationTree.clickButton(NavigationTree.java:95)
at utilities.NavigationTree.clickButton(NavigationTree.java:95)
at utilities.NavigationTree.clickButton(NavigationTree.java:95)
at utilities.NavigationTree.clickButton(NavigationTree.java:95)
at utilities.NavigationTree.clickButton(NavigationTree.java:95)
at utilities.NavigationTree.clickButton(NavigationTree.java:95)
at utilities.NavigationTree.clickButton(NavigationTree.java:95)
at utilities.NavigationTree.clickButton(NavigationTree.java:95)
at utilities.NavigationTree.clickButton(NavigationTree.java:95)
at utilities.NavigationTree.clickButton(NavigationTree.java:95)
at utilities.NavigationTree.clickButton(NavigationTree.java:95)
at utilities.NavigationTree.clickButton(NavigationTree.java:95)
at utilities.NavigationTree.clickButton(NavigationTree.java:95)
at utilities.NavigationTree.clickButton(NavigationTree.java:95)
at utilities.NavigationTree.clickButton(NavigationTree.java:95)
at utilities.NavigationTree.clickButton(NavigationTree.java:95)
at utilities.NavigationTree.clickButton(NavigationTree.java:95)
at utilities.NavigationTree.clickButton(NavigationTree.java:95)
at utilities.NavigationTree.clickButton(NavigationTree.java:95)
at utilities.NavigationTree.clickButton(NavigationTree.java:95)
at utilities.NavigationTree.clickButton(NavigationTree.java:95)
at utilities.NavigationTree.clickButton(NavigationTree.java:95)
at utilities.NavigationTree.clickButton(NavigationTree.java:95)
at utilities.NavigationTree.clickButton(NavigationTree.java:95)
at utilities.NavigationTree.clickButton(NavigationTree.java:95)
at utilities.NavigationTree.clickButton(NavigationTree.java:95)
at utilities.NavigationTree.clickButton(NavigationTree.java:95)
at utilities.NavigationTree.clickButton(NavigationTree.java:95)
at utilities.NavigationTree.clickButton(NavigationTree.java:95)
at utilities.NavigationTree.clickButton(NavigationTree.java:95)
at utilities.NavigationTree.clickButton(NavigationTree.java:95)
at utilities.NavigationTree.clickButton(NavigationTree.java:95)
at utilities.NavigationTree.clickButton(NavigationTree.java:95)
at utilities.NavigationTree.clickButton(NavigationTree.java:95)
at utilities.NavigationTree.clickButton(NavigationTree.java:95)
at utilities.NavigationTree.clickButton(NavigationTree.java:95)
at utilities.NavigationTree.clickButton(NavigationTree.java:95)
at utilities.NavigationTree.clickButton(NavigationTree.java:95)
at utilities.NavigationTree.clickButton(NavigationTree.java:95)
at utilities.NavigationTree.clickButton(NavigationTree.java:95)
at utilities.NavigationTree.clickButton(NavigationTree.java:95)
at utilities.NavigationTree.clickButton(NavigationTree.java:95)
at utilities.NavigationTree.clickButton(NavigationTree.java:95)
at utilities.NavigationTree.clickButton(NavigationTree.java:95)
at utilities.NavigationTree.clickButton(NavigationTree.java:95)
at utilities.NavigationTree.clickButton(NavigationTree.java:95)
at utilities.NavigationTree.clickButton(NavigationTree.java:95)
at utilities.NavigationTree.clickButton(NavigationTree.java:95)
at utilities.NavigationTree.clickButton(NavigationTree.java:95)
at utilities.NavigationTree.clickButton(NavigationTree.java:95)
at utilities.NavigationTree.clickButton(NavigationTree.java:95)
at utilities.NavigationTree.clickButton(NavigationTree.java:95)
at utilities.NavigationTree.clickButton(NavigationTree.java:95)
at utilities.NavigationTree.clickButton(NavigationTree.java:95)
at utilities.NavigationTree.clickButton(NavigationTree.java:95)
at utilities.NavigationTree.clickButton(NavigationTree.java:95)
at utilities.NavigationTree.clickButton(NavigationTree.java:95)
at utilities.NavigationTree.clickButton(NavigationTree.java:95)
at utilities.NavigationTree.clickButton(NavigationTree.java:95)
at utilities.NavigationTree.clickButton(NavigationTree.java:95)
at utilities.NavigationTree.clickButton(NavigationTree.java:95)
at utilities.NavigationTree.clickButton(NavigationTree.java:95)
at utilities.NavigationTree.clickButton(NavigationTree.java:95)
at utilities.NavigationTree.clickButton(NavigationTree.java:95)
at utilities.NavigationTree.clickButton(NavigationTree.java:95)
at utilities.NavigationTree.clickButton(NavigationTree.java:95)
at utilities.NavigationTree.clickButton(NavigationTree.java:95)
at utilities.NavigationTree.clickButton(NavigationTree.java:95)
at utilities.NavigationTree.clickButton(NavigationTree.java:95)
at utilities.NavigationTree.clickButton(NavigationTree.java:95)
at utilities.NavigationTree.clickButton(NavigationTree.java:95)
at utilities.NavigationTree.clickButton(NavigationTree.java:95)
at utilities.NavigationTree.clickButton(NavigationTree.java:95)
at utilities.NavigationTree.clickButton(NavigationTree.java:95)
at utilities.NavigationTree.clickButton(NavigationTree.java:95)
at utilities.NavigationTree.clickButton(NavigationTree.java:95)
at utilities.NavigationTree.clickButton(NavigationTree.java:95)
at utilities.NavigationTree.clickButton(NavigationTree.java:95)
at utilities.NavigationTree.clickButton(NavigationTree.java:95)
at utilities.NavigationTree.clickButton(NavigationTree.java:95)
at utilities.NavigationTree.clickButton(NavigationTree.java:95)
at utilities.NavigationTree.clickButton(NavigationTree.java:95)
at utilities.NavigationTree.clickButton(NavigationTree.java:95)
at utilities.NavigationTree.clickButton(NavigationTree.java:95)
at utilities.NavigationTree.clickButton(NavigationTree.java:95)
at utilities.NavigationTree.clickButton(NavigationTree.java:95)
at utilities.NavigationTree.clickButton(NavigationTree.java:95)
at utilities.NavigationTree.clickButton(NavigationTree.java:95)
at utilities.NavigationTree.clickButton(NavigationTree.java:95)
at utilities.NavigationTree.clickButton(NavigationTree.java:95)
at utilities.NavigationTree.clickButton(NavigationTree.java:95)
at utilities.NavigationTree.clickButton(NavigationTree.java:95)
at utilities.NavigationTree.clickButton(NavigationTree.java:95)
at utilities.NavigationTree.clickButton(NavigationTree.java:95)
at utilities.NavigationTree.clickButton(NavigationTree.java:95)
at utilities.NavigationTree.clickButton(NavigationTree.java:95)
at utilities.NavigationTree.clickButton(NavigationTree.java:95)
at utilities.NavigationTree.clickButton(NavigationTree.java:95)
at utilities.NavigationTree.clickButton(NavigationTree.java:95)
at utilities.NavigationTree.clickButton(NavigationTree.java:95)
at utilities.NavigationTree.clickButton(NavigationTree.java:95)
at utilities.NavigationTree.clickButton(NavigationTree.java:95)
at utilities.NavigationTree.clickButton(NavigationTree.java:95)
at utilities.NavigationTree.clickButton(NavigationTree.java:95)
at utilities.NavigationTree.clickButton(NavigationTree.java:95)
at utilities.NavigationTree.clickButton(NavigationTree.java:95)
at utilities.NavigationTree.clickButton(NavigationTree.java:95)
at utilities.NavigationTree.clickButton(NavigationTree.java:95)
at utilities.NavigationTree.clickButton(NavigationTree.java:95)
at utilities.NavigationTree.clickButton(NavigationTree.java:95)
at utilities.NavigationTree.clickButton(NavigationTree.java:95)
at utilities.NavigationTree.clickButton(NavigationTree.java:95)
at utilities.NavigationTree.clickButton(NavigationTree.java:95)
at utilities.NavigationTree.clickButton(NavigationTree.java:95)
at utilities.NavigationTree.clickButton(NavigationTree.java:95)
at utilities.NavigationTree.clickButton(NavigationTree.java:95)
at utilities.NavigationTree.clickButton(NavigationTree.java:95)
at utilities.NavigationTree.clickButton(NavigationTree.java:95)
at utilities.NavigationTree.clickButton(NavigationTree.java:95)
at utilities.NavigationTree.clickButton(NavigationTree.java:95)
at utilities.NavigationTree.clickButton(NavigationTree.java:95)
at utilities.NavigationTree.clickButton(NavigationTree.java:95)
at utilities.NavigationTree.clickButton(NavigationTree.java:95)
at utilities.NavigationTree.clickButton(NavigationTree.java:95)
at utilities.NavigationTree.clickButton(NavigationTree.java:95)
at utilities.NavigationTree.clickButton(NavigationTree.java:95)
at utilities.NavigationTree.clickButton(NavigationTree.java:95)
at utilities.NavigationTree.clickButton(NavigationTree.java:95)
at utilities.NavigationTree.clickButton(NavigationTree.java:95)
at utilities.NavigationTree.clickButton(NavigationTree.java:95)
at utilities.NavigationTree.clickButton(NavigationTree.java:95)
at utilities.NavigationTree.clickButton(NavigationTree.java:95)
at utilities.NavigationTree.clickButton(NavigationTree.java:95)
at utilities.NavigationTree.clickButton(NavigationTree.java:95)
at utilities.NavigationTree.clickButton(NavigationTree.java:95)
at utilities.NavigationTree.clickButton(NavigationTree.java:95)
at utilities.NavigationTree.clickButton(NavigationTree.java:95)
at utilities.NavigationTree.clickButton(NavigationTree.java:95)
at utilities.NavigationTree.clickButton(NavigationTree.java:95)
at utilities.NavigationTree.clickButton(NavigationTree.java:95)
at utilities.NavigationTree.clickButton(NavigationTree.java:95)
at utilities.NavigationTree.clickButton(NavigationTree.java:95)
at utilities.NavigationTree.clickButton(NavigationTree.java:95)
at utilities.NavigationTree.clickButton(NavigationTree.java:95)
at utilities.NavigationTree.clickButton(NavigationTree.java:95)
at utilities.NavigationTree.clickButton(NavigationTree.java:95)
at utilities.NavigationTree.clickButton(NavigationTree.java:95)
at utilities.NavigationTree.clickButton(NavigationTree.java:95)
at utilities.NavigationTree.clickButton(NavigationTree.java:95)
at utilities.NavigationTree.clickButton(NavigationTree.java:95)
at utilities.NavigationTree.clickButton(NavigationTree.java:95)
at utilities.NavigationTree.clickButton(NavigationTree.java:95)
at utilities.NavigationTree.clickButton(NavigationTree.java:95)
at utilities.NavigationTree.clickButton(NavigationTree.java:95)
at utilities.NavigationTree.clickButton(NavigationTree.java:95)
at utilities.NavigationTree.clickButton(NavigationTree.java:95)
at utilities.NavigationTree.clickButton(NavigationTree.java:95)
at utilities.NavigationTree.clickButton(NavigationTree.java:95)
at utilities.NavigationTree.clickButton(NavigationTree.java:95)
at utilities.NavigationTree.clickButton(NavigationTree.java:95)
at utilities.NavigationTree.clickButton(NavigationTree.java:95)
at utilities.NavigationTree.clickButton(NavigationTree.java:95)
at utilities.NavigationTree.clickButton(NavigationTree.java:95)
at utilities.NavigationTree.clickButton(NavigationTree.java:95)
at utilities.NavigationTree.clickButton(NavigationTree.java:95)
at utilities.NavigationTree.clickButton(NavigationTree.java:95)
at utilities.NavigationTree.clickButton(NavigationTree.java:95)
at utilities.NavigationTree.clickButton(NavigationTree.java:95)
at utilities.NavigationTree.clickButton(NavigationTree.java:95)
at utilities.NavigationTree.clickButton(NavigationTree.java:95)
at utilities.NavigationTree.clickButton(NavigationTree.java:95)
at utilities.NavigationTree.clickButton(NavigationTree.java:95)
at utilities.NavigationTree.clickButton(NavigationTree.java:95)
at utilities.NavigationTree.clickButton(NavigationTree.java:95)
at utilities.NavigationTree.clickButton(NavigationTree.java:95)
at utilities.NavigationTree.clickButton(NavigationTree.java:95)
at utilities.NavigationTree.clickButton(NavigationTree.java:95)
at utilities.NavigationTree.clickButton(NavigationTree.java:95)
at utilities.NavigationTree.clickButton(NavigationTree.java:95)
at utilities.NavigationTree.clickButton(NavigationTree.java:95)
at utilities.NavigationTree.clickButton(NavigationTree.java:95)
at utilities.NavigationTree.clickButton(NavigationTree.java:95)
at utilities.NavigationTree.clickButton(NavigationTree.java:95)
at utilities.NavigationTree.clickButton(NavigationTree.java:95)
at utilities.NavigationTree.clickButton(NavigationTree.java:95)
at utilities.NavigationTree.clickButton(NavigationTree.java:95)
at utilities.NavigationTree.clickButton(NavigationTree.java:95)
at utilities.NavigationTree.clickButton(NavigationTree.java:95)
at utilities.NavigationTree.clickButton(NavigationTree.java:95)
at utilities.NavigationTree.clickButton(NavigationTree.java:95)
at utilities.NavigationTree.clickButton(NavigationTree.java:95)
at utilities.NavigationTree.clickButton(NavigationTree.java:95)
at utilities.NavigationTree.clickButton(NavigationTree.java:95)
at utilities.NavigationTree.clickButton(NavigationTree.java:95)
at utilities.NavigationTree.clickButton(NavigationTree.java:95)
at utilities.NavigationTree.clickButton(NavigationTree.java:95)
at utilities.NavigationTree.clickButton(NavigationTree.java:95)
at utilities.NavigationTree.clickButton(NavigationTree.java:95)
at utilities.NavigationTree.clickButton(NavigationTree.java:95)
at utilities.NavigationTree.clickButton(NavigationTree.java:95)
at utilities.NavigationTree.clickButton(NavigationTree.java:95)
at utilities.NavigationTree.clickButton(NavigationTree.java:95)
at utilities.NavigationTree.clickButton(NavigationTree.java:95)
at utilities.NavigationTree.clickButton(NavigationTree.java:95)
at utilities.NavigationTree.clickButton(NavigationTree.java:95)
at utilities.NavigationTree.clickButton(NavigationTree.java:95)
at utilities.NavigationTree.clickButton(NavigationTree.java:95)
at utilities.NavigationTree.clickButton(NavigationTree.java:95)
at utilities.NavigationTree.clickButton(NavigationTree.java:95)
at utilities.NavigationTree.clickButton(NavigationTree.java:95)
at utilities.NavigationTree.clickButton(NavigationTree.java:95)
at utilities.NavigationTree.clickButton(NavigationTree.java:95)
at utilities.NavigationTree.clickButton(NavigationTree.java:95)
at utilities.NavigationTree.clickButton(NavigationTree.java:95)
at utilities.NavigationTree.clickButton(NavigationTree.java:95)
at utilities.NavigationTree.clickButton(NavigationTree.java:95)
at utilities.NavigationTree.clickButton(NavigationTree.java:95)
at utilities.NavigationTree.clickButton(NavigationTree.java:95)
at utilities.NavigationTree.clickButton(NavigationTree.java:95)
at utilities.NavigationTree.clickButton(NavigationTree.java:95)
at utilities.NavigationTree.clickButton(NavigationTree.java:95)
at utilities.NavigationTree.clickButton(NavigationTree.java:95)
at utilities.NavigationTree.clickButton(NavigationTree.java:95)
at utilities.NavigationTree.clickButton(NavigationTree.java:95)
at utilities.NavigationTree.clickButton(NavigationTree.java:95)
at utilities.NavigationTree.clickButton(NavigationTree.java:95)
at utilities.NavigationTree.clickButton(NavigationTree.java:95)
at utilities.NavigationTree.clickButton(NavigationTree.java:95)
at utilities.NavigationTree.clickButton(NavigationTree.java:95)
at utilities.NavigationTree.clickButton(NavigationTree.java:95)
at utilities.NavigationTree.clickButton(NavigationTree.java:95)
at utilities.NavigationTree.clickButton(NavigationTree.java:95)
at utilities.NavigationTree.clickButton(NavigationTree.java:95)
at utilities.NavigationTree.clickButton(NavigationTree.java:95)
at utilities.NavigationTree.clickButton(NavigationTree.java:95)
at utilities.NavigationTree.clickButton(NavigationTree.java:95)
at utilities.NavigationTree.clickButton(NavigationTree.java:95)
at utilities.NavigationTree.clickButton(NavigationTree.java:95)
at utilities.NavigationTree.clickButton(NavigationTree.java:95)
at utilities.NavigationTree.clickButton(NavigationTree.java:95)
at utilities.NavigationTree.clickButton(NavigationTree.java:95)
at utilities.NavigationTree.clickButton(NavigationTree.java:95)
at utilities.NavigationTree.clickButton(NavigationTree.java:95)
at utilities.NavigationTree.clickButton(NavigationTree.java:95)
at utilities.NavigationTree.clickButton(NavigationTree.java:95)
at utilities.NavigationTree.clickButton(NavigationTree.java:95)
at utilities.NavigationTree.clickButton(NavigationTree.java:95)
at utilities.NavigationTree.clickButton(NavigationTree.java:95)
at utilities.NavigationTree.clickButton(NavigationTree.java:95)
at utilities.NavigationTree.clickButton(NavigationTree.java:95)
at utilities.NavigationTree.clickButton(NavigationTree.java:95)
at utilities.NavigationTree.clickButton(NavigationTree.java:95)
at utilities.NavigationTree.clickButton(NavigationTree.java:95)
at utilities.NavigationTree.clickButton(NavigationTree.java:95)
at utilities.NavigationTree.clickButton(NavigationTree.java:95)
at utilities.NavigationTree.clickButton(NavigationTree.java:95)
at utilities.NavigationTree.clickButton(NavigationTree.java:95)
at utilities.NavigationTree.clickButton(NavigationTree.java:95)
at utilities.NavigationTree.clickButton(NavigationTree.java:95)
at utilities.NavigationTree.clickButton(NavigationTree.java:95)
at utilities.NavigationTree.clickButton(NavigationTree.java:95)
at utilities.NavigationTree.clickButton(NavigationTree.java:95)
at utilities.NavigationTree.clickButton(NavigationTree.java:95)
at utilities.NavigationTree.clickButton(NavigationTree.java:95)
at utilities.NavigationTree.clickButton(NavigationTree.java:95)
at utilities.NavigationTree.clickButton(NavigationTree.java:95)
at utilities.NavigationTree.clickButton(NavigationTree.java:95)
at utilities.NavigationTree.clickButton(NavigationTree.java:95)
at utilities.NavigationTree.clickButton(NavigationTree.java:95)
at utilities.NavigationTree.clickButton(NavigationTree.java:95)
at utilities.NavigationTree.clickButton(NavigationTree.java:95)
at utilities.NavigationTree.clickButton(NavigationTree.java:95)
at utilities.NavigationTree.clickButton(NavigationTree.java:95)
at utilities.NavigationTree.clickButton(NavigationTree.java:95)
at utilities.NavigationTree.clickButton(NavigationTree.java:95)
at utilities.NavigationTree.clickButton(NavigationTree.java:95)
at utilities.NavigationTree.clickButton(NavigationTree.java:95)
at utilities.NavigationTree.clickButton(NavigationTree.java:95)
at utilities.NavigationTree.clickButton(NavigationTree.java:95)
at utilities.NavigationTree.clickButton(NavigationTree.java:95)
at utilities.NavigationTree.clickButton(NavigationTree.java:95)
at utilities.NavigationTree.clickButton(NavigationTree.java:95)
at utilities.NavigationTree.clickButton(NavigationTree.java:95)
at utilities.NavigationTree.clickButton(NavigationTree.java:95)
at utilities.NavigationTree.clickButton(NavigationTree.java:95)
at utilities.NavigationTree.clickButton(NavigationTree.java:95)
at utilities.NavigationTree.clickButton(NavigationTree.java:95)
at utilities.NavigationTree.clickButton(NavigationTree.java:95)
at utilities.NavigationTree.clickButton(NavigationTree.java:95)
at utilities.NavigationTree.clickButton(NavigationTree.java:95)
at utilities.NavigationTree.clickButton(NavigationTree.java:95)
at utilities.NavigationTree.clickButton(NavigationTree.java:95)
at utilities.NavigationTree.clickButton(NavigationTree.java:95)
at utilities.NavigationTree.clickButton(NavigationTree.java:95)
at utilities.NavigationTree.clickButton(NavigationTree.java:95)
at utilities.NavigationTree.clickButton(NavigationTree.java:95)
at utilities.NavigationTree.clickButton(NavigationTree.java:95)
at utilities.NavigationTree.clickButton(NavigationTree.java:95)
at utilities.NavigationTree.clickButton(NavigationTree.java:95)
at utilities.NavigationTree.clickButton(NavigationTree.java:95)
at utilities.NavigationTree.clickButton(NavigationTree.java:95)
at utilities.NavigationTree.clickButton(NavigationTree.java:95)
at utilities.NavigationTree.clickButton(NavigationTree.java:95)
at utilities.NavigationTree.clickButton(NavigationTree.java:95)
at utilities.NavigationTree.clickButton(NavigationTree.java:95)
at utilities.NavigationTree.clickButton(NavigationTree.java:95)
at utilities.NavigationTree.clickButton(NavigationTree.java:95)
at utilities.NavigationTree.clickButton(NavigationTree.java:95)
at utilities.NavigationTree.clickButton(NavigationTree.java:95)
at utilities.NavigationTree.clickButton(NavigationTree.java:95)
at utilities.NavigationTree.clickButton(NavigationTree.java:95)
at utilities.NavigationTree.clickButton(NavigationTree.java:95)
at utilities.NavigationTree.clickButton(NavigationTree.java:95)
at utilities.NavigationTree.clickButton(NavigationTree.java:95)
at utilities.NavigationTree.clickButton(NavigationTree.java:95)
at utilities.NavigationTree.clickButton(NavigationTree.java:95)
at utilities.NavigationTree.clickButton(NavigationTree.java:95)
at utilities.NavigationTree.clickButton(NavigationTree.java:95)
at utilities.NavigationTree.clickButton(NavigationTree.java:95)
at utilities.NavigationTree.clickButton(NavigationTree.java:95)
at utilities.NavigationTree.clickButton(NavigationTree.java:95)
at utilities.NavigationTree.clickButton(NavigationTree.java:95)
at utilities.NavigationTree.clickButton(NavigationTree.java:95)
at utilities.NavigationTree.clickButton(NavigationTree.java:95)
at utilities.NavigationTree.clickButton(NavigationTree.java:95)
at utilities.NavigationTree.clickButton(NavigationTree.java:95)
at utilities.NavigationTree.clickButton(NavigationTree.java:95)
at utilities.NavigationTree.clickButton(NavigationTree.java:95)
at utilities.NavigationTree.clickButton(NavigationTree.java:95)
at utilities.NavigationTree.clickButton(NavigationTree.java:95)
at utilities.NavigationTree.clickButton(NavigationTree.java:95)
at utilities.NavigationTree.clickButton(NavigationTree.java:95)
at utilities.NavigationTree.clickButton(NavigationTree.java:95)
at utilities.NavigationTree.clickButton(NavigationTree.java:95)
at utilities.NavigationTree.clickButton(NavigationTree.java:95)
at utilities.NavigationTree.clickButton(NavigationTree.java:95)
at utilities.NavigationTree.clickButton(NavigationTree.java:95)
at utilities.NavigationTree.clickButton(NavigationTree.java:95)
at utilities.NavigationTree.clickButton(NavigationTree.java:95)
at utilities.NavigationTree.clickButton(NavigationTree.java:95)
at utilities.NavigationTree.clickButton(NavigationTree.java:95)
at utilities.NavigationTree.clickButton(NavigationTree.java:95)
at utilities.NavigationTree.clickButton(NavigationTree.java:95)
at utilities.NavigationTree.clickButton(NavigationTree.java:95)
at utilities.NavigationTree.clickButton(NavigationTree.java:95)
at utilities.NavigationTree.clickButton(NavigationTree.java:95)
at utilities.NavigationTree.clickButton(NavigationTree.java:95)
at utilities.NavigationTree.clickButton(NavigationTree.java:95)
at utilities.NavigationTree.clickButton(NavigationTree.java:95)
at utilities.NavigationTree.clickButton(NavigationTree.java:95)
[...]
            </message>
            <full-stacktrace>
              <![CDATA[java.lang.Throwable: Method TestNavigation.sendAsPermissions()[pri:0, instance:testcases.TestNavigation@51dcb805] depends on not successfully finished methods
at org.testng.internal.Invoker.invokeTestMethods(Invoker.java:887)
at org.testng.internal.TestMethodWorker.invokeTestMethods(TestMethodWorker.java:125)
at org.testng.internal.TestMethodWorker.run(TestMethodWorker.java:109)
at org.testng.TestRunner.privateRun(TestRunner.java:648)
at org.testng.TestRunner.run(TestRunner.java:505)
at org.testng.SuiteRunner.runTest(SuiteRunner.java:455)
at org.testng.SuiteRunner.runSequentially(SuiteRunner.java:450)
at org.testng.SuiteRunner.privateRun(SuiteRunner.java:415)
at org.testng.SuiteRunner.run(SuiteRunner.java:364)
at org.testng.SuiteRunnerWorker.runSuite(SuiteRunnerWorker.java:52)
at org.testng.SuiteRunnerWorker.run(SuiteRunnerWorker.java:84)
at org.testng.TestNG.runSuitesSequentially(TestNG.java:1208)
at org.testng.TestNG.runSuitesLocally(TestNG.java:1137)
at org.testng.TestNG.runSuites(TestNG.java:1049)
at org.testng.TestNG.run(TestNG.java:1017)
at org.testng.remote.AbstractRemoteTestNG.run(AbstractRemoteTestNG.java:114)
at org.testng.remote.RemoteTestNG.initAndRun(RemoteTestNG.java:251)
at org.testng.remote.RemoteTestNG.main(RemoteTestNG.java:77)
]]>
            </full-stacktrace>
          </exception> <!-- java.lang.Throwable -->
          <reporter-output>
          </reporter-output>
        </test-method> <!-- sendAsPermissions -->
        <test-method signature="spam()[pri:0, instance:testcases.TestNavigation@51dcb805]" started-at="2018-05-24T12:00:46Z" name="spam" finished-at="2018-05-24T12:00:46Z" depends-on-methods="testcases.TestNavigation.exchange" duration-ms="1" status="SKIP">
          <exception class="java.lang.Throwable">
            <message>
              <![CDATA[Method TestNavigation.spam()[pri:0, instance:testcases.TestNavigation@51dcb805] depends on not successfully finished methods]]>
            </message>
            <full-stacktrace>
              <![CDATA[java.lang.Throwable: Method TestNavigation.spam()[pri:0, instance:testcases.TestNavigation@51dcb805] depends on not successfully finished methods
at org.testng.internal.Invoker.invokeTestMethods(Invoker.java:887)
at org.testng.internal.TestMethodWorker.invokeTestMethods(TestMethodWorker.java:125)
at org.testng.internal.TestMethodWorker.run(TestMethodWorker.java:109)
at org.testng.TestRunner.privateRun(TestRunner.java:648)
at org.testng.TestRunner.run(TestRunner.java:505)
at org.testng.SuiteRunner.runTest(SuiteRunner.java:455)
at org.testng.SuiteRunner.runSequentially(SuiteRunner.java:450)
at org.testng.SuiteRunner.privateRun(SuiteRunner.java:415)
at org.testng.SuiteRunner.run(SuiteRunner.java:364)
at org.testng.SuiteRunnerWorker.runSuite(SuiteRunnerWorker.java:52)
at org.testng.SuiteRunnerWorker.run(SuiteRunnerWorker.java:84)
at org.testng.TestNG.runSuitesSequentially(TestNG.java:1208)
at org.testng.TestNG.runSuitesLocally(TestNG.java:1137)
at org.testng.TestNG.runSuites(TestNG.java:1049)
at org.testng.TestNG.run(TestNG.java:1017)
at org.testng.remote.AbstractRemoteTestNG.run(AbstractRemoteTestNG.java:114)
at org.testng.remote.RemoteTestNG.initAndRun(RemoteTestNG.java:251)
at org.testng.remote.RemoteTestNG.main(RemoteTestNG.java:77)
]]>
            </full-stacktrace>
          </exception> <!-- java.lang.Throwable -->
          <reporter-output>
          </reporter-output>
        </test-method> <!-- spam -->
        <test-method is-config="true" signature="reload()[pri:0, instance:testcases.TestNavigation@51dcb805]" started-at="2018-05-24T12:00:46Z" name="reload" finished-at="2018-05-24T12:00:46Z" duration-ms="702" status="PASS">
          <reporter-output>
          </reporter-output>
        </test-method> <!-- reload -->
        <test-method signature="createDistributionList()[pri:0, instance:testcases.TestNavigation@51dcb805]" started-at="2018-05-24T12:00:46Z" name="createDistributionList" finished-at="2018-05-24T12:00:53Z" depends-on-methods="testcases.TestNavigation.emailMailbox" duration-ms="6288" status="PASS">
          <reporter-output>
          </reporter-output>
        </test-method> <!-- createDistributionList -->
        <test-method is-config="true" signature="reload()[pri:0, instance:testcases.TestNavigation@51dcb805]" started-at="2018-05-24T12:00:53Z" name="reload" finished-at="2018-05-24T12:00:53Z" duration-ms="414" status="PASS">
          <reporter-output>
          </reporter-output>
        </test-method> <!-- reload -->
        <test-method signature="createEmailIntoFolder()[pri:0, instance:testcases.TestNavigation@51dcb805]" started-at="2018-05-24T12:00:53Z" name="createEmailIntoFolder" finished-at="2018-05-24T12:00:58Z" depends-on-methods="testcases.TestNavigation.emailMailbox" duration-ms="5212" status="PASS">
          <reporter-output>
          </reporter-output>
        </test-method> <!-- createEmailIntoFolder -->
        <test-method is-config="true" signature="reload()[pri:0, instance:testcases.TestNavigation@51dcb805]" started-at="2018-05-24T12:00:58Z" name="reload" finished-at="2018-05-24T12:00:59Z" duration-ms="506" status="PASS">
          <reporter-output>
          </reporter-output>
        </test-method> <!-- reload -->
        <test-method signature="createSharedMailbox()[pri:0, instance:testcases.TestNavigation@51dcb805]" started-at="2018-05-24T12:00:59Z" name="createSharedMailbox" finished-at="2018-05-24T12:01:04Z" depends-on-methods="testcases.TestNavigation.emailMailbox" duration-ms="4953" status="PASS">
          <reporter-output>
          </reporter-output>
        </test-method> <!-- createSharedMailbox -->
        <test-method is-config="true" signature="reload()[pri:0, instance:testcases.TestNavigation@51dcb805]" started-at="2018-05-24T12:01:04Z" name="reload" finished-at="2018-05-24T12:01:04Z" duration-ms="520" status="PASS">
          <reporter-output>
          </reporter-output>
        </test-method> <!-- reload -->
        <test-method signature="deleteSharedMailbox()[pri:0, instance:testcases.TestNavigation@51dcb805]" started-at="2018-05-24T12:01:04Z" name="deleteSharedMailbox" finished-at="2018-05-24T12:01:10Z" depends-on-methods="testcases.TestNavigation.emailMailbox" duration-ms="5467" status="PASS">
          <reporter-output>
          </reporter-output>
        </test-method> <!-- deleteSharedMailbox -->
        <test-method is-config="true" signature="reload()[pri:0, instance:testcases.TestNavigation@51dcb805]" started-at="2018-05-24T12:01:10Z" name="reload" finished-at="2018-05-24T12:01:10Z" duration-ms="451" status="PASS">
          <reporter-output>
          </reporter-output>
        </test-method> <!-- reload -->
        <test-method signature="disableSharedMailbox()[pri:0, instance:testcases.TestNavigation@51dcb805]" started-at="2018-05-24T12:01:10Z" name="disableSharedMailbox" finished-at="2018-05-24T12:01:16Z" depends-on-methods="testcases.TestNavigation.emailMailbox" duration-ms="5295" status="PASS">
          <reporter-output>
          </reporter-output>
        </test-method> <!-- disableSharedMailbox -->
        <test-method is-config="true" signature="reload()[pri:0, instance:testcases.TestNavigation@51dcb805]" started-at="2018-05-24T12:01:16Z" name="reload" finished-at="2018-05-24T12:01:16Z" duration-ms="471" status="PASS">
          <reporter-output>
          </reporter-output>
        </test-method> <!-- reload -->
        <test-method signature="grantSharedMailboxAccess()[pri:0, instance:testcases.TestNavigation@51dcb805]" started-at="2018-05-24T12:01:16Z" name="grantSharedMailboxAccess" finished-at="2018-05-24T12:01:22Z" depends-on-methods="testcases.TestNavigation.emailMailbox" duration-ms="5918" status="PASS">
          <reporter-output>
          </reporter-output>
        </test-method> <!-- grantSharedMailboxAccess -->
        <test-method is-config="true" signature="reload()[pri:0, instance:testcases.TestNavigation@51dcb805]" started-at="2018-05-24T12:01:22Z" name="reload" finished-at="2018-05-24T12:01:22Z" duration-ms="464" status="PASS">
          <reporter-output>
          </reporter-output>
        </test-method> <!-- reload -->
        <test-method signature="grantUserMailboxAccess()[pri:0, instance:testcases.TestNavigation@51dcb805]" started-at="2018-05-24T12:01:22Z" name="grantUserMailboxAccess" finished-at="2018-05-24T12:01:28Z" depends-on-methods="testcases.TestNavigation.emailMailbox" duration-ms="5507" status="PASS">
          <reporter-output>
          </reporter-output>
        </test-method> <!-- grantUserMailboxAccess -->
        <test-method is-config="true" signature="reload()[pri:0, instance:testcases.TestNavigation@51dcb805]" started-at="2018-05-24T12:01:28Z" name="reload" finished-at="2018-05-24T12:01:28Z" duration-ms="508" status="PASS">
          <reporter-output>
          </reporter-output>
        </test-method> <!-- reload -->
        <test-method signature="modifyExistingMailbox()[pri:0, instance:testcases.TestNavigation@51dcb805]" started-at="2018-05-24T12:01:28Z" name="modifyExistingMailbox" finished-at="2018-05-24T12:01:34Z" depends-on-methods="testcases.TestNavigation.emailMailbox" duration-ms="5238" status="PASS">
          <reporter-output>
          </reporter-output>
        </test-method> <!-- modifyExistingMailbox -->
        <test-method is-config="true" signature="reload()[pri:0, instance:testcases.TestNavigation@51dcb805]" started-at="2018-05-24T12:01:34Z" name="reload" finished-at="2018-05-24T12:01:34Z" duration-ms="671" status="PASS">
          <reporter-output>
          </reporter-output>
        </test-method> <!-- reload -->
        <test-method signature="otherEmailRequest()[pri:0, instance:testcases.TestNavigation@51dcb805]" started-at="2018-05-24T12:01:34Z" name="otherEmailRequest" finished-at="2018-05-24T12:01:39Z" depends-on-methods="testcases.TestNavigation.emailMailbox" duration-ms="4880" status="FAIL">
          <exception class="java.lang.AssertionError">
            <message>
              <![CDATA[expected [true] but found [false]]]>
            </message>
            <full-stacktrace>
              <![CDATA[java.lang.AssertionError: expected [true] but found [false]
at org.testng.Assert.fail(Assert.java:96)
at org.testng.Assert.failNotEquals(Assert.java:776)
at org.testng.Assert.assertEqualsImpl(Assert.java:137)
at org.testng.Assert.assertEquals(Assert.java:118)
at org.testng.Assert.assertEquals(Assert.java:568)
at org.testng.Assert.assertEquals(Assert.java:578)
at testcases.TestNavigation.otherEmailRequest(TestNavigation.java:458)
at java.base/jdk.internal.reflect.NativeMethodAccessorImpl.invoke0(Native Method)
at java.base/jdk.internal.reflect.NativeMethodAccessorImpl.invoke(Unknown Source)
at java.base/jdk.internal.reflect.DelegatingMethodAccessorImpl.invoke(Unknown Source)
at java.base/java.lang.reflect.Method.invoke(Unknown Source)
at org.testng.internal.MethodInvocationHelper.invokeMethod(MethodInvocationHelper.java:124)
at org.testng.internal.Invoker.invokeMethod(Invoker.java:580)
at org.testng.internal.Invoker.invokeTestMethod(Invoker.java:716)
at org.testng.internal.Invoker.invokeTestMethods(Invoker.java:988)
at org.testng.internal.TestMethodWorker.invokeTestMethods(TestMethodWorker.java:125)
at org.testng.internal.TestMethodWorker.run(TestMethodWorker.java:109)
at org.testng.TestRunner.privateRun(TestRunner.java:648)
at org.testng.TestRunner.run(TestRunner.java:505)
at org.testng.SuiteRunner.runTest(SuiteRunner.java:455)
at org.testng.SuiteRunner.runSequentially(SuiteRunner.java:450)
at org.testng.SuiteRunner.privateRun(SuiteRunner.java:415)
at org.testng.SuiteRunner.run(SuiteRunner.java:364)
at org.testng.SuiteRunnerWorker.runSuite(SuiteRunnerWorker.java:52)
at org.testng.SuiteRunnerWorker.run(SuiteRunnerWorker.java:84)
at org.testng.TestNG.runSuitesSequentially(TestNG.java:1208)
at org.testng.TestNG.runSuitesLocally(TestNG.java:1137)
at org.testng.TestNG.runSuites(TestNG.java:1049)
at org.testng.TestNG.run(TestNG.java:1017)
at org.testng.remote.AbstractRemoteTestNG.run(AbstractRemoteTestNG.java:114)
at org.testng.remote.RemoteTestNG.initAndRun(RemoteTestNG.java:251)
at org.testng.remote.RemoteTestNG.main(RemoteTestNG.java:77)
]]>
            </full-stacktrace>
          </exception> <!-- java.lang.AssertionError -->
          <reporter-output>
          </reporter-output>
        </test-method> <!-- otherEmailRequest -->
        <test-method is-config="true" signature="reload()[pri:0, instance:testcases.TestNavigation@51dcb805]" started-at="2018-05-24T12:01:39Z" name="reload" finished-at="2018-05-24T12:01:40Z" duration-ms="362" status="PASS">
          <reporter-output>
          </reporter-output>
        </test-method> <!-- reload -->
        <test-method signature="registerNewDomain()[pri:0, instance:testcases.TestNavigation@51dcb805]" started-at="2018-05-24T12:01:40Z" name="registerNewDomain" finished-at="2018-05-24T12:01:45Z" depends-on-methods="testcases.TestNavigation.emailMailbox" duration-ms="5625" status="PASS">
          <reporter-output>
          </reporter-output>
        </test-method> <!-- registerNewDomain -->
        <test-method is-config="true" signature="reload()[pri:0, instance:testcases.TestNavigation@51dcb805]" started-at="2018-05-24T12:01:45Z" name="reload" finished-at="2018-05-24T12:01:46Z" duration-ms="518" status="PASS">
          <reporter-output>
          </reporter-output>
        </test-method> <!-- reload -->
        <test-method signature="revokeSharedMailbox()[pri:0, instance:testcases.TestNavigation@51dcb805]" started-at="2018-05-24T12:01:46Z" name="revokeSharedMailbox" finished-at="2018-05-24T12:01:51Z" depends-on-methods="testcases.TestNavigation.emailMailbox" duration-ms="4822" status="FAIL">
          <exception class="java.lang.AssertionError">
            <message>
              <![CDATA[expected [true] but found [false]]]>
            </message>
            <full-stacktrace>
              <![CDATA[java.lang.AssertionError: expected [true] but found [false]
at org.testng.Assert.fail(Assert.java:96)
at org.testng.Assert.failNotEquals(Assert.java:776)
at org.testng.Assert.assertEqualsImpl(Assert.java:137)
at org.testng.Assert.assertEquals(Assert.java:118)
at org.testng.Assert.assertEquals(Assert.java:568)
at org.testng.Assert.assertEquals(Assert.java:578)
at testcases.TestNavigation.revokeSharedMailbox(TestNavigation.java:364)
at java.base/jdk.internal.reflect.NativeMethodAccessorImpl.invoke0(Native Method)
at java.base/jdk.internal.reflect.NativeMethodAccessorImpl.invoke(Unknown Source)
at java.base/jdk.internal.reflect.DelegatingMethodAccessorImpl.invoke(Unknown Source)
at java.base/java.lang.reflect.Method.invoke(Unknown Source)
at org.testng.internal.MethodInvocationHelper.invokeMethod(MethodInvocationHelper.java:124)
at org.testng.internal.Invoker.invokeMethod(Invoker.java:580)
at org.testng.internal.Invoker.invokeTestMethod(Invoker.java:716)
at org.testng.internal.Invoker.invokeTestMethods(Invoker.java:988)
at org.testng.internal.TestMethodWorker.invokeTestMethods(TestMethodWorker.java:125)
at org.testng.internal.TestMethodWorker.run(TestMethodWorker.java:109)
at org.testng.TestRunner.privateRun(TestRunner.java:648)
at org.testng.TestRunner.run(TestRunner.java:505)
at org.testng.SuiteRunner.runTest(SuiteRunner.java:455)
at org.testng.SuiteRunner.runSequentially(SuiteRunner.java:450)
at org.testng.SuiteRunner.privateRun(SuiteRunner.java:415)
at org.testng.SuiteRunner.run(SuiteRunner.java:364)
at org.testng.SuiteRunnerWorker.runSuite(SuiteRunnerWorker.java:52)
at org.testng.SuiteRunnerWorker.run(SuiteRunnerWorker.java:84)
at org.testng.TestNG.runSuitesSequentially(TestNG.java:1208)
at org.testng.TestNG.runSuitesLocally(TestNG.java:1137)
at org.testng.TestNG.runSuites(TestNG.java:1049)
at org.testng.TestNG.run(TestNG.java:1017)
at org.testng.remote.AbstractRemoteTestNG.run(AbstractRemoteTestNG.java:114)
at org.testng.remote.RemoteTestNG.initAndRun(RemoteTestNG.java:251)
at org.testng.remote.RemoteTestNG.main(RemoteTestNG.java:77)
]]>
            </full-stacktrace>
          </exception> <!-- java.lang.AssertionError -->
          <reporter-output>
          </reporter-output>
        </test-method> <!-- revokeSharedMailbox -->
        <test-method is-config="true" signature="reload()[pri:0, instance:testcases.TestNavigation@51dcb805]" started-at="2018-05-24T12:01:51Z" name="reload" finished-at="2018-05-24T12:01:51Z" duration-ms="474" status="PASS">
          <reporter-output>
          </reporter-output>
        </test-method> <!-- reload -->
        <test-method signature="unlockAccount()[pri:0, instance:testcases.TestNavigation@51dcb805]" started-at="2018-05-24T12:01:51Z" name="unlockAccount" finished-at="2018-05-24T12:01:55Z" depends-on-methods="testcases.TestNavigation.activeDirectory" duration-ms="3783" status="PASS">
          <reporter-output>
          </reporter-output>
        </test-method> <!-- unlockAccount -->
        <test-method is-config="true" signature="reload()[pri:0, instance:testcases.TestNavigation@51dcb805]" started-at="2018-05-24T12:01:55Z" name="reload" finished-at="2018-05-24T12:01:55Z" duration-ms="574" status="PASS">
          <reporter-output>
          </reporter-output>
        </test-method> <!-- reload -->
        <test-method signature="badPerformance()[pri:0, instance:testcases.TestNavigation@51dcb805]" started-at="2018-05-24T12:01:55Z" name="badPerformance" finished-at="2018-05-24T12:01:59Z" depends-on-methods="testcases.TestNavigation.vPN" duration-ms="3991" status="PASS">
          <reporter-output>
          </reporter-output>
        </test-method> <!-- badPerformance -->
        <test-method is-config="true" signature="reload()[pri:0, instance:testcases.TestNavigation@51dcb805]" started-at="2018-05-24T12:01:59Z" name="reload" finished-at="2018-05-24T12:02:00Z" duration-ms="479" status="PASS">
          <reporter-output>
          </reporter-output>
        </test-method> <!-- reload -->
        <test-method signature="otherVPN()[pri:0, instance:testcases.TestNavigation@51dcb805]" started-at="2018-05-24T12:02:00Z" name="otherVPN" finished-at="2018-05-24T12:02:05Z" depends-on-methods="testcases.TestNavigation.vPN" duration-ms="4694" status="PASS">
          <reporter-output>
          </reporter-output>
        </test-method> <!-- otherVPN -->
        <test-method is-config="true" signature="reload()[pri:0, instance:testcases.TestNavigation@51dcb805]" started-at="2018-05-24T12:02:05Z" name="reload" finished-at="2018-05-24T12:02:05Z" duration-ms="447" status="PASS">
          <reporter-output>
          </reporter-output>
        </test-method> <!-- reload -->
        <test-method signature="unableLogin()[pri:0, instance:testcases.TestNavigation@51dcb805]" started-at="2018-05-24T12:02:05Z" name="unableLogin" finished-at="2018-05-24T12:02:19Z" depends-on-methods="testcases.TestNavigation.vPN" duration-ms="14150" status="PASS">
          <reporter-output>
          </reporter-output>
        </test-method> <!-- unableLogin -->
        <test-method is-config="true" signature="reload()[pri:0, instance:testcases.TestNavigation@51dcb805]" started-at="2018-05-24T12:02:19Z" name="reload" finished-at="2018-05-24T12:02:20Z" duration-ms="528" status="PASS">
          <reporter-output>
          </reporter-output>
        </test-method> <!-- reload -->
        <test-method signature="virusFound()[pri:0, instance:testcases.TestNavigation@51dcb805]" started-at="2018-05-24T12:02:20Z" name="virusFound" finished-at="2018-05-24T12:02:24Z" depends-on-methods="testcases.TestNavigation.antivirus" duration-ms="4058" status="PASS">
          <reporter-output>
          </reporter-output>
        </test-method> <!-- virusFound -->
      </class> <!-- testcases.TestNavigation -->
    </test> <!-- Default test -->
  </suite> <!-- Default suite -->
</testng-results>
